https://pets.ettoday.net/news/1615540
https://pets.ettoday.net/news/1613128
https://pets.ettoday.net/news/1615525
https://speed.ettoday.net/news/1615546
https://speed.ettoday.net/news/1615540
https://speed.ettoday.net/news/1615531
https://speed.ettoday.net/news/1615525
https://speed.ettoday.net/news/1613128
https://speed.ettoday.net/news/1617353
https://speed.ettoday.net/news/1616942
https://speed.ettoday.net/news/1616622
https://speed.ettoday.net/news/1617756
https://speed.ettoday.net/news/1617964
https://speed.ettoday.net/news/1617869
https://speed.ettoday.net/news/1617533
https://speed.ettoday.net/news/1617505
https://www.facebook.com/BearAndPD/
https://speed.ettoday.net/news/1619279
https://speed.ettoday.net/news/1619275
https://speed.ettoday.net/news/1619236
https://speed.ettoday.net/news/1619605
https://speed.ettoday.net/news/1618931
https://speed.ettoday.net/news/1617726
https://speed.ettoday.net/news/1617498
https://speed.ettoday.net/news/1616282
https://speed.ettoday.net/news/1616152
https://speed.ettoday.net/news/1616039
https://speed.ettoday.net/news/1615855
https://speed.ettoday.net/news/1615913
https://pets.ettoday.net/news/1612840
https://pets.ettoday.net/news/1612837
https://speed.ettoday.net/news/1612998
https://speed.ettoday.net/news/1612840
https://speed.ettoday.net/news/1612837
https://speed.ettoday.net/news/1612279
https://speed.ettoday.net/news/1612488
https://speed.ettoday.net/news/1613697
https://speed.ettoday.net/news/1609668
https://speed.ettoday.net/news/1608412
https://speed.ettoday.net/news/1607870
https://speed.ettoday.net/news/1607682
https://speed.ettoday.net/news/1695498
https://speed.ettoday.net/news/1620668
https://speed.ettoday.net/news/1620630
https://speed.ettoday.net/news/1620625
https://speed.ettoday.net/news/1620615
https://speed.ettoday.net/news/1620413
https://speed.ettoday.net/news/1620414
https://speed.ettoday.net/news/1620397
https://speed.ettoday.net/news/1620377
https://speed.ettoday.net/news/1623479
https://speed.ettoday.net/news/1623485
https://speed.ettoday.net/news/1623465
https://speed.ettoday.net/news/1623460
https://speed.ettoday.net/news/1623454
https://speed.ettoday.net/news/1623342
https://speed.ettoday.net/news/1623211
https://speed.ettoday.net/news/1623545
https://speed.ettoday.net/news/1623535
https://speed.ettoday.net/news/1623528
https://speed.ettoday.net/news/1623536
https://speed.ettoday.net/news/1623526
https://speed.ettoday.net/news/1623098
https://speed.ettoday.net/news/1622942
https://speed.ettoday.net/news/1618542
https://speed.ettoday.net/news/1618764
https://speed.ettoday.net/news/1616770
https://speed.ettoday.net/news/1616587
https://speed.ettoday.net/news/1619480
https://speed.ettoday.net/news/1619514
https://speed.ettoday.net/news/1618767
https://speed.ettoday.net/news/1617676
https://speed.ettoday.net/news/1617308
https://speed.ettoday.net/news/1618962
https://speed.ettoday.net/news/1618515
https://speed.ettoday.net/news/1618441
https://speed.ettoday.net/news/1619521
https://speed.ettoday.net/news/1619426
https://speed.ettoday.net/news/1618688
https://speed.ettoday.net/news/1618613
https://speed.ettoday.net/news/1617373
https://speed.ettoday.net/news/1615672
https://speed.ettoday.net/news/1617370
https://speed.ettoday.net/news/1616849
https://speed.ettoday.net/news/1615201
https://speed.ettoday.net/news/1615053
https://speed.ettoday.net/news/1614592
https://speed.ettoday.net/news/1615949
https://speed.ettoday.net/news/1615639
https://speed.ettoday.net/news/1613839
https://speed.ettoday.net/news/1616480
https://speed.ettoday.net/news/1613822
https://speed.ettoday.net/news/1615562
https://speed.ettoday.net/news/1617066
https://speed.ettoday.net/news/1616948
https://speed.ettoday.net/news/1616055
https://speed.ettoday.net/news/1613868
https://speed.ettoday.net/news/1611989
https://speed.ettoday.net/news/1611859
https://speed.ettoday.net/news/1610352
https://speed.ettoday.net/news/1609411
https://speed.ettoday.net/news/1619667
https://speed.ettoday.net/news/1619431
https://speed.ettoday.net/news/1618930
https://speed.ettoday.net/news/1517728
https://speed.ettoday.net/news/1616651
https://speed.ettoday.net/news/1558852
https://speed.ettoday.net/news/1561104
https://speed.ettoday.net/news/1618976
https://speed.ettoday.net/news/1618816
https://speed.ettoday.net/news/1599217
https://speed.ettoday.net/news/1594675
https://speed.ettoday.net/news/1591255
https://speed.ettoday.net/news/1589650
https://speed.ettoday.net/news/1586381
https://speed.ettoday.net/news/1618244
https://speed.ettoday.net/news/1618157
https://speed.ettoday.net/news/1618161
https://speed.ettoday.net/news/1618095
https://speed.ettoday.net/news/1618116
https://speed.ettoday.net/news/1617394
https://speed.ettoday.net/news/1616965
https://speed.ettoday.net/news/1615650
https://speed.ettoday.net/news/1614357
https://speed.ettoday.net/news/1622173
https://speed.ettoday.net/news/1621321
https://speed.ettoday.net/news/1621131
https://speed.ettoday.net/news/1620350
https://speed.ettoday.net/news/1621027
https://speed.ettoday.net/news/1616554
https://speed.ettoday.net/news/1616542
https://speed.ettoday.net/news/1617774
https://speed.ettoday.net/news/1616694
https://speed.ettoday.net/news/1615064
https://speed.ettoday.net/news/1612777
https://speed.ettoday.net/news/1611629
https://speed.ettoday.net/news/1611380
https://speed.ettoday.net/news/1606330
https://speed.ettoday.net/news/1615025
https://speed.ettoday.net/news/1618180
https://speed.ettoday.net/news/1617387
https://speed.ettoday.net/news/1617287
https://speed.ettoday.net/news/1614752
https://speed.ettoday.net/news/1616921
https://speed.ettoday.net/news/1616804
https://speed.ettoday.net/news/1616698
https://speed.ettoday.net/news/1615655
https://speed.ettoday.net/news/1615410
https://speed.ettoday.net/news/1616240
https://speed.ettoday.net/news/1618267
https://speed.ettoday.net/news/1616974
https://speed.ettoday.net/news/1616797
https://speed.ettoday.net/news/1616108
https://speed.ettoday.net/news/1619006
https://speed.ettoday.net/news/1618869
https://speed.ettoday.net/news/1619440
https://speed.ettoday.net/news/1618715
/search.phtml?keyword=costco
https://speed.ettoday.net/news/1619190
https://speed.ettoday.net/news/1618990
https://speed.ettoday.net/news/1618454
https://speed.ettoday.net/news/1618747
https://speed.ettoday.net/news/1615950
https://speed.ettoday.net/news/1616465
https://speed.ettoday.net/news/1617790
https://speed.ettoday.net/news/1614016
/search.phtml?keyword=Dcard
https://speed.ettoday.net/news/1616484
https://speed.ettoday.net/news/1616118
https://speed.ettoday.net/news/1615625
https://speed.ettoday.net/news/1615924
https://speed.ettoday.net/news/1616217
https://speed.ettoday.net/news/1614054
https://speed.ettoday.net/news/1619715
https://speed.ettoday.net/news/1619484
https://speed.ettoday.net/news/1619183
https://speed.ettoday.net/news/1619178
https://speed.ettoday.net/news/1619166
https://speed.ettoday.net/news/1618783
https://speed.ettoday.net/news/1618368
https://speed.ettoday.net/news/1618423
https://speed.ettoday.net/news/1616605
https://speed.ettoday.net/news/1616120
https://speed.ettoday.net/news/1616138
https://speed.ettoday.net/news/1617274
https://speed.ettoday.net/news/1617112
https://speed.ettoday.net/news/1617116
https://speed.ettoday.net/news/1617109
https://speed.ettoday.net/news/1616790
https://speed.ettoday.net/news/1616367
https://speed.ettoday.net/news/1616019
https://speed.ettoday.net/news/1622897
https://speed.ettoday.net/news/1622898
https://speed.ettoday.net/news/1622881
https://speed.ettoday.net/news/1622882
https://speed.ettoday.net/news/1622883
https://speed.ettoday.net/news/1619980
https://speed.ettoday.net/news/1619936
https://speed.ettoday.net/news/1619952
https://speed.ettoday.net/news/1620194
https://speed.ettoday.net/news/1620182
https://speed.ettoday.net/news/1620167
https://speed.ettoday.net/news/1620088
https://speed.ettoday.net/news/1619945
https://speed.ettoday.net/news/1619943
https://speed.ettoday.net/news/1619015
https://speed.ettoday.net/news/1618948
https://speed.ettoday.net/news/1620886
https://speed.ettoday.net/news/1620884
https://speed.ettoday.net/news/1620866
https://speed.ettoday.net/news/1620883
https://speed.ettoday.net/news/1620874
https://speed.ettoday.net/news/1621342
https://speed.ettoday.net/news/1621337
https://speed.ettoday.net/news/1621334
https://speed.ettoday.net/news/1621318
https://speed.ettoday.net/news/1621326
https://speed.ettoday.net/news/1621095
https://speed.ettoday.net/news/1621081
https://speed.ettoday.net/news/1621061
https://speed.ettoday.net/news/1621058
https://speed.ettoday.net/news/1621059
https://speed.ettoday.net/news/1620898
https://speed.ettoday.net/news/1620657
https://speed.ettoday.net/news/1621023
https://speed.ettoday.net/news/1623436
https://speed.ettoday.net/news/1623442
https://speed.ettoday.net/news/1623431
https://speed.ettoday.net/news/1623435
https://speed.ettoday.net/news/1623427
https://speed.ettoday.net/news/1621077
https://speed.ettoday.net/news/1623262
https://speed.ettoday.net/news/1623245
https://speed.ettoday.net/news/1623333
https://speed.ettoday.net/news/1623334
https://speed.ettoday.net/news/1623330
https://speed.ettoday.net/news/1623320
https://speed.ettoday.net/news/1623322
https://speed.ettoday.net/news/1623255
https://speed.ettoday.net/news/1623459
https://speed.ettoday.net/news/1623443
https://speed.ettoday.net/news/1623444
https://speed.ettoday.net/news/1622239
https://speed.ettoday.net/news/1622217
https://speed.ettoday.net/news/1622205
https://speed.ettoday.net/news/1606447
https://speed.ettoday.net/news/1605068
https://speed.ettoday.net/news/1624401
https://speed.ettoday.net/news/1624425
https://speed.ettoday.net/news/1624320
https://speed.ettoday.net/news/1624395
https://speed.ettoday.net/news/1624409
https://speed.ettoday.net/news/1623241
https://speed.ettoday.net/news/1623231
https://speed.ettoday.net/news/1622979
https://speed.ettoday.net/news/1622945
https://speed.ettoday.net/news/1621343
https://speed.ettoday.net/news/1619303
https://speed.ettoday.net/news/1623228
https://speed.ettoday.net/news/1616637
https://speed.ettoday.net/news/1615400
https://speed.ettoday.net/news/1616328
https://speed.ettoday.net/news/1614681
https://speed.ettoday.net/news/1616360
https://speed.ettoday.net/news/1615573
https://speed.ettoday.net/news/1615681
https://speed.ettoday.net/news/1616516
https://speed.ettoday.net/news/1616125
https://speed.ettoday.net/news/1616028
https://speed.ettoday.net/news/1615995
https://speed.ettoday.net/news/1604514
https://speed.ettoday.net/news/1614548
https://speed.ettoday.net/news/1614687
https://speed.ettoday.net/news/1616563
https://speed.ettoday.net/news/1616392
https://speed.ettoday.net/news/1614243
https://speed.ettoday.net/news/1614200
https://speed.ettoday.net/news/1613303
https://speed.ettoday.net/news/1612210
/search.phtml?keyword=Sway
https://speed.ettoday.net/news/1631675
https://speed.ettoday.net/news/1629433
https://speed.ettoday.net/news/1630947
https://speed.ettoday.net/news/1629969
https://speed.ettoday.net/news/1630717
https://speed.ettoday.net/news/1613693
https://speed.ettoday.net/news/1613727
https://speed.ettoday.net/news/1613730
https://speed.ettoday.net/news/1585059
https://speed.ettoday.net/news/1567950
https://speed.ettoday.net/news/1613851
https://speed.ettoday.net/news/1613703
/search.phtml?keyword=Kith
https://speed.ettoday.net/news/1611669
https://speed.ettoday.net/news/1601588
https://speed.ettoday.net/news/1603875
https://speed.ettoday.net/news/1602638
https://speed.ettoday.net/news/1613467
https://speed.ettoday.net/news/1611410
https://speed.ettoday.net/news/1610952
https://speed.ettoday.net/news/1610997
https://speed.ettoday.net/news/1610835
/search.phtml?keyword=VogueTaiwan
https://speed.ettoday.net/news/1613778
https://speed.ettoday.net/news/1611880
https://speed.ettoday.net/news/1611874
/search.phtml?keyword=Dame6
https://speed.ettoday.net/news/1609348
https://speed.ettoday.net/news/1604923
https://speed.ettoday.net/news/1606396
https://speed.ettoday.net/news/1603150
/search.phtml?keyword=2019
https://speed.ettoday.net/news/1614271
https://speed.ettoday.net/news/1614227
https://cdn2.ettoday.net/images/4614/4614924.jpg
https://www.ettoday.net/news/20191231/1614274.htm
https://www.ettoday.net/news/20191231/1614192.htm
https://speed.ettoday.net/news/1614198
https://speed.ettoday.net/news/1614267
https://speed.ettoday.net/news/1614254
https://speed.ettoday.net/news/1614274
https://www.ptt.cc/bbs/Gossiping/M.1577716228.A.24E.html
https://speed.ettoday.net/news/1614190
https://www.instagram.com/yunyun____n/
https://is.gd/DSQIuW
https://speed.ettoday.net/news/1614298
https://speed.ettoday.net/news/1614332
https://speed.ettoday.net/news/1516241?redirect=1
/search.phtml?keyword=ETInfiniti
https://speed.ettoday.net/news/1516241
https://speed.ettoday.net/news/1506059
https://speed.ettoday.net/news/1572229
https://speed.ettoday.net/news/1572296
https://speed.ettoday.net/news/1571932
https://speed.ettoday.net/news/1513830
https://speed.ettoday.net/news/1513649
https://speed.ettoday.net/news/1513247
https://speed.ettoday.net/news/1511257
https://speed.ettoday.net/news/1511198
https://speed.ettoday.net/news/1511141
https://speed.ettoday.net/news/1515166
https://speed.ettoday.net/news/1514727
https://speed.ettoday.net/news/1514574
https://speed.ettoday.net/news/1515218
https://speed.ettoday.net/news/1504570
https://speed.ettoday.net/news/1503718
https://speed.ettoday.net/news/1502778
https://speed.ettoday.net/news/1504608
https://speed.ettoday.net/news/1504565
https://speed.ettoday.net/news/1506781
https://speed.ettoday.net/news/1506215
https://speed.ettoday.net/news/1506086
https://speed.ettoday.net/news/1504851
/search.phtml?keyword=ETDaihatsu
https://www.ettoday.net/news/20191224/1609606.htm
https://www.ettoday.net/news/20191224/1609608.htm
https://www.ettoday.net/news/20191224/1609584.htm
https://www.ettoday.net/news/20191224/1609536.htm
https://www.ettoday.net/news/20191224/1609460.htm
https://www.ettoday.net/news/20190102/1345978.htm
https://www.ettoday.net/news/20190102/1346236.htm
https://speed.ettoday.net/news/1611074
https://speed.ettoday.net/news/1611034
https://speed.ettoday.net/news/1610206
https://speed.ettoday.net/news/1609565
https://speed.ettoday.net/news/1609168
https://t.co/8IykjqN1ao
https://twitter.com/DailyMailUK/status/1210157080918843393?ref_src=twsrc%5Etfw
https://speed.ettoday.net/news/1611558
https://speed.ettoday.net/news/1611469
https://speed.ettoday.net/news/1611493
https://speed.ettoday.net/news/1610660
https://speed.ettoday.net/news/1610807
https://speed.ettoday.net/news/1610647
https://speed.ettoday.net/news/1611041
https://speed.ettoday.net/news/1611253
https://speed.ettoday.net/news/1610580
https://speed.ettoday.net/news/1613836
http://house.ettoday.net/news/1613693
http://house.ettoday.net/news/1614220
http://house.ettoday.net/news/1613851
https://speed.ettoday.net/news/1611700
https://speed.ettoday.net/news/1611788
https://speed.ettoday.net/news/1612519
https://speed.ettoday.net/news/1608973
https://speed.ettoday.net/news/1608457
https://fashion.ettoday.net/news/1611368
https://www.ettoday.net/news/20191222/1607795.htm
https://www.ettoday.net/news/20191220/1606510.htm
https://www.ettoday.net/news/20191223/1608357.htm
/search.phtml?keyword=X5
https://speed.ettoday.net/news/1612832
https://speed.ettoday.net/news/1612792
https://speed.ettoday.net/news/1612788
https://speed.ettoday.net/news/1612596
https://speed.ettoday.net/news/1612591
/search.phtml?keyword=Pixel 4a
https://speed.ettoday.net/news/1610833
https://speed.ettoday.net/news/1610772
https://speed.ettoday.net/news/1610112
https://speed.ettoday.net/news/1609093
https://news.webike.tw/2019/10/14/%e3%80%90%e8%a9%a6%e4%b9%98%e5%a0%b1%e5%91%8a%e3%80%91%e9%bb%83%e7%89%8c%e7%b4%9a%e8%b7%9d%e8%bb%8a%e6%ac%be%e7%84%a1%e5%b7%ae%e5%88%a5%e9%9b%86%e8%a9%95%ef%bc%81/
https://news.webike.tw/2019/06/10/%e7%95%b6%e6%96%b0%e7%94%9f%e4%bb%a3%e9%81%87%e4%b8%8a%e7%a5%9e%e8%a9%b1%e8%88%ac%e7%9a%84%e5%ad%98%e5%9c%a8%e3%80%8cz400%ef%bc%8fcb400sf%e3%80%8d/
/search.phtml?keyword=CB400SF
https://speed.ettoday.net/news/1610738
https://speed.ettoday.net/news/1609011
https://speed.ettoday.net/news/1608991
/search.phtml?keyword=Motorola
https://speed.ettoday.net/news/1612313
https://speed.ettoday.net/news/1611646
https://speed.ettoday.net/news/1611545
https://speed.ettoday.net/news/1610784
https://speed.ettoday.net/news/1588266
/search.phtml?keyword=NCC
https://speed.ettoday.net/news/1598887
https://speed.ettoday.net/news/1598830
https://speed.ettoday.net/news/1598509
https://speed.ettoday.net/news/1598555
https://speed.ettoday.net/news/1598176
https://www.tigermobiles.com/xiaomi/
/search.phtml?keyword=Xiaomi
https://speed.ettoday.net/news/1597052
https://speed.ettoday.net/news/1594898
https://speed.ettoday.net/news/1592344
https://speed.ettoday.net/news/1590887
/search.phtml?keyword=Vivo
https://speed.ettoday.net/news/1593066
https://speed.ettoday.net/news/1592813
https://speed.ettoday.net/news/1592769
https://speed.ettoday.net/news/1592610
https://speed.ettoday.net/news/1592435
/search.phtml?keyword=iPhone
https://speed.ettoday.net/news/1589922
https://speed.ettoday.net/news/1589690
https://speed.ettoday.net/news/1589631
https://speed.ettoday.net/news/1589682
https://speed.ettoday.net/news/1589364
https://shopping.ettoday.net/categories/%E6%84%9B%E4%BD%A0%E6%84%9B%E5%A6%B3%E6%9C%83%E5%93%A1%E5%B0%88%E5%B1%AC%E5%8D%80
https://star.ettoday.net/news/1615061?redirect=1
https://www.ettoday.net/news/20191231/1614503.htm
https://www.ettoday.net/news/20191231/1614358.htm
https://www.ettoday.net/news/20191230/1613707.htm
https://speed.ettoday.net/news/1615076
https://speed.ettoday.net/news/1614996
https://www.ettoday.net/news/20200101/1614907.htm
https://www.ettoday.net/news/20200101/1615003.htm
https://speed.ettoday.net/news/1615357
https://speed.ettoday.net/news/1615317
https://speed.ettoday.net/news/1615272
https://speed.ettoday.net/news/1615275
/search.phtml?keyword=2020
https://speed.ettoday.net/news/1614587
https://speed.ettoday.net/news/1614168
https://speed.ettoday.net/news/1614132
https://speed.ettoday.net/news/1612751
https://speed.ettoday.net/news/1615129
https://speed.ettoday.net/news/1615142
https://speed.ettoday.net/news/1615084
https://star.ettoday.net/news/1614911?redirect=1
https://star.ettoday.net/news/1614909?redirect=1
https://speed.ettoday.net/news/1615171
https://speed.ettoday.net/news/1615195
https://speed.ettoday.net/news/1615165
https://speed.ettoday.net/news/1620731
https://speed.ettoday.net/news/1620688
https://speed.ettoday.net/news/1620583
https://speed.ettoday.net/news/1620561
https://speed.ettoday.net/news/1620428
https://speed.ettoday.net/news/1612474
https://speed.ettoday.net/news/1612317
https://speed.ettoday.net/news/1612444
https://speed.ettoday.net/news/1612309
https://speed.ettoday.net/news/1612005
https://speed.ettoday.net/news/1551409
https://speed.ettoday.net/news/1551231
https://speed.ettoday.net/news/1550179
/search.phtml?keyword=Marc
https://speed.ettoday.net/news/1550697
https://speed.ettoday.net/news/1550567
https://speed.ettoday.net/news/1549722
https://speed.ettoday.net/news/1558835
https://speed.ettoday.net/news/1558697
https://speed.ettoday.net/news/1558629
https://speed.ettoday.net/news/1558364
https://speed.ettoday.net/news/1557504
https://speed.ettoday.net/news/1558127
https://speed.ettoday.net/news/1558828
https://speed.ettoday.net/news/1558913
https://speed.ettoday.net/news/1558820
https://speed.ettoday.net/news/1558733
https://speed.ettoday.net/news/1558716
https://speed.ettoday.net/news/1557899
https://speed.ettoday.net/news/1557571
https://speed.ettoday.net/news/1559020
https://speed.ettoday.net/news/1557553
https://speed.ettoday.net/news/1557628
https://speed.ettoday.net/news/1557020
https://speed.ettoday.net/news/1557904
https://speed.ettoday.net/news/1557892
https://speed.ettoday.net/news/1495935
https://speed.ettoday.net/news/1499578
https://speed.ettoday.net/news/1503880
https://speed.ettoday.net/news/1476964
https://speed.ettoday.net/news/1543228
https://speed.ettoday.net/news/1543410
https://speed.ettoday.net/news/1543341
https://speed.ettoday.net/news/1542679
https://speed.ettoday.net/news/1519252
https://speed.ettoday.net/news/1441487
https://speed.ettoday.net/news/1528122
https://speed.ettoday.net/news/1528125
https://speed.ettoday.net/news/1574414
https://speed.ettoday.net/news/1574155
https://speed.ettoday.net/news/1573196
https://speed.ettoday.net/news/1575118
https://speed.ettoday.net/news/1573954
https://speed.ettoday.net/news/1573778
https://speed.ettoday.net/news/1574952
https://speed.ettoday.net/news/1575390
https://speed.ettoday.net/news/1574766
https://speed.ettoday.net/news/1574124
/search.phtml?keyword=Mike Pompeo
https://speed.ettoday.net/news/1572931
https://speed.ettoday.net/news/1483530
https://speed.ettoday.net/news/1571824
https://speed.ettoday.net/news/1575168
https://speed.ettoday.net/news/1575205
https://speed.ettoday.net/news/1574527
https://speed.ettoday.net/news/1569614
https://speed.ettoday.net/news/1572203
/search.phtml?keyword=PETA
https://speed.ettoday.net/news/1568453
https://speed.ettoday.net/news/1571827
https://speed.ettoday.net/news/1570692
https://speed.ettoday.net/news/1571152
https://speed.ettoday.net/news/1571245
/search.phtml?keyword=Zotye
https://speed.ettoday.net/news/1568377
https://speed.ettoday.net/news/1570607
https://speed.ettoday.net/news/1571076
https://speed.ettoday.net/news/1570852
https://speed.ettoday.net/news/1569834
https://speed.ettoday.net/news/1570563
https://speed.ettoday.net/news/1569954
https://speed.ettoday.net/news/1573193
/search.phtml?keyword=ETJaguar
https://speed.ettoday.net/news/1560442
https://speed.ettoday.net/news/1557844
https://speed.ettoday.net/news/1556807
https://speed.ettoday.net/news/1552647
https://speed.ettoday.net/news/1536017
https://speed.ettoday.net/news/1573031
https://speed.ettoday.net/news/1573439
/search.phtml?keyword=Flying Spur
https://speed.ettoday.net/news/1573003
https://speed.ettoday.net/news/1559428
https://speed.ettoday.net/news/1541288
https://speed.ettoday.net/news/1550608
https://speed.ettoday.net/news/1573238
https://speed.ettoday.net/news/1615678
https://speed.ettoday.net/news/1615492
https://speed.ettoday.net/news/1614765
https://speed.ettoday.net/news/1614575
https://speed.ettoday.net/news/1614327
https://speed.ettoday.net/news/1613790
/search.phtml?keyword=Robinmay
https://speed.ettoday.net/news/1605616
https://speed.ettoday.net/news/1602014
https://speed.ettoday.net/news/1543147
https://speed.ettoday.net/news/1410652
https://speed.ettoday.net/news/1492236
https://speed.ettoday.net/news/1357907
https://speed.ettoday.net/news/1609449
https://speed.ettoday.net/news/1606942
https://speed.ettoday.net/news/1609575
https://speed.ettoday.net/news/1609094
https://speed.ettoday.net/news/1608805
https://speed.ettoday.net/news/1609556
https://speed.ettoday.net/news/1607865
https://speed.ettoday.net/news/1609638
https://speed.ettoday.net/news/1609039
https://speed.ettoday.net/news/1608981
https://speed.ettoday.net/news/1608924
https://speed.ettoday.net/news/1608992
https://speed.ettoday.net/news/1609050
https://speed.ettoday.net/news/1608725
https://speed.ettoday.net/news/1602548
https://speed.ettoday.net/news/1602187
https://speed.ettoday.net/news/1599591
https://speed.ettoday.net/news/1608937
https://speed.ettoday.net/news/1607814
https://speed.ettoday.net/news/1607685
https://speed.ettoday.net/news/1606439
https://speed.ettoday.net/news/1606308
https://speed.ettoday.net/news/1607804
https://speed.ettoday.net/news/1608876
https://speed.ettoday.net/news/1608921
https://speed.ettoday.net/news/1608977
https://speed.ettoday.net/news/1608916
https://speed.ettoday.net/news/1603753
https://speed.ettoday.net/news/1603177
https://speed.ettoday.net/news/1602481
https://speed.ettoday.net/news/1599880
https://speed.ettoday.net/news/1597886
/search.phtml?keyword=SEROW 225
https://speed.ettoday.net/news/1605476
https://speed.ettoday.net/news/1603046
https://speed.ettoday.net/news/1601815
https://speed.ettoday.net/news/1606417
https://speed.ettoday.net/news/1606334
https://speed.ettoday.net/news/1606212
https://speed.ettoday.net/news/1606226
https://speed.ettoday.net/news/1606061
https://speed.ettoday.net/news/1440755
https://speed.ettoday.net/news/1438406
https://speed.ettoday.net/news/1600251
https://speed.ettoday.net/news/1600803
https://speed.ettoday.net/news/1581962
https://speed.ettoday.net/news/1603937
/search.phtml?keyword=ETVespa
https://speed.ettoday.net/news/1601817
https://speed.ettoday.net/news/1600236
https://speed.ettoday.net/news/1599763
https://speed.ettoday.net/news/1603416
https://speed.ettoday.net/news/1603530
https://speed.ettoday.net/news/1603411
https://speed.ettoday.net/news/1602872
/search.phtml?keyword=L:a Bruket
https://speed.ettoday.net/news/1600066
https://speed.ettoday.net/news/1602358
https://speed.ettoday.net/news/1600959
https://speed.ettoday.net/news/1601006
https://speed.ettoday.net/news/1601170
https://speed.ettoday.net/news/1600981
https://speed.ettoday.net/news/1600285
https://speed.ettoday.net/news/1599337
https://t.co/pe1CNB7KKz
https://twitter.com/TrumpWarRoom/status/1204869926256816128?ref_src=twsrc%5Etfw
https://www.ettoday.net/news/20190924/1541819.htm
https://www.ettoday.net/news/20191211/1599988.htm
https://speed.ettoday.net/news/1601361
https://speed.ettoday.net/news/1601134
https://speed.ettoday.net/news/1601298
https://speed.ettoday.net/news/1601234
https://speed.ettoday.net/news/1601162
https://speed.ettoday.net/news/1401676
https://speed.ettoday.net/news/1397782
https://speed.ettoday.net/news/1573793
https://speed.ettoday.net/news/1567755
https://speed.ettoday.net/news/1561660
https://twitter.com/toyota_europe/status/1192000295229886464
https://speed.ettoday.net/news/1228849
https://speed.ettoday.net/news/1427483
https://speed.ettoday.net/news/1287815
https://speed.ettoday.net/news/1573956
https://speed.ettoday.net/news/1573971
/search.phtml?keyword=Lego
https://speed.ettoday.net/news/1562559
https://speed.ettoday.net/news/1562117
https://speed.ettoday.net/news/1562037
https://speed.ettoday.net/news/1562360
https://speed.ettoday.net/news/1550084
https://speed.ettoday.net/news/1551696
https://speed.ettoday.net/news/1551821
https://speed.ettoday.net/news/1542412
https://speed.ettoday.net/news/1536009
https://speed.ettoday.net/news/1529069
https://speed.ettoday.net/news/1526615
https://speed.ettoday.net/news/1551816
https://speed.ettoday.net/news/1551805
https://speed.ettoday.net/news/1551779
https://speed.ettoday.net/news/1551746
https://speed.ettoday.net/news/1559921
https://speed.ettoday.net/news/1558429
https://speed.ettoday.net/news/1556343
https://speed.ettoday.net/news/1560614
https://speed.ettoday.net/news/1560962
https://speed.ettoday.net/news/1560466
https://speed.ettoday.net/news/1560612
https://speed.ettoday.net/news/1412535
https://speed.ettoday.net/news/1408955
https://speed.ettoday.net/news/1412153
https://speed.ettoday.net/news/1424088
https://speed.ettoday.net/news/1423615
https://speed.ettoday.net/news/1423204
https://speed.ettoday.net/news/1423398
https://speed.ettoday.net/news/1422823
https://speed.ettoday.net/news/1518398
https://speed.ettoday.net/news/1520502
https://speed.ettoday.net/news/1430627
https://speed.ettoday.net/news/1254815
https://speed.ettoday.net/news/1563945
https://speed.ettoday.net/news/1564711
https://speed.ettoday.net/news/1520991
https://speed.ettoday.net/news/1520982
https://speed.ettoday.net/news/1520699
https://speed.ettoday.net/news/1520631
https://speed.ettoday.net/news/1520608
https://speed.ettoday.net/news/1574685
https://speed.ettoday.net/news/1575720
https://speed.ettoday.net/news/1574419
https://speed.ettoday.net/news/1576560
https://speed.ettoday.net/news/1575716
https://speed.ettoday.net/news/1576001
https://speed.ettoday.net/news/1571371
https://speed.ettoday.net/news/1569629
https://speed.ettoday.net/news/1576319
https://www.facebook.com/groups/1677535039219906/
/search.phtml?keyword=Road King
https://speed.ettoday.net/news/1575976
https://speed.ettoday.net/news/1572223
https://speed.ettoday.net/news/1576766
https://speed.ettoday.net/news/1576587
https://speed.ettoday.net/news/1576495
https://www.ettoday.net/news/20191124/1586873.htm
https://www.ettoday.net/news/20191124/1586860.htm
https://www.ettoday.net/news/20191121/1585109.htm
https://www.ettoday.net/news/20191121/1584894.htm
https://www.ettoday.net/news/20200114/1625247.htm
https://www.ettoday.net/news/20200114/1624957.htm
https://www.ettoday.net/news/20200112/1623593.htm
/search.phtml?keyword=VITPILEN 701
https://speed.ettoday.net/news/1626161
https://speed.ettoday.net/news/1626288
https://speed.ettoday.net/news/1624371
https://speed.ettoday.net/news/1626177
https://speed.ettoday.net/news/1626047
https://speed.ettoday.net/news/1624834
https://speed.ettoday.net/news/1624271
https://speed.ettoday.net/news/1624434
https://speed.ettoday.net/news/1623328
https://speed.ettoday.net/news/1626509
https://speed.ettoday.net/news/1625565
https://speed.ettoday.net/news/1625050
https://speed.ettoday.net/news/1627322
https://speed.ettoday.net/news/1626718
https://speed.ettoday.net/news/1623240
https://speed.ettoday.net/news/1619618
https://speed.ettoday.net/news/1626448
https://speed.ettoday.net/news/1626060
https://speed.ettoday.net/news/1625561
https://speed.ettoday.net/news/1625104
https://speed.ettoday.net/news/1625040
https://speed.ettoday.net/news/1624842
/search.phtml?keyword=CLA45
https://speed.ettoday.net/news/1584924
https://speed.ettoday.net/news/1584989
https://speed.ettoday.net/news/1584488
https://speed.ettoday.net/news/1583458
https://speed.ettoday.net/news/1583433
https://speed.ettoday.net/news/1583521
https://speed.ettoday.net/news/1583709
https://speed.ettoday.net/news/1583418
/search.phtml?keyword=ARTC
https://speed.ettoday.net/news/1583514
https://speed.ettoday.net/news/1583359
https://speed.ettoday.net/news/1583368
https://speed.ettoday.net/news/1583097
/search.phtml?keyword=HRC
https://speed.ettoday.net/news/1582849
https://speed.ettoday.net/news/1582661
https://speed.ettoday.net/news/1582645
https://speed.ettoday.net/news/1582251
https://speed.ettoday.net/news/1582330
https://speed.ettoday.net/news/1588589
https://speed.ettoday.net/news/1577434
https://speed.ettoday.net/news/1562897
https://speed.ettoday.net/news/1591817
https://speed.ettoday.net/news/1591683
https://speed.ettoday.net/news/1591594
/search.phtml?keyword=EICMA
https://speed.ettoday.net/news/1591822
https://speed.ettoday.net/news/1590037
https://speed.ettoday.net/news/1590721
https://speed.ettoday.net/news/1591554
https://speed.ettoday.net/news/1591316
https://speed.ettoday.net/news/1590929
https://speed.ettoday.net/news/1589898
https://speed.ettoday.net/news/1579853
https://speed.ettoday.net/news/1517334
https://speed.ettoday.net/news/1498522
https://speed.ettoday.net/news/1591292
https://speed.ettoday.net/news/1590809
https://speed.ettoday.net/news/1589891
https://speed.ettoday.net/news/1589175
https://speed.ettoday.net/news/1585892
https://speed.ettoday.net/news/1587499
https://speed.ettoday.net/news/1585105
https://speed.ettoday.net/news/1590724
https://speed.ettoday.net/news/1580764
https://speed.ettoday.net/news/1577285
https://speed.ettoday.net/news/1587572
https://speed.ettoday.net/news/1591809
https://speed.ettoday.net/news/1586282
https://speed.ettoday.net/news/1584507
https://speed.ettoday.net/news/1581896
https://speed.ettoday.net/news/1563233
https://speed.ettoday.net/news/1563122
https://speed.ettoday.net/news/1563286
https://speed.ettoday.net/news/1563005
https://speed.ettoday.net/news/1562962
/search.phtml?keyword=ETYamaha
https://speed.ettoday.net/news/1561747
https://speed.ettoday.net/news/1561725
https://speed.ettoday.net/news/1557253
https://speed.ettoday.net/news/1558990
https://speed.ettoday.net/news/1557378
https://speed.ettoday.net/news/1565099
https://speed.ettoday.net/news/1561899
https://speed.ettoday.net/news/1565651
https://speed.ettoday.net/news/1566342
https://speed.ettoday.net/news/1565569
https://speed.ettoday.net/news/1561845
https://speed.ettoday.net/news/1561789
https://speed.ettoday.net/news/1561745
https://speed.ettoday.net/news/1560511
https://speed.ettoday.net/news/1544281
https://speed.ettoday.net/news/1427098
https://speed.ettoday.net/news/1320071
https://speed.ettoday.net/news/1566897
https://speed.ettoday.net/news/1566653
https://speed.ettoday.net/news/1566474
https://speed.ettoday.net/news/1556257
https://speed.ettoday.net/news/1542442
https://speed.ettoday.net/news/1536044
https://speed.ettoday.net/news/1556891
https://speed.ettoday.net/news/1542439
https://speed.ettoday.net/news/1566576
https://speed.ettoday.net/news/1566403
https://speed.ettoday.net/news/1566405
https://speed.ettoday.net/news/1566357
/search.phtml?keyword=EThonda
https://speed.ettoday.net/news/1566111
https://speed.ettoday.net/news/1565463
https://speed.ettoday.net/news/1567963
https://speed.ettoday.net/news/1569104
https://speed.ettoday.net/news/1569080
https://speed.ettoday.net/news/1568916
https://speed.ettoday.net/news/1570070
https://speed.ettoday.net/news/1569786
https://speed.ettoday.net/news/1569785
https://speed.ettoday.net/news/1569711
https://speed.ettoday.net/news/1570087
https://speed.ettoday.net/news/1569982
https://speed.ettoday.net/news/1570071
https://speed.ettoday.net/news/1569967
https://speed.ettoday.net/news/1569695
https://speed.ettoday.net/news/1569232
https://speed.ettoday.net/news/1568458
https://speed.ettoday.net/news/1568626
https://speed.ettoday.net/news/1568637
https://speed.ettoday.net/news/1567891
https://speed.ettoday.net/news/1567666
https://speed.ettoday.net/news/1567193
https://speed.ettoday.net/news/1565246
https://speed.ettoday.net/news/1567590
https://speed.ettoday.net/news/1561458
https://speed.ettoday.net/news/1561175
https://speed.ettoday.net/news/1566792
/search.phtml?keyword=Candy
https://speed.ettoday.net/news/1567600
https://speed.ettoday.net/news/1567348
/search.phtml?keyword=Aprilia
https://speed.ettoday.net/news/1565181
https://speed.ettoday.net/news/1564632
/search.phtml?keyword=Many
https://speed.ettoday.net/news/1561158
https://speed.ettoday.net/news/1560672
/search.phtml?keyword=Panigale V2
https://speed.ettoday.net/news/1568553
https://speed.ettoday.net/news/1569321
https://speed.ettoday.net/news/1569795
https://speed.ettoday.net/news/1569123
https://speed.ettoday.net/news/1569356
https://speed.ettoday.net/news/1568762
https://speed.ettoday.net/news/1568119
https://speed.ettoday.net/news/1540576
https://speed.ettoday.net/news/1531874
https://speed.ettoday.net/news/1569262
https://speed.ettoday.net/news/1568578
https://speed.ettoday.net/news/1568490
https://www.ettoday.net/news/20191024/1564458.htm
https://www.ettoday.net/news/20191023/1563687.htm
https://www.ettoday.net/news/20191024/1564403.htm?redirect=1
https://speed.ettoday.net/news/1569257
https://speed.ettoday.net/news/1569097
https://speed.ettoday.net/news/1568360
https://speed.ettoday.net/news/1568792
https://speed.ettoday.net/news/1568751
https://speed.ettoday.net/news/1556652
https://speed.ettoday.net/news/1540018
https://speed.ettoday.net/news/1539787
https://speed.ettoday.net/news/1513810
https://speed.ettoday.net/news/1568683
https://speed.ettoday.net/news/1568384
https://speed.ettoday.net/news/1581369
https://speed.ettoday.net/news/1581657
https://speed.ettoday.net/news/1581072
https://speed.ettoday.net/news/1540028
https://speed.ettoday.net/news/1540535
https://speed.ettoday.net/news/1539707
https://speed.ettoday.net/news/1537958
https://speed.ettoday.net/news/1537403
https://speed.ettoday.net/news/1541668
https://speed.ettoday.net/news/1541652
https://speed.ettoday.net/news/1541647
https://speed.ettoday.net/news/1541376
https://speed.ettoday.net/news/1541286
https://speed.ettoday.net/news/1519657
https://speed.ettoday.net/news/1519067
https://speed.ettoday.net/news/1519033
https://speed.ettoday.net/news/1518284
https://speed.ettoday.net/news/1518210
https://speed.ettoday.net/news/1517421
https://speed.ettoday.net/news/1520313
https://speed.ettoday.net/news/1520620
https://speed.ettoday.net/news/1520544
https://speed.ettoday.net/news/1520165
https://forum.ettoday.net/news/1613477
https://forum.ettoday.net/news/1613614
https://forum.ettoday.net/news/1613622
https://forum.ettoday.net/news/1613616
https://forum.ettoday.net/news/1613588
https://forum.ettoday.net/news/1613593
https://forum.ettoday.net/news/1611515
https://forum.ettoday.net/news/1611912
https://forum.ettoday.net/news/1613454
https://forum.ettoday.net/news/1613433
https://forum.ettoday.net/news/1613448
https://forum.ettoday.net/news/1613445
https://forum.ettoday.net/news/1613439
https://www.ettoday.net/news/20200420/1695630.htm
https://www.ettoday.net/news/20200420/1695600.htm
https://www.ettoday.net/news/20200104/1617395.htm
https://www.ettoday.net/news/20200104/1617344.htm
https://www.ettoday.net/news/20200104/1617419.htm
https://www.ettoday.net/news/20200104/1617414.htm
https://www.ettoday.net/news/20200104/1617389.htm
https://www.ettoday.net/news/20200104/1617276.htm
https://www.ettoday.net/news/20200103/1616837.htm
https://www.ettoday.net/news/20200103/1616429.htm
https://www.ettoday.net/news/20200104/1617592.htm
https://www.ettoday.net/news/20200104/1617554.htm
https://www.ettoday.net/news/20200104/1617541.htm
https://www.ettoday.net/news/20200104/1617530.htm
https://www.ettoday.net/news/20200102/1616280.htm
https://www.ettoday.net/news/20200103/1616473.htm
https://www.ettoday.net/news/20200103/1616582.htm
https://www.ettoday.net/news/20200103/1616559.htm
https://www.ettoday.net/news/20200103/1616580.htm
https://www.ettoday.net/news/20200103/1616533.htm
https://www.ettoday.net/news/20200104/1617529.htm
https://www.ettoday.net/news/20200104/1617495.htm
https://forum.ettoday.net/news/1618490
https://forum.ettoday.net/news/1621175
https://forum.ettoday.net/news/1621159
https://forum.ettoday.net/news/1621087
https://forum.ettoday.net/news/1621056
https://forum.ettoday.net/news/1621055
https://forum.ettoday.net/news/1593375
https://forum.ettoday.net/news/1603345
https://forum.ettoday.net/column/news/%E9%8D%BE%E6%96%87%E6%A6%AE
https://www.ettoday.net/news/20200108/1620450.htm
https://www.ettoday.net/news/20200108/1620416.htm
https://www.ettoday.net/news/20200108/1620426.htm
https://www.ettoday.net/news/20200108/1620389.htm
https://www.ettoday.net/news/20200108/1620373.htm
https://www.ettoday.net/news/20200108/1620365.htm
https://www.ettoday.net/news/20200111/1623505.htm
https://www.ettoday.net/news/20200111/1623489.htm
https://www.ettoday.net/news/20200111/1623497.htm
https://www.ettoday.net/news/20200111/1623498.htm
https://www.ettoday.net/news/20200111/1623488.htm
https://www.ettoday.net/news/20200111/1623384.htm
https://www.ettoday.net/news/20200111/1623363.htm
https://www.ettoday.net/news/20200111/1623556.htm
https://www.ettoday.net/news/20200111/1623560.htm
https://www.ettoday.net/news/20200111/1623548.htm
https://www.ettoday.net/news/20200112/1623595.htm
https://www.ettoday.net/news/20200112/1623586.htm
https://www.ettoday.net/news/20200112/1623584.htm
https://www.ettoday.net/news/20200112/1623578.htm
https://www.ettoday.net/news/20200112/1623579.htm
https://www.ettoday.net/news/20200111/1623484.htm
https://www.ettoday.net/news/20200111/1623510.htm
https://www.ettoday.net/news/20200111/1623514.htm
https://www.ettoday.net/news/20200111/1623509.htm
https://www.ettoday.net/news/20200111/1623504.htm
https://www.ettoday.net/news/20200111/1623503.htm
https://www.ettoday.net/news/20200111/1622869.htm
https://www.ettoday.net/news/20200110/1622774.htm
https://www.ettoday.net/news/20200110/1622760.htm
https://www.ettoday.net/news/20200109/1621311.htm
https://www.ettoday.net/news/20200111/1623544.htm
https://www.ettoday.net/news/20200111/1623538.htm
https://www.ettoday.net/news/20200111/1623555.htm
https://www.ettoday.net/news/20200111/1623554.htm
https://www.ettoday.net/news/20200111/1623525.htm
https://www.ettoday.net/news/20200112/1624044.htm
https://www.ettoday.net/news/20200112/1624037.htm
https://www.ettoday.net/news/20200112/1624024.htm
https://www.ettoday.net/news/20200112/1624041.htm
https://www.ettoday.net/news/20200112/1624035.htm
https://www.ettoday.net/news/20200112/1623608.htm
https://www.ettoday.net/news/20200112/1623604.htm
https://www.ettoday.net/news/20200204/1637567.htm
https://www.ettoday.net/news/20200204/1637432.htm
https://www.ettoday.net/news/20200201/1635907.htm
https://www.ettoday.net/news/20200131/1635401.htm
https://www.ettoday.net/news/20200111/1622953.htm
https://www.ettoday.net/news/20200111/1622972.htm
https://www.ettoday.net/news/20200111/1622959.htm
https://www.ettoday.net/news/20200111/1622968.htm
https://www.ettoday.net/news/20200111/1622973.htm
https://www.ettoday.net/news/20200106/1618079.htm
https://www.facebook.com/madamebonapp.tw/
https://www.ettoday.net/news/20191228/1612342.htm
https://www.ettoday.net/news/20200102/1615863.htm
https://www.ettoday.net/news/20200103/1616487.htm
https://www.ettoday.net/news/20200103/1616486.htm
https://www.ettoday.net/news/20200103/1616439.htm
https://www.ettoday.net/news/20191230/1613658.htm
https://www.ettoday.net/news/20200103/1616454.htm
https://www.ettoday.net/news/20200102/1615968.htm
https://www.ettoday.net/news/20200102/1615884.htm
https://www.ettoday.net/news/20200107/1619890.htm
https://www.books.com.tw/products/0010841394?loc=P_0004_012
https://www.ettoday.net/news/20200106/1600461.htm
https://www.ettoday.net/news/20200103/1616155.htm
https://www.ettoday.net/news/20191228/1610771.htm
https://www.ettoday.net/news/20191227/1611103.htm
https://www.ettoday.net/news/20191217/1603833.htm
https://www.ettoday.net/news/tag/cis/
https://www.ettoday.net/news/20191017/1558817.htm
https://www.ettoday.net/news/20200104/1617305.htm
https://www.ettoday.net/news/20200103/1615225.htm
https://www.ettoday.net/news/20191231/1614173.htm
https://www.ettoday.net/news/20191231/1614110.htm
https://www.ettoday.net/news/20191231/1613988.htm
https://www.ettoday.net/news/20191230/1613384.htm
https://www.ettoday.net/news/20191230/1613331.htm
https://www.ettoday.net/news/20191230/1613378.htm
https://www.ettoday.net/news/20200105/1617804.htm
https://www.ettoday.net/news/20200104/1617480.htm
https://www.ettoday.net/news/20200106/1618595.htm
https://www.ettoday.net/news/20200106/1618509.htm
https://www.ettoday.net/news/20200106/1618393.htm
https://www.ettoday.net/news/20200105/1617897.htm
https://www.ettoday.net/news/20200105/1617816.htm
https://www.ettoday.net/news/20200106/1618588.htm
https://www.ettoday.net/news/20200106/1618458.htm
https://www.ettoday.net/news/20200105/1617886.htm
https://www.ettoday.net/news/20200104/1617021.htm
https://www.ettoday.net/news/20200110/1622587.htm
https://www.ettoday.net/news/20200110/1622063.htm
https://www.ettoday.net/news/20200104/1617711.htm
https://www.ettoday.net/news/20200103/1617046.htm
https://www.ettoday.net/news/20200103/1617005.htm
https://www.ettoday.net/news/20200103/1616539.htm
https://www.ettoday.net/news/20200103/1616522.htm
https://www.ettoday.net/news/20200106/1618427.htm
https://www.ettoday.net/news/20200103/1616656.htm
https://www.ettoday.net/news/20191227/1611170.htm
https://www.ettoday.net/news/20191227/1611609.htm
https://www.ettoday.net/news/20200106/1618476.htm
https://www.ettoday.net/news/20200105/1618000.htm
https://www.ettoday.net/news/20200103/1616792.htm
https://www.ettoday.net/news/20200103/1616729.htm
https://www.ettoday.net/news/20200101/1615276.htm
https://www.ettoday.net/news/20200104/1617332.htm
https://www.ettoday.net/news/20200102/1616020.htm
https://www.ettoday.net/news/20200104/1617484.htm
https://www.ettoday.net/news/20191231/1614560.htm
https://www.ettoday.net/news/20191231/1614177.htm
https://www.ettoday.net/news/20151212/612286.htm
https://www.ettoday.net/news/20200103/1615400.htm
https://www.ettoday.net/news/20200102/1616043.htm
https://www.ettoday.net/news/20200102/1615980.htm
https://www.ettoday.net/news/20200102/1615521.htm
https://www.ettoday.net/news/20200102/1615489.htm
https://www.ettoday.net/news/20200102/1615700.htm
https://www.ettoday.net/news/20200101/1615227.htm
https://www.ettoday.net/news/20200101/1615228.htm
https://www.ettoday.net/news/20200101/1615198.htm
https://www.ettoday.net/news/20200101/1615171.htm
https://www.facebook.com/golden.dogonut/
https://pets.ettoday.net/news/1612798
https://www.ettoday.net/news/20200101/1615018.htm
https://www.ettoday.net/news/20200101/1615013.htm
https://www.ettoday.net/news/20200101/1614968.htm
https://www.ettoday.net/news/20200101/1615049.htm
https://www.ettoday.net/news/20200101/1615197.htm
https://www.ettoday.net/news/20191128/1590229.htm
https://www.ettoday.net/news/20191129/1590935.htm
https://www.ettoday.net/news/20191126/1587744.htm
https://www.ettoday.net/news/20191118/1582210.htm
https://www.ettoday.net/news/20191120/1583357.htm
https://www.ettoday.net/news/20191203/1593608.htm
https://www.ettoday.net/news/20191231/1614541.htm
https://www.ettoday.net/news/20191231/1614028.htm
https://www.ettoday.net/news/20191230/1611515.htm
https://www.ettoday.net/news/20191230/1613326.htm
https://www.ettoday.net/news/20191228/1612223.htm
https://www.ettoday.net/news/20200104/1617270.htm
https://www.ettoday.net/news/20200104/1617475.htm
https://www.ettoday.net/news/20200104/1617225.htm
https://www.ettoday.net/news/20200103/1616753.htm
https://www.ettoday.net/news/20200101/1615341.htm
https://www.ettoday.net/news/20200101/1615291.htm
https://www.ettoday.net/news/20191230/1613957.htm
https://www.ettoday.net/news/20191230/1613372.htm
https://www.ettoday.net/news/20191230/1613336.htm
https://www.ettoday.net/news/20191230/1613303.htm
https://www.ettoday.net/news/20191230/1613143.htm
https://www.ettoday.net/news/20191229/1612728.htm
https://www.ettoday.net/news/20191228/1612477.htm
https://www.ettoday.net/news/20200103/1616381.htm
https://www.ettoday.net/news/20191231/1614509.htm
https://www.ettoday.net/news/20191230/1612676.htm
https://www.ettoday.net/news/20191228/1612442.htm
https://www.ettoday.net/news/20191228/1612439.htm
https://www.facebook.com/tristajuju/
https://www.ettoday.net/news/20191228/1612533.htm
https://www.ettoday.net/news/20191224/1609017.htm
https://www.ettoday.net/news/20191221/1607084.htm
https://www.ettoday.net/news/20191215/1602744.htm
https://www.ettoday.net/news/20191228/1612336.htm
https://www.ettoday.net/news/20191228/1612272.htm
https://www.ettoday.net/news/20200101/1614980.htm
https://www.ettoday.net/news/20200101/1614901.htm
https://www.ettoday.net/news/20191231/1614240.htm
https://www.ettoday.net/news/20191231/1614153.htm
https://www.ettoday.net/news/20191231/1614046.htm
https://www.ettoday.net/news/20200101/1615359.htm
https://www.ettoday.net/news/20200101/1615302.htm
https://www.ettoday.net/news/20200103/1616024.htm
https://www.ettoday.net/news/20200101/1615357.htm
https://www.ettoday.net/news/20200101/1615317.htm
https://www.ettoday.net/news/20200101/1615264.htm
https://www.ettoday.net/news/20191231/1614756.htm
https://www.ettoday.net/news/20191231/1613883.htm
https://www.ettoday.net/news/20191229/1613040.htm
https://www.ettoday.net/news/20200101/1605288.htm
https://www.ettoday.net/news/20191228/1611788.htm
https://www.ettoday.net/news/20191130/1588390.htm
https://www.ettoday.net/news/20191112/1573916.htm
https://www.ettoday.net/news/20191107/1574567.htm
https://www.ettoday.net/news/20191008/1552696.htm
https://www.ettoday.net/news/tag/HaileyBieber/
https://www.ettoday.net/news/20191227/1611522.htm
https://www.ettoday.net/news/20191226/1610921.htm
https://www.ettoday.net/news/20191225/1610405.htm
https://www.ettoday.net/news/20191227/1611809.htm
https://www.ettoday.net/news/20191226/1611270.htm
https://www.ettoday.net/news/20191226/1611232.htm
https://www.ettoday.net/news/20191226/1610662.htm
http://www.worldvision.org.tw/gift_catalog
https://www.ettoday.net/news/20191127/1589152.htm
https://www.ettoday.net/news/20191224/1608805.htm
https://www.ettoday.net/news/20191224/1609278.htm
http://tainan.news/
http://tainan.news
https://www.ettoday.net/news/20191222/1607725.htm
http://bit.ly/2YW1eR8
https://www.ettoday.net/news/20191127/1589415.htm
http://www.ccf.org.tw/new/endpoverty
https://www.ettoday.net/news/20191223/1608162.htm
https://www.ettoday.net/news/20200107/1619451.htm
https://www.ettoday.net/news/20200106/1619072.htm
https://www.ettoday.net/news/20200106/1618531.htm
https://www.ettoday.net/news/20200106/1618631.htm
http://13shaniu.tw/
https://www.ettoday.net/news/20170415/903558.htm
https://www.ettoday.net/news/20190826/1516894.htm
https://www.ettoday.net/news/20171124/1058296.htm
https://www.ettoday.net/news/20171020/1033969.htm
https://www.ettoday.net/news/20200102/1615578.htm
https://www.ettoday.net/news/20200102/1615720.htm
https://www.ettoday.net/news/20200102/1615529.htm
https://www.facebook.com/profile.php?id=100000149746871
https://www.facebook.com/drunkplay4fun/
https://www.ettoday.net/news/20200104/1616776.htm
https://www.ettoday.net/news/20200104/1616715.htm
https://www.ettoday.net/news/20200101/1592478.htm
https://www.ettoday.net/news/20191231/1613722.htm
https://www.ettoday.net/news/20200107/1619533.htm
https://www.ettoday.net/news/20200107/1619378.htm
https://www.ettoday.net/news/20200107/1619449.htm
https://www.ettoday.net/news/20200107/1619438.htm
https://www.ettoday.net/news/tag/DrunkPlay/
https://www.ettoday.net/news/20200105/1617899.htm
https://www.ettoday.net/news/20200420/1695632.htm
https://www.ettoday.net/news/20200420/1695615.htm
https://www.ettoday.net/news/20200105/1618068.htm
https://www.ettoday.net/news/20200105/1617904.htm
https://www.ettoday.net/news/20200105/1617797.htm
https://www.ettoday.net/news/20200105/1617856.htm
https://www.ettoday.net/news/20200105/1617835.htm
https://www.ettoday.net/news/20180607/1186048.htm
https://www.ettoday.net/news/20180609/1185280.htm
https://www.ettoday.net/news/20180517/1171277.htm
https://www.ettoday.net/news/20180606/1184909.htm
https://www.ettoday.net/news/20180428/1159562.htm
https://www.ettoday.net/news/20180111/1091059.htm
https://www.ettoday.net/news/20180310/1127536.htm
https://www.ettoday.net/news/20181213/1330199.htm
https://www.ettoday.net/news/20190729/1501024.htm
https://www.ettoday.net/news/20200207/1640528.htm
https://www.ettoday.net/news/20200408/1686332.htm
https://www.ettoday.net/news/20200408/1686270.htm
https://www.ettoday.net/news/20140916/402087.htm
https://www.ettoday.net/news/20140904/397266.htm
https://www.ettoday.net/news/20140411/345381.htm
https://www.ettoday.net/news/20140122/318485.htm
https://www.ettoday.net/news/20140102/312365.htm
https://www.ettoday.net/news/20181207/1324722.htm
https://www.ettoday.net/news/20170811/987182.htm
https://www.ettoday.net/news/20170814/985482.htm
https://www.ettoday.net/news/20170802/978649.htm
https://www.ettoday.net/news/20170804/978366.htm
https://www.ettoday.net/news/20170803/976837.htm
https://www.ettoday.net/news/20181204/1322671.htm
https://www.ettoday.net/news/20181105/1298018.htm
https://www.ettoday.net/news/20181101/1295416.htm
https://www.ettoday.net/news/20181011/1278071.htm
https://www.ettoday.net/news/20161109/807656.htm
https://www.ettoday.net/news/20161109/806548.htm
https://www.ettoday.net/news/20161108/806453.htm
https://www.ettoday.net/news/20161104/805559.htm
https://www.ettoday.net/news/20161104/805432.htm
https://www.ettoday.net/news/20161107/803934.htm
https://www.ettoday.net/news/20161101/802593.htm
https://www.ettoday.net/news/20161101/802420.htm
https://www.ettoday.net/news/20161103/801105.htm
https://www.ettoday.net/news/20161109/793441.htm
https://www.ettoday.net/news/20181210/1327615.htm
https://www.ettoday.net/news/20181220/1335343.htm
https://www.ettoday.net/news/20181220/1335676.htm
https://www.ettoday.net/news/20181122/1312599.htm
https://www.ettoday.net/news/20181114/1306296.htm
https://www.ettoday.net/news/20181221/1336446.htm
https://www.ettoday.net/news/20181220/1336119.htm
https://www.ettoday.net/news/20181220/1335631.htm
https://www.ettoday.net/news/20181217/1332594.htm
https://www.ettoday.net/news/20181216/1332477.htm
https://www.ettoday.net/news/20181216/1332114.htm
https://www.ettoday.net/news/20181214/1331222.htm
https://www.ettoday.net/news/20181214/1331026.htm
https://www.ettoday.net/news/20200101/1615058.htm
https://www.ettoday.net/news/20191230/1613344.htm
https://www.ettoday.net/news/20191230/1613349.htm
https://www.ettoday.net/news/20191220/1606425.htm
https://www.ettoday.net/news/20191220/1606366.htm
https://www.ettoday.net/news/20191229/1612720.htm
https://www.facebook.com/PetitTuz/
https://udn.com/news/story/7266/3947316
https://harvest365.org/posts/7410
https://www.ettoday.net/news/20191224/1609208.htm
https://www.ettoday.net/news/20190808/1509025.htm
https://www.ettoday.net/news/20171123/1058666.htm
https://www.ettoday.net/news/20170922/1016661.htm
https://www.ettoday.net/news/20150123/457931.htm
https://www.ettoday.net/news/20191231/1614777.htm
https://www.ettoday.net/news/20191231/1614631.htm
https://www.ettoday.net/news/20191231/1613878.htm
https://www.ettoday.net/news/20191231/1614242.htm
https://www.ettoday.net/news/20191230/1613479.htm
https://www.ettoday.net/news/20191230/1612004.htm
https://www.ettoday.net/news/20191229/1611852.htm
https://www.ettoday.net/news/20191227/1611594.htm
https://www.ettoday.net/news/20191227/1610302.htm
https://www.ettoday.net/news/20191226/1610155.htm
https://www.ettoday.net/news/20191225/1610104.htm
https://www.ettoday.net/news/20191228/1609937.htm
https://www.ettoday.net/news/20191226/1609444.htm
https://www.ettoday.net/news/20191226/1609422.htm
https://www.ettoday.net/news/20191230/1613427.htm
https://www.ettoday.net/news/20191222/1606775.htm
https://www.ettoday.net/news/20191216/1602325.htm
https://www.ettoday.net/news/20191210/1598449.htm
https://www.ettoday.net/news/20200101/1614548.htm
https://www.ettoday.net/news/20191231/1614318.htm
https://www.ettoday.net/news/20191231/1614025.htm
https://www.ettoday.net/news/20191231/1613891.htm
https://www.ettoday.net/news/20191230/1613760.htm
https://www.ettoday.net/news/20200104/1615911.htm
https://www.books.com.tw/products/0010844974?loc=P_0005_001
https://www.ettoday.net/news/20200102/1613293.htm
https://www.ettoday.net/news/20200101/1613646.htm
https://www.ettoday.net/news/20191230/1613365.htm
https://www.ettoday.net/news/20191229/1613107.htm
https://www.d1xz.net/astro/gexing/art340352.aspx
https://www.ettoday.net/news/20200103/1616789.htm
https://www.books.com.tw/products/0010840874
https://www.ettoday.net/news/20200106/1618463.htm
https://www.ettoday.net/news/20200106/1617312.htm
https://www.youtube.com/watch?v=Z_opGgQVa_I
https://www.ettoday.net/news/20200107/1619849.htm
https://www.ettoday.net/news/20200107/1619751.htm
https://www.ettoday.net/news/20200107/1619363.htm
https://www.ettoday.net/news/20200107/1619364.htm
https://www.ettoday.net/news/20200327/1677575.htm
https://www.ettoday.net/news/20200305/1660162.htm
https://www.ettoday.net/news/20200409/1687762.htm
https://www.ettoday.net/news/tag/XE/
https://www.ettoday.net/news/20200327/1677671.htm
https://www.ettoday.net/news/20200327/1677915.htm
https://www.ettoday.net/news/20200327/1677424.htm
https://www.ettoday.net/news/20200327/1677321.htm
https://www.ettoday.net/news/20200327/1677649.htm
https://www.ettoday.net/news/20200326/1676029.htm
https://www.ettoday.net/news/20200325/1676286.htm
https://www.ettoday.net/news/20200201/1635649.htm
https://www.ettoday.net/news/20200201/1635032.htm
https://www.ettoday.net/news/20200131/1634752.htm
https://www.ettoday.net/news/20200131/1634972.htm
https://t.co/aL6HRFi0w5
https://twitter.com/Foro_TV/status/1214403807188271112?ref_src=twsrc%5Etfw
https://www.ettoday.net/news/20200108/1620286.htm
https://www.ettoday.net/news/20200107/1619376.htm
https://www.ettoday.net/news/20200107/1619412.htm
https://www.ettoday.net/news/20200107/1619395.htm
https://www.ettoday.net/news/20200103/1616476.htm
https://www.ettoday.net/news/20200107/1619665.htm
https://www.ettoday.net/news/20200106/1618121.htm
https://www.ettoday.net/news/20200103/1616455.htm
https://www.ettoday.net/news/20191231/1614041.htm
https://www.ettoday.net/news/20200103/1616913.htm
https://www.ettoday.net/news/tag/Supra/
https://www.ettoday.net/news/20191218/1604369.htm
https://www.ettoday.net/news/20191218/1604790.htm
https://www.ettoday.net/news/20191129/1590172.htm
https://www.ettoday.net/news/20191203/1593418.htm
https://www.ettoday.net/news/20191123/1585078.htm
https://www.ettoday.net/news/20191129/1590116.htm
https://www.ettoday.net/news/20191129/1590439.htm
https://www.ettoday.net/news/20191014/1556540.htm
https://www.ettoday.net/news/20191010/1553241.htm
https://www.ettoday.net/news/20191008/1552632.htm
https://www.ettoday.net/news/20190826/1520919.htm
https://www.ettoday.net/news/20190816/1514464.htm
https://www.ettoday.net/news/20190916/1536339.htm
https://www.ettoday.net/news/20190916/1536257.htm
https://www.ettoday.net/news/20200105/1615606.htm
https://www.ettoday.net/news/20200103/1611836.htm
https://www.ettoday.net/news/20200106/1618342.htm
https://www.ettoday.net/news/20200106/1618309.htm
https://www.ettoday.net/news/20200103/1616412.htm
https://www.ettoday.net/news/20200102/1616192.htm
https://www.ettoday.net/news/20200102/1615433.htm
/news/tag/3cm tea/
https://www.ettoday.net/news/20200106/1618744.htm
https://www.ettoday.net/news/20200106/1618618.htm
https://www.ettoday.net/news/20200106/1618619.htm
https://www.ettoday.net/news/20200106/1618539.htm
https://www.ettoday.net/news/20191220/1601474.htm
https://www.ettoday.net/news/20191223/1598530.htm
https://www.ettoday.net/news/20200103/1603406.htm
https://www.ettoday.net/news/20191220/1600935.htm
https://www.ettoday.net/news/20200103/1616462.htm
https://www.ettoday.net/news/20200103/1616371.htm
https://www.ettoday.net/news/20200103/1616440.htm
https://www.ettoday.net/news/20200102/1615855.htm
/news/tag/Scoop away/
https://www.ettoday.net/news/20191231/1613884.htm
https://www.ettoday.net/news/20200104/1617294.htm
https://www.ettoday.net/news/20200104/1617478.htm
https://www.ettoday.net/news/20200102/1616039.htm
https://www.ettoday.net/news/20200102/1615952.htm
https://www.ettoday.net/news/20191231/1613514.htm
https://www.ettoday.net/news/20191230/1613992.htm
https://www.ettoday.net/news/20191230/1613551.htm
https://www.ettoday.net/news/20191230/1613892.htm
https://www.ettoday.net/news/20200102/1616153.htm
https://www.ettoday.net/news/20200103/1616333.htm
https://www.ettoday.net/news/20200103/1616313.htm
https://www.ettoday.net/news/20200103/1616373.htm
https://www.ettoday.net/news/20200102/1616032.htm
https://www.ettoday.net/news/20200103/1616877.htm
https://www.ettoday.net/news/20200103/1616868.htm
https://www.ettoday.net/news/20200103/1616818.htm
https://www.ettoday.net/news/20200103/1616810.htm
https://www.ettoday.net/news/20200103/1616640.htm
https://www.ettoday.net/news/20200103/1616629.htm
https://www.ettoday.net/news/20200103/1616549.htm
https://www.ettoday.net/news/20200103/1616612.htm
https://www.ettoday.net/news/20200102/1615575.htm
https://www.ettoday.net/news/20200102/1615483.htm
https://www.ettoday.net/news/20200102/1615447.htm
https://www.ettoday.net/news/20191231/1614392.htm
https://www.ettoday.net/news/20191231/1614263.htm
https://www.ettoday.net/news/20191231/1614092.htm
https://www.ettoday.net/news/20191231/1614170.htm
https://www.ettoday.net/news/20191231/1614115.htm
https://www.ettoday.net/news/20191228/1612333.htm
https://www.ettoday.net/news/20191228/1612253.htm
https://www.ettoday.net/news/20191231/1614817.htm
https://www.ettoday.net/news/20191231/1614784.htm
https://www.ettoday.net/news/20191230/1613645.htm
https://www.ettoday.net/news/20191220/1606792.htm
https://www.ettoday.net/news/20191219/1605797.htm
https://www.ettoday.net/news/20200102/1615566.htm
https://www.ettoday.net/news/20200101/1615399.htm
https://www.ettoday.net/news/20200101/1615380.htm
https://www.ettoday.net/news/20200102/1616060.htm
https://www.ettoday.net/news/20200102/1616059.htm
https://www.ettoday.net/news/20200102/1616010.htm
https://www.ettoday.net/news/20200102/1616011.htm
https://www.ettoday.net/news/20200102/1616036.htm
https://www.ettoday.net/news/20200102/1616265.htm
https://www.ettoday.net/news/20200102/1616249.htm
https://www.ettoday.net/news/20200102/1616236.htm
https://www.ettoday.net/news/20200102/1616235.htm
https://www.ettoday.net/news/20200102/1616227.htm
https://www.ettoday.net/news/20200102/1615528.htm
https://www.ettoday.net/news/20200106/1618861.htm
https://www.ettoday.net/news/20191231/1614289.htm
https://www.ettoday.net/news/20191231/1613693.htm
https://www.ettoday.net/news/20191228/1612291.htm
https://www.ettoday.net/news/20200102/1615882.htm
https://www.ettoday.net/news/20191227/1612075.htm
https://www.ettoday.net/news/20191227/1604705.htm
https://www.ettoday.net/news/20191212/1600349.htm
https://www.ettoday.net/news/20200103/1616638.htm
https://www.ettoday.net/news/20200103/1616250.htm
https://www.ettoday.net/news/20200103/1616534.htm
https://www.ettoday.net/news/20200103/1616488.htm
https://www.ettoday.net/news/20200106/1619080.htm
https://www.ettoday.net/news/20200103/1616925.htm
https://www.ettoday.net/news/20200102/1616292.htm
https://www.ettoday.net/news/20200102/1615806.htm
https://www.ettoday.net/news/20200101/1615200.htm
https://www.ettoday.net/news/20191206/1596116.htm
https://www.ettoday.net/news/20191121/1584819.htm
https://www.ettoday.net/news/20191115/1580731.htm
https://www.ettoday.net/news/20191016/1558671.htm
https://www.ettoday.net/news/20190905/1514604.htm
https://www.ettoday.net/news/20200102/1615942.htm
https://www.ettoday.net/news/20191205/1595091.htm
https://www.ettoday.net/news/20190426/1430810.htm
https://www.ettoday.net/news/20190305/1392082.htm
https://www.ettoday.net/news/20190122/1362308.htm
https://www.ettoday.net/news/20200106/1618557.htm
https://www.ettoday.net/news/20191230/1613853.htm
https://www.ettoday.net/news/20191227/1611452.htm
https://www.ettoday.net/news/20191224/1608108.htm
https://www.ettoday.net/news/20191221/1606350.htm
https://www.ettoday.net/news/20200102/1615680.htm
https://www.ettoday.net/news/20200103/1616953.htm
https://www.ettoday.net/news/20200103/1616926.htm
https://www.ettoday.net/news/20200102/1615611.htm
https://www.ettoday.net/news/20200104/1617335.htm
https://www.ettoday.net/news/20200102/1613440.htm
https://www.ettoday.net/news/20200104/1617569.htm
https://www.ettoday.net/news/20200105/1618231.htm
https://www.ettoday.net/news/20200103/1616376.htm
https://www.ettoday.net/news/20200102/1615421.htm
https://www.ettoday.net/news/20191231/1614380.htm
https://www.ettoday.net/news/20191231/1614436.htm
https://www.ettoday.net/news/20191229/1612877.htm
https://www.ettoday.net/news/20200103/1616607.htm
https://www.ettoday.net/news/20200101/1615282.htm
https://www.ettoday.net/news/20191231/1608638.htm
https://www.ettoday.net/news/20200103/1616981.htm
https://www.ettoday.net/news/20200103/1616951.htm
https://www.ettoday.net/news/20200103/1616859.htm
https://www.ettoday.net/news/20200103/1616872.htm
https://www.facebook.com/ntpcemarket/
https://www.ettoday.net/news/20200103/1616830.htm
https://www.ettoday.net/news/20200103/1616674.htm
https://www.ettoday.net/news/20200103/1616444.htm
https://www.ettoday.net/news/20200103/1616402.htm
https://www.ettoday.net/news/20200103/1616353.htm
https://www.ettoday.net/news/20200103/1616332.htm
https://www.ettoday.net/news/20200103/1616323.htm
https://www.ettoday.net/news/20200102/1616202.htm
https://www.ettoday.net/news/20200102/1615807.htm
https://www.ettoday.net/news/20200102/1616023.htm
https://www.ettoday.net/news/20200102/1615985.htm
https://www.ettoday.net/news/20200102/1615966.htm
https://www.ettoday.net/news/20200111/1622912.htm
https://www.ettoday.net/news/20200111/1622905.htm
https://www.ettoday.net/news/20200111/1622906.htm
https://www.ettoday.net/news/20200111/1622907.htm
https://www.ettoday.net/news/20200111/1622901.htm
https://www.ettoday.net/news/20200111/1622930.htm
https://www.ettoday.net/news/20200111/1622914.htm
https://www.ettoday.net/news/20200111/1622924.htm
https://www.ettoday.net/news/20200111/1622917.htm
https://www.ettoday.net/news/20200111/1623184.htm
https://www.ettoday.net/news/20200111/1622929.htm
https://www.ettoday.net/news/20200111/1622946.htm
https://www.ettoday.net/news/20200111/1622927.htm
https://www.ettoday.net/news/20200111/1622890.htm
https://www.ettoday.net/news/20200111/1622886.htm
https://www.ettoday.net/news/20200111/1622877.htm
https://www.ettoday.net/news/20200107/1619623.htm
https://www.ettoday.net/news/20200107/1619708.htm
https://www.ettoday.net/news/20200107/1619523.htm
https://www.ettoday.net/news/20200107/1619922.htm
https://www.ettoday.net/news/20200107/1619886.htm
https://www.ettoday.net/news/20200107/1619856.htm
https://www.ettoday.net/news/20200107/1620103.htm
https://www.ettoday.net/news/20200108/1620083.htm
https://www.ettoday.net/news/20200107/1620111.htm
https://www.ettoday.net/news/20200107/1620090.htm
https://www.ettoday.net/news/20200107/1620074.htm
https://www.ettoday.net/news/20200420/1695663.htm
https://www.ettoday.net/news/20200111/1623155.htm
https://www.ettoday.net/news/20191226/1611259.htm
https://www.ettoday.net/news/20191231/1614098.htm
https://www.ettoday.net/news/20191231/1614268.htm
https://www.ettoday.net/news/20191228/1611656.htm
https://www.ettoday.net/news/20191228/1611666.htm
https://www.ettoday.net/news/20191228/1611671.htm
https://www.ettoday.net/news/20200107/1619824.htm
https://www.ettoday.net/news/20200107/1619869.htm
//fashion.ettoday.net/search.phtml?keywords=IKEA
https://www.ettoday.net/news/20200106/1619112.htm
https://www.ettoday.net/news/20200106/1619079.htm
https://www.ettoday.net/news/20200106/1619086.htm
https://www.ettoday.net/news/20200106/1619096.htm
https://www.ettoday.net/news/20200106/1619089.htm
https://www.ettoday.net/news/20200106/1618959.htm
https://www.ettoday.net/news/20200106/1618918.htm
https://www.ettoday.net/news/20200106/1618932.htm
https://www.ettoday.net/news/20200106/1618934.htm
https://www.ettoday.net/news/20200106/1618925.htm
https://www.ettoday.net/news/20200108/1620665.htm
https://www.ettoday.net/news/20200108/1620847.htm
https://www.ettoday.net/news/20200108/1620746.htm
https://www.ettoday.net/news/20200108/1620878.htm
https://www.ettoday.net/news/20200108/1620867.htm
https://www.ettoday.net/news/20200108/1620942.htm
https://www.ettoday.net/news/20200108/1620940.htm
https://www.ettoday.net/news/20200108/1620937.htm
https://www.ettoday.net/news/20200108/1620936.htm
https://www.ettoday.net/news/20200108/1620933.htm
https://www.ettoday.net/news/20200109/1621239.htm
https://www.ettoday.net/news/20200109/1621177.htm
https://www.ettoday.net/news/20200109/1621204.htm
https://www.ettoday.net/news/20200109/1621151.htm
https://www.ettoday.net/news/20200109/1621129.htm
https://health.ettoday.net/news/1618915?redirect=1
https://www.facebook.com/sharer.php?u=https://star.ettoday.net/news/1620501?from=fb_share_web
//star.ettoday.net/search.phtml?keywords=TWICE
https://www.ettoday.net/news/1695562
https://www.ettoday.net/news/20200107/1620035.htm
https://www.ettoday.net/news/20200107/1619769.htm
https://www.ettoday.net/news/20200107/1619656.htm
https://www.ettoday.net/news/20200107/1619478.htm
https://www.ettoday.net/news/20200107/1619483.htm
https://www.ettoday.net/news/20200109/1621306.htm
https://www.ettoday.net/news/20200108/1620973.htm
https://www.ettoday.net/news/20200109/1621185.htm
https://www.ettoday.net/news/20200109/1621327.htm
https://www.ettoday.net/news/20200109/1621270.htm
https://www.ettoday.net/news/20200109/1621340.htm
https://www.ettoday.net/news/20200109/1621437.htm
https://www.ettoday.net/news/20200109/1621438.htm
https://www.ettoday.net/news/20200109/1621345.htm
https://www.ettoday.net/news/20200109/1621395.htm
https://www.ettoday.net/news/20200109/1621369.htm
https://forum.ettoday.net/news/1619638
https://forum.ettoday.net/news/1618815
https://www.ettoday.net/news/20200109/1621302.htm
https://www.ettoday.net/news/20200109/1621313.htm
https://www.ettoday.net/news/20200109/1621265.htm
https://www.ettoday.net/news/20200109/1621489.htm
https://www.ettoday.net/news/20200109/1621506.htm
https://www.ettoday.net/news/20200109/1621482.htm
https://www.ettoday.net/news/20200109/1621457.htm
https://www.ettoday.net/news/20200109/1621463.htm
https://www.ettoday.net/news/20200109/1621050.htm
https://www.ettoday.net/news/20200109/1621146.htm
https://www.ettoday.net/news/20200109/1621115.htm
https://www.ettoday.net/news/20200109/1621057.htm
https://www.ettoday.net/news/20200109/1621052.htm
https://www.ettoday.net/news/20200109/1621045.htm
https://www.ettoday.net/news/20200109/1620963.htm
https://www.ettoday.net/news/20200109/1620604.htm
https://www.ettoday.net/news/20200109/1620981.htm
https://www.ettoday.net/news/20200108/1620780.htm
https://www.ettoday.net/news/20200107/1620073.htm
https://www.ettoday.net/news/20200107/1620049.htm
https://www.ettoday.net/news/20200107/1619967.htm
https://www.ettoday.net/news/20200107/1619930.htm
https://www.ettoday.net/news/20191111/1576502.htm
https://www.ettoday.net/news/20191119/1583383.htm
https://www.ettoday.net/news/20191124/1586874.htm
https://www.ettoday.net/news/20191124/1586864.htm
https://www.ettoday.net/news/20191124/1586857.htm
https://www.ettoday.net/news/20191124/1586818.htm
https://www.ettoday.net/news/20191124/1586765.htm
https://www.ettoday.net/news/20191224/1609605.htm
https://www.ettoday.net/news/20191224/1609593.htm
https://www.ettoday.net/news/20191224/1609594.htm
https://www.ettoday.net/news/20191224/1609590.htm
https://www.ettoday.net/news/20191122/1585993.htm
https://www.ettoday.net/news/20191122/1585986.htm
https://www.ettoday.net/news/20191122/1585977.htm
https://www.ettoday.net/news/20191122/1586010.htm
https://www.ettoday.net/news/20191122/1586037.htm
https://www.ettoday.net/news/20191122/1586029.htm
https://www.ettoday.net/news/20191122/1586023.htm
https://www.ettoday.net/news/20200111/1622860.htm
https://shopping.ettoday.net/pages/%E5%8F%B0%E7%81%A3%E9%87%8E%E7%94%9F%E4%B8%80%E5%8F%A3%E7%83%8F%E9%AD%9A%E5%AD%90?fbclid=IwAR2ZXdxxoMpyeXoVZm8Q9HcRAF1cx6vvKGv5vduG9AjkOXpWmiOz20z0HYQ
https://www.ettoday.net/news/20200111/1623180.htm
https://www.ettoday.net/news/20200110/1622374.htm
https://www.ettoday.net/news/20200110/1622349.htm
https://www.ettoday.net/news/20200110/1622363.htm
https://www.ettoday.net/news/20191218/1604549.htm
https://www.ettoday.net/news/20191218/1604567.htm
https://www.ettoday.net/news/20191218/1604611.htm
https://www.ettoday.net/news/20191218/1604599.htm
https://www.ettoday.net/news/20191218/1604627.htm
https://www.ettoday.net/news/20191218/1604886.htm
https://www.ettoday.net/news/20191218/1604896.htm
https://www.ettoday.net/news/20191218/1604874.htm
https://www.ettoday.net/news/20191218/1604869.htm
https://www.ettoday.net/news/20191218/1604848.htm
//cdn2.ettoday.net/images/4512/4512266.jpg
https://www.ettoday.net/news/20191113/1578583.htm
https://www.ettoday.net/news/20191114/1579763.htm
https://www.ettoday.net/news/20191114/1579767.htm
https://www.ettoday.net/news/20191114/1579667.htm
https://www.ettoday.net/news/20191114/1579573.htm
https://www.ettoday.net/news/20191224/1609338.htm
https://www.ettoday.net/news/20191224/1609340.htm
https://www.ettoday.net/news/20191224/1609367.htm
https://www.ettoday.net/news/20191224/1609305.htm
https://www.ettoday.net/news/20191224/1609331.htm
https://www.ettoday.net/news/20191112/1578439.htm
https://www.ettoday.net/news/20191114/1580208.htm
https://www.ettoday.net/news/20191114/1580220.htm
https://www.ettoday.net/news/20191114/1580213.htm
https://www.ettoday.net/news/20191114/1580206.htm
https://www.ettoday.net/news/20191114/1580202.htm
https://www.ettoday.net/news/20191111/1576258.htm
https://www.ettoday.net/news/20191111/1576554.htm
https://www.ettoday.net/news/20191112/1578243.htm
https://www.ettoday.net/news/20191112/1578215.htm
https://www.ettoday.net/news/20191112/1578184.htm
https://www.ettoday.net/news/20191112/1578088.htm
https://www.ettoday.net/news/20191112/1578074.htm
//cdn2.ettoday.net/images/4521/4521329.jpg
https://www.ettoday.net/news/20191118/1582368.htm
https://www.ettoday.net/news/20191117/1581849.htm
https://www.ettoday.net/news/20191113/1578604.htm
https://www.ettoday.net/news/20191113/1578804.htm
https://www.ettoday.net/news/20191113/1578783.htm
https://www.ettoday.net/news/20191113/1578813.htm
https://www.ettoday.net/news/20191224/1609286.htm
https://www.ettoday.net/news/20191224/1609307.htm
https://www.ettoday.net/news/20191224/1609287.htm
https://www.ettoday.net/news/20191224/1609274.htm
https://www.ettoday.net/news/20191224/1609283.htm
https://www.ettoday.net/news/20191224/1609225.htm
https://www.ettoday.net/news/20191224/1609276.htm
https://www.ettoday.net/news/20191224/1609268.htm
https://www.cec.gov.tw/
https://shopping.ettoday.net/pages/%E8%8F%AF%E9%BD%8A%E5%A0%82%E7%87%95%E7%AA%A9
https://www.ettoday.net/news/20200110/1622590.htm
https://www.ettoday.net/news/20200110/1622592.htm
https://www.ettoday.net/news/20200110/1622583.htm
https://www.ettoday.net/news/20200110/1622520.htm
https://www.ettoday.net/news/20200110/1622521.htm
https://www.ettoday.net/news/20200110/1622542.htm
https://www.ettoday.net/news/20200110/1622551.htm
https://www.ettoday.net/news/20200110/1622545.htm
https://www.ettoday.net/news/20200110/1622540.htm
https://www.ettoday.net/news/20200110/1621930.htm
https://www.ettoday.net/news/20200110/1621918.htm
https://www.ettoday.net/news/20200109/1621832.htm
https://www.ettoday.net/news/20200110/1621907.htm
https://www.ettoday.net/news/20200110/1622341.htm
https://www.ettoday.net/news/20200110/1622345.htm
https://www.ettoday.net/news/20200110/1622352.htm
https://www.ettoday.net/news/20200110/1622348.htm
https://www.ettoday.net/news/20200110/1622213.htm
https://www.ettoday.net/news/20200110/1622195.htm
https://www.ettoday.net/news/20200110/1622204.htm
https://www.ettoday.net/news/20200110/1622277.htm
https://www.ettoday.net/news/20200110/1622254.htm
https://www.ettoday.net/news/20200110/1622274.htm
https://www.ettoday.net/news/20200110/1622267.htm
https://www.ettoday.net/news/20200110/1622260.htm
https://www.ettoday.net/news/20200109/1621847.htm
https://www.ettoday.net/news/20200109/1621836.htm
https://www.ettoday.net/news/20200109/1621860.htm
https://www.ettoday.net/news/20200109/1621873.htm
https://www.ettoday.net/news/20200109/1621874.htm
https://www.ettoday.net/news/20200110/1622135.htm
https://www.ettoday.net/news/20200110/1622106.htm
https://www.ettoday.net/news/20200110/1622125.htm
https://www.ettoday.net/news/20200110/1622129.htm
https://www.ettoday.net/news/20200110/1622115.htm
https://star.ettoday.net/news/1621987?redirect=1
https://www.ettoday.net/news/20200110/1622094.htm
https://www.ettoday.net/news/20200110/1621963.htm
https://www.ettoday.net/news/20200110/1621976.htm
https://www.ettoday.net/news/20200110/1621974.htm
https://www.ettoday.net/news/20200110/1621947.htm
https://www.ettoday.net/news/20200111/1623432.htm
