https://www.ettoday.net/news/20200111/1623442.htm
https://www.ettoday.net/news/20200111/1623431.htm
https://www.ettoday.net/news/20200111/1623435.htm
https://www.ettoday.net/news/20200111/1623427.htm
https://www.ettoday.net/news/20200109/1621077.htm
https://www.ettoday.net/news/20200111/1623262.htm
https://www.ettoday.net/news/20200111/1623245.htm
https://www.ettoday.net/events/election2020/ballotReport.php7?from=iframe_pc
https://www.ettoday.net/news/20200111/1623333.htm
https://www.ettoday.net/news/20200111/1623334.htm
https://www.ettoday.net/news/20200111/1623330.htm
https://www.ettoday.net/news/20200111/1623320.htm
https://www.ettoday.net/news/20200111/1623322.htm
https://www.ettoday.net/news/20200111/1623255.htm
https://www.ettoday.net/news/20200111/1623459.htm
https://www.ettoday.net/news/20200111/1623443.htm
https://www.ettoday.net/news/20200111/1623444.htm
https://www.ettoday.net/news/20200110/1622205.htm
https://www.ettoday.net/news/20191220/1606447.htm
https://www.ettoday.net/news/20191218/1605068.htm
https://www.ettoday.net/news/20200113/1624401.htm
https://www.ettoday.net/news/20200113/1624320.htm
https://www.ettoday.net/news/20200113/1624409.htm
https://www.ettoday.net/news/20200111/1623241.htm
https://www.ettoday.net/news/20200111/1623231.htm
https://www.ettoday.net/events/election2020/ballotReport.php7?from=rf
https://www.ettoday.net/news/20200111/1623188.htm
https://www.ettoday.net/news/20200111/1623076.htm
https://www.ettoday.net/news/20200111/1623186.htm
https://t.co/P38db2ApN7
https://twitter.com/nhk_news/status/1215862791237775360?ref_src=twsrc%5Etfw
https://www.ettoday.net/news/20200111/1622979.htm
https://www.ettoday.net/news/20200111/1622945.htm
https://www.ettoday.net/news/20200109/1621343.htm
https://www.ettoday.net/news/20200107/1619303.htm
https://www.ettoday.net/news/20200104/1617364.htm
https://www.ettoday.net/news/20200111/1622868.htm
https://www.ettoday.net/news/20200111/1623228.htm
https://www.ettoday.net/news/20200103/1616516.htm
https://www.ettoday.net/news/20200102/1616125.htm
https://www.ettoday.net/news/20200102/1616028.htm
https://www.ettoday.net/news/20200102/1615995.htm
http://house.ettoday.net/news/1616563
https://www.ettoday.net/news/20200103/1616563.htm
https://www.ettoday.net/news/20200103/1616392.htm
https://www.ettoday.net/news/20200103/1616427.htm
https://www.ettoday.net/news/20200101/1614197.htm
https://www.ettoday.net/news/20191231/1614513.htm
https://www.ettoday.net/news/20191231/1614635.htm
https://www.ettoday.net/news/20191231/1614564.htm
https://www.ettoday.net/news/20191231/1614355.htm
https://www.ettoday.net/news/20200101/1614715.htm
https://www.ettoday.net/news/20191230/1614002.htm
https://www.ettoday.net/news/20191230/1611821.htm
https://www.ettoday.net/news/20191230/1613902.htm
https://www.ettoday.net/news/tag/4D/
https://star.ettoday.net/news/1610997
https://www.newyear2020.taipei/index.html
https://www.facebook.com/taipeitravel/
https://www.youtube.com/watch?v=lcP5Er7HoFw
https://2020kaohsiung.com/
http://www.edaworld.com.tw/2020/?fbclid=IwAR2vVeNCo33bHHdc1UWbm3gmLUJC_npJ9vHx8DEQ8clzcIi8tbLBYvYTZ6E
https://www.facebook.com/yilannewyear/
https://www.ettoday.net/news/20191231/1614231.htm
https://www.ettoday.net/news/20191231/1614257.htm
https://www.ettoday.net/news/20191231/1614189.htm
https://www.ettoday.net/news/20191231/1614182.htm
https://www.ettoday.net/news/20191231/1614044.htm
https://speed.ettoday.net/news/1564491
https://speed.ettoday.net/news/1558773
https://speed.ettoday.net/news/1553239
https://speed.ettoday.net/news/1552642
https://speed.ettoday.net/news/1564816
https://speed.ettoday.net/news/1564805
https://www.ettoday.net/news/20191218/1604342.htm
https://www.ettoday.net/news/20191219/1605304.htm
https://www.ettoday.net/news/20190319/1403262.htm
https://www.ettoday.net/news/20200109/1620529.htm
https://speed.ettoday.net/news/1438076
https://speed.ettoday.net/news/1437503
https://speed.ettoday.net/news/1436669
https://speed.ettoday.net/news/1435806
https://speed.ettoday.net/news/1435295
https://speed.ettoday.net/news/1434120
https://speed.ettoday.net/news/1439320
https://speed.ettoday.net/news/1439388
https://speed.ettoday.net/news/1439274
https://speed.ettoday.net/news/1439271
https://speed.ettoday.net/news/1439224
https://www.ettoday.net/news/20190506/1438076.htm
https://www.ettoday.net/news/20190505/1437503.htm
https://www.ettoday.net/news/20190503/1435806.htm
https://www.ettoday.net/news/20190502/1435295.htm
https://www.ettoday.net/news/20190501/1434120.htm
https://www.ettoday.net/news/20190508/1439320.htm
https://www.ettoday.net/news/20190508/1439388.htm
https://www.ettoday.net/news/20190507/1439274.htm
https://www.ettoday.net/news/20190507/1439271.htm
https://www.ettoday.net/news/20190507/1439224.htm
https://www.ettoday.net/news/20191231/1609392.htm
https://www.ettoday.net/news/20191230/1614013.htm
https://www.ettoday.net/news/20191230/1613485.htm
https://www.ettoday.net/news/20191229/1612831.htm
https://www.ettoday.net/news/20200416/1692949.htm
https://www.ettoday.net/news/20191224/1608390.htm
https://www.ettoday.net/news/20191223/1608323.htm
https://www.ettoday.net/news/20200115/1626033.htm
https://www.ettoday.net/news/20191227/1612140.htm
https://www.ettoday.net/news/20191219/1606072.htm
https://www.ettoday.net/news/20191219/1606063.htm
https://www.ettoday.net/news/20191219/1605964.htm
https://www.ettoday.net/news/20191211/1599580.htm
https://www.ettoday.net/news/20191211/1599156.htm
https://www.ettoday.net/news/20191220/1606394.htm
https://www.ettoday.net/news/20191219/1606071.htm
https://www.ettoday.net/news/20191117/1581896.htm
https://www.ettoday.net/news/20191117/1581657.htm
https://www.ettoday.net/news/20190823/1519657.htm
https://www.ettoday.net/news/20190823/1519067.htm
https://www.ettoday.net/news/20190822/1518284.htm
https://www.ettoday.net/news/20190821/1517421.htm
https://www.ettoday.net/news/20190825/1520313.htm
https://www.ettoday.net/news/20190824/1520620.htm
https://www.ettoday.net/news/20190824/1520544.htm
https://www.ettoday.net/news/20190824/1520165.htm
https://www.ettoday.net/news/20190823/1519932.htm
https://www.ettoday.net/news/20191228/1612422.htm
https://www.ettoday.net/news/tag/ETDaihatsu/
https://www.ettoday.net/news/20191228/1612496.htm
https://www.ettoday.net/news/20191228/1612282.htm
https://www.ettoday.net/news/tag/EQA/
https://forum.ettoday.net/news/1627127
https://forum.ettoday.net/news/1627607
https://forum.ettoday.net/news/1627663
https://forum.ettoday.net/news/1627779
https://www.ettoday.net/news/20200420/1695603.htm?ercamp=sorted_hot_news
https://www.ettoday.net/news/20200122/1631284.htm
https://www.ettoday.net/news/20200122/1631227.htm
https://www.ettoday.net/news/20200122/1631105.htm
https://www.ettoday.net/news/20200122/1631133.htm
https://www.ettoday.net/news/20200122/1631165.htm
https://www.ettoday.net/news/20191120/1584421.htm
https://www.ettoday.net/news/20191215/1601823.htm
https://www.ettoday.net/news/20191112/1578155.htm
https://www.ettoday.net/news/20191115/1579861.htm
https://www.ettoday.net/news/20191115/1580189.htm
https://www.ettoday.net/news/20191114/1579772.htm
https://www.ettoday.net/news/20200116/1626785.htm
https://www.ettoday.net/news/20200116/1626863.htm
https://t.co/xyUYjo97BM
https://twitter.com/ADITYA_CFGP/status/1235416916824436742?ref_src=twsrc%5Etfw
https://speed.ettoday.net/news/1628253
https://speed.ettoday.net/news/1568765
https://www.ettoday.net/news/20191127/1588765.htm
https://www.ettoday.net/news/20200312/1665049.htm
https://www.ettoday.net/news/20200311/1665266.htm
https://www.ettoday.net/news/20200311/1665166.htm
https://www.ettoday.net/news/20191219/1605948.htm
https://www.ettoday.net/news/20191125/1587723.htm
https://www.ettoday.net/news/20191125/1587572.htm
https://www.ettoday.net/news/20191125/1587559.htm
https://www.ettoday.net/news/20191027/1565453.htm
https://www.ettoday.net/news/20191026/1565393.htm
https://www.ettoday.net/news/20190915/1534610.htm
https://www.ettoday.net/news/20190914/1534249.htm
https://www.ettoday.net/news/20190913/1534151.htm
https://www.ettoday.net/news/20190908/1530411.htm
https://www.ettoday.net/news/20190907/1530354.htm
https://www.ettoday.net/news/20190907/1530422.htm
https://www.ettoday.net/news/20190905/1528656.htm
https://www.ettoday.net/news/20190907/1530830.htm
https://www.ettoday.net/news/20190821/1517004.htm
https://www.ettoday.net/news/20190820/1516978.htm
https://www.ettoday.net/news/20190819/1516320.htm
https://www.ettoday.net/news/20190824/1519252.htm
https://www.ettoday.net/news/20190823/1519302.htm
https://www.ettoday.net/news/20190823/1519736.htm
https://www.ettoday.net/news/20190823/1519567.htm
https://www.ettoday.net/news/20190802/1502993.htm
https://www.ettoday.net/news/20190731/1502157.htm
https://www.ettoday.net/news/20190730/1500907.htm
https://www.ettoday.net/news/20190730/1500878.htm
https://www.ettoday.net/news/20190805/1505705.htm
https://www.ettoday.net/news/20190804/1505628.htm
https://www.ettoday.net/news/20190804/1504851.htm
https://www.ettoday.net/news/20190519/1445474.htm
https://www.ettoday.net/news/20190518/1445788.htm
https://www.ettoday.net/news/20190517/1445827.htm
https://www.ettoday.net/news/20190517/1445034.htm
https://www.ettoday.net/news/20190520/1448509.htm
https://www.ettoday.net/news/20190520/1448524.htm
https://www.ettoday.net/news/20190520/1448245.htm
https://www.ettoday.net/news/20190519/1447484.htm
https://www.ettoday.net/news/20190519/1447920.htm
https://www.ettoday.net/news/20190321/1403320.htm
https://www.ettoday.net/news/20190320/1403967.htm
https://www.ettoday.net/news/20190319/1402241.htm
https://www.ettoday.net/news/20190319/1402205.htm
https://www.ettoday.net/news/20190316/1400486.htm
https://www.ettoday.net/news/20190115/1356319.htm
https://www.ettoday.net/news/20190114/1356196.htm
https://www.ettoday.net/news/20190114/1356087.htm
https://www.ettoday.net/news/20190113/1354935.htm
https://www.ettoday.net/news/20190110/1353414.htm
https://www.ettoday.net/news/20190110/1353363.htm
https://www.ettoday.net/news/20190115/1356551.htm
https://www.ettoday.net/news/20190114/1355372.htm
https://www.ettoday.net/news/20181115/1306382.htm
https://www.ettoday.net/news/20181113/1305351.htm
https://www.ettoday.net/news/20181112/1304129.htm
https://www.ettoday.net/news/20181112/1304085.htm
https://www.ettoday.net/news/20181111/1302497.htm
https://www.ettoday.net/news/20181025/1289594.htm
https://www.ettoday.net/news/20181025/1289569.htm
https://www.ettoday.net/news/20181024/1288763.htm
https://www.ettoday.net/news/20181024/1288760.htm
https://www.ettoday.net/news/20181023/1287815.htm
https://www.ettoday.net/news/20181023/1287518.htm
https://www.ettoday.net/news/20181018/1284761.htm
https://www.ettoday.net/news/20181022/1287404.htm
https://www.ettoday.net/news/20180812/1233832.htm
https://www.ettoday.net/news/20180812/1233776.htm
https://www.ettoday.net/news/20180811/1233025.htm
https://www.ettoday.net/news/20180811/1229032.htm
https://www.ettoday.net/news/20180810/1232247.htm
https://www.ettoday.net/news/20180809/1231468.htm
https://www.ettoday.net/news/20180809/1231340.htm
https://www.ettoday.net/news/20180807/1229774.htm
https://www.ettoday.net/news/20180722/1217530.htm
https://www.ettoday.net/news/20180721/1217514.htm
https://www.ettoday.net/news/20180720/1217204.htm
https://www.ettoday.net/news/20180720/1217121.htm
https://www.ettoday.net/news/20180720/1216684.htm
https://www.ettoday.net/news/20180719/1216438.htm
https://www.ettoday.net/news/tag/ETRollsroyce/
https://www.ettoday.net/news/20180705/1205745.htm
https://www.ettoday.net/news/20180704/1204955.htm
https://www.ettoday.net/news/20180704/1203765.htm
https://health.ettoday.net/news/1695633
https://www.facebook.com/lovedocforyou/
https://www.youtube.com/channel/UCtp3fOGWRwmWrHqhwikGfSQ
https://health.ettoday.net/search.phtml?keyword=FB
https://health.ettoday.net/search.phtml?keyword=IG
https://www.youtube.com/watch?v=3ql0zMzEw2c
https://www.ettoday.net/news/20200103/1616895.htm
https://pets.ettoday.net/news/1616446
https://www.ettoday.net/news/20200101/1614310.htm
https://www.ettoday.net/news/20200103/1616523.htm
https://www.ettoday.net/news/20200103/1616615.htm
https://www.ettoday.net/news/20200102/1614686.htm
https://www.ettoday.net/news/20200101/1614625.htm
https://www.ettoday.net/news/20200116/1625475.htm
https://www.ettoday.net/news/20200115/1626141.htm
https://health.ettoday.net/news/1627120
https://www.ettoday.net/news/20200116/1627310.htm
https://www.ettoday.net/news/20200114/1624938.htm
https://www.ettoday.net/news/20200113/1624742.htm
https://www.ettoday.net/news/20200116/1626906.htm
https://www.ettoday.net/news/20200116/1626861.htm
https://www.ettoday.net/news/20200116/1626886.htm
https://www.ettoday.net/news/20200116/1626806.htm
https://www.facebook.com/Dreyeeye/
https://www.ettoday.net/news/20200114/1625089.htm
https://www.books.com.tw/products/0010831821
https://www.ettoday.net/news/20200114/1625214.htm
https://www.ettoday.net/news/20200114/1624740.htm
https://www.ettoday.net/news/20200114/1624692.htm
https://www.ettoday.net/news/20200113/1624647.htm
https://www.ettoday.net/news/20200114/1624587.htm
https://www.ettoday.net/news/20200113/1624373.htm
https://www.ettoday.net/news/20200113/1623084.htm
https://www.ettoday.net/news/20200114/1625503.htm
https://attractmenyouwant.com/?p=11032
https://www.d1xz.net/astro/aiqing/art345416.aspx
https://www.ettoday.net/news/20200112/1622795.htm
https://www.ettoday.net/news/20200111/1622724.htm
https://www.ettoday.net/news/20200112/1622598.htm
https://www.ettoday.net/news/20200110/1621674.htm
https://www.ettoday.net/news/20200111/1621598.htm
https://www.ettoday.net/news/20200110/1621518.htm
https://www.ettoday.net/news/20200109/1621263.htm
https://www.ettoday.net/news/20200110/1620855.htm
https://www.ettoday.net/news/20200117/1627913.htm
https://www.ettoday.net/news/20200105/1617313.htm
https://www.ettoday.net/news/20200116/1625094.htm
https://www.ettoday.net/news/20200114/1623956.htm
https://www.ettoday.net/news/20200113/1623717.htm
https://www.ettoday.net/news/20200109/1621157.htm
https://www.ettoday.net/news/20200108/1620273.htm
https://www.ettoday.net/news/20200107/1618921.htm
https://www.ettoday.net/news/20200102/1615655.htm
https://www.ettoday.net/news/20200114/1623716.htm
https://www.ettoday.net/news/20200106/1615653.htm
https://www.ettoday.net/news/20200117/1625623.htm
https://www.ettoday.net/news/20200115/1626067.htm
https://agilove.tw/
https://www.facebook.com/agilove.tw
http://cart.books.com.tw/member/login?url=//www.books.com.tw/products/0010723732
https://www.ettoday.net/news/20200116/1626717.htm
https://www.ettoday.net/news/20200115/1626319.htm
https://www.youtube.com/watch?v=AGz8si39S0A
https://www.ettoday.net/news/20200116/1627017.htm
https://www.ettoday.net/news/20200117/1626896.htm
https://www.ettoday.net/news/tag/HPV/
https://www.bmj.com/content/365/bmj.l2323
https://www.ettoday.net/news/20200117/1627537.htm
https://www.ettoday.net/news/20200116/1626414.htm
https://www.ettoday.net/news/20200116/1626258.htm
https://www.ettoday.net/news/20200121/1630024.htm
https://www.ettoday.net/news/20200121/1630043.htm
https://www.ettoday.net/news/20200121/1630022.htm
https://www.ettoday.net/news/20200121/1630010.htm
https://www.ettoday.net/news/20200121/1629994.htm
https://www.ettoday.net/news/20200120/1629929.htm
https://www.ettoday.net/news/20200119/1628693.htm
https://www.ettoday.net/news/20200105/1613751.htm
https://www.ettoday.net/news/20200116/1626911.htm
https://www.ettoday.net/news/20200116/1626601.htm
https://www.ettoday.net/news/20200116/1626713.htm
https://www.ettoday.net/news/tag/Swarovski/
https://health.ettoday.net/news/1363268?redirect=1
https://www.ettoday.net/news/20200116/1627305.htm
https://www.ettoday.net/news/20200110/1622553.htm
https://www.ettoday.net/news/20200110/1622634.htm
https://www.ettoday.net/news/20200102/1615064.htm
https://www.ettoday.net/news/20200110/1622173.htm
https://www.ettoday.net/news/20200109/1621321.htm
https://www.ettoday.net/news/20200108/1620441.htm
https://www.youtube.com/watch?v=k1WFcPq7VxQ
https://health.ettoday.net/news/1619939
https://fashion.ettoday.net/news/1620027
https://www.ettoday.net/news/20200101/1615025.htm
https://www.ettoday.net/news/20200109/1621131.htm
https://www.ettoday.net/news/20200109/1620350.htm
https://www.ettoday.net/news/20200109/1621027.htm
https://www.youtube.com/watch?v=zG1bBIbfwUk
https://www.facebook.com/ENT.Dr.Kuan/
https://www.ettoday.net/news/20200103/1616694.htm
https://www.ettoday.net/news/20200101/1614752.htm
https://www.ettoday.net/news/20200106/1618558.htm
https://www.ettoday.net/news/20200105/1617774.htm
https://www.ettoday.net/news/20200101/1614639.htm
https://www.ettoday.net/news/20191229/1612777.htm
https://www.ettoday.net/news/20191227/1611380.htm
https://www.ettoday.net/news/20191221/1606330.htm
https://www.youtube.com/watch?v=6wEP82nddHk
https://www.ettoday.net/news/20200101/1612461.htm
https://www.ettoday.net/news/20200105/1618180.htm
https://www.ettoday.net/news/20200104/1617387.htm
https://www.ettoday.net/news/20200104/1617287.htm
https://www.youtube.com/watch?v=E73uzrl8vuI
https://www.ettoday.net/news/20200104/1616921.htm
https://www.ettoday.net/news/20200104/1616804.htm
https://www.ettoday.net/news/20200104/1616698.htm
https://www.youtube.com/watch?v=00vp79YURO4
https://www.ettoday.net/news/20200104/1615410.htm
https://www.ettoday.net/news/20200104/1616240.htm
https://www.ettoday.net/news/20200103/1616964.htm
https://www.ettoday.net/news/20200103/1616732.htm
https://www.ettoday.net/news/20200114/1625269.htm
https://www.ettoday.net/news/20200110/1622562.htm
https://www.ettoday.net/news/20200115/1625746.htm
https://www.ettoday.net/news/20200114/1625551.htm
https://www.ettoday.net/news/20200114/1625231.htm
https://www.ettoday.net/news/20200114/1625042.htm
https://www.ettoday.net/news/20200114/1625365.htm
https://www.ettoday.net/news/20200111/1623039.htm
https://www.ettoday.net/news/20200111/1623048.htm
https://www.ettoday.net/news/20200111/1622855.htm
https://www.ettoday.net/news/20200119/1628732.htm
https://www.ettoday.net/news/20200118/1628299.htm
https://www.ettoday.net/news/20200116/1626768.htm
https://pets.ettoday.net/news/1627955
https://pets.ettoday.net/news/1626705
https://pets.ettoday.net/news/1626968
https://www.ettoday.net/news/20200117/1627731.htm
https://www.ettoday.net/news/20200117/1627921.htm
https://www.ettoday.net/news/20200117/1627735.htm
https://www.ettoday.net/news/20200116/1626705.htm
https://www.ettoday.net/news/20200116/1626662.htm
https://www.ettoday.net/news/20200116/1626663.htm
https://www.ettoday.net/news/20200116/1626909.htm
https://www.ettoday.net/news/20200116/1626666.htm
https://www.ettoday.net/news/20200119/1628813.htm
https://www.ettoday.net/news/20200118/1628330.htm
https://www.ettoday.net/news/20200118/1628519.htm
https://www.ettoday.net/news/20200118/1628317.htm
https://www.ettoday.net/news/20200102/1615413.htm
https://www.ettoday.net/news/20191231/1614853.htm
https://www.ettoday.net/news/20191225/1610452.htm
https://www.ettoday.net/news/20191222/1607742.htm
https://www.ettoday.net/news/tag/Suzy/
https://www.ettoday.net/news/20190625/1474765.htm
https://www.ettoday.net/news/20190423/1424416.htm
https://www.ettoday.net/news/20190226/1387558.htm
https://www.ettoday.net/news/20190115/1357083.htm
https://www.ettoday.net/news/tag/ETGenesis/
https://www.ettoday.net/news/20200116/1627265.htm
https://www.ettoday.net/news/20200116/1627282.htm
https://www.ettoday.net/news/20200116/1626854.htm
https://www.ettoday.net/news/20200116/1626903.htm
https://www.ettoday.net/news/20200408/1686475.htm?from=pctaglist 
https://www.ettoday.net/news/20200120/1629374.htm?from=pctaglist 
https://www.ettoday.net/news/20200117/1628130.htm?from=pctaglist 
https://www.ettoday.net/news/20191208/1596876.htm?from=pctaglist 
https://www.ettoday.net/news/20190620/1471114.htm?from=pctaglist 
https://www.ettoday.net/news/20190613/1466689.htm?from=pctaglist 
https://www.ettoday.net/news/20180508/1165682.htm?from=pctaglist 
https://www.ettoday.net/news/20171219/1075524.htm?from=pctaglist 
https://www.ettoday.net/news/20171124/1059412.htm?from=pctaglist 
https://www.ettoday.net/news/20170814/988373.htm?from=pctaglist 
https://www.ettoday.net/news/20170622/950995.htm?from=pctaglist 
https://www.ettoday.net/news/20170614/945257.htm?from=pctaglist 
https://www.ettoday.net/news/20170514/924227.htm?from=pctaglist 
https://www.ettoday.net/news/20170506/918869.htm?from=pctaglist 
https://www.ettoday.net/news/20170319/887588.htm?from=pctaglist 
https://www.ettoday.net/news/20161029/801787.htm?from=pctaglist 
https://www.ettoday.net/news/20160925/781677.htm?from=pctaglist 
https://www.ettoday.net/news/20160802/747103.htm?from=pctaglist 
https://www.ettoday.net/news/20160630/726090.htm?from=pctaglist 
https://www.ettoday.net/news/20160523/703352.htm?from=pctaglist 
https://www.ettoday.net/news/20200118/1628647.htm
https://www.ettoday.net/news/20200117/1627673.htm
https://www.ettoday.net/news/20200116/1624399.htm
https://www.ettoday.net/news/20200116/1626759.htm
https://www.ettoday.net/news/20200115/1626584.htm
https://www.mirrormedia.mg/story/20200319gameyoutuber02/
https://www.ettoday.net/news/20200320/1672470.htm
https://www.ettoday.net/news/20200320/1671444.htm
https://www.ettoday.net/news/20200320/1672056.htm
https://www.ettoday.net/news/20200320/1672046.htm
https://www.ettoday.net/news/20200319/1671944.htm
https://www.ettoday.net/news/20200117/1627643.htm
https://www.ettoday.net/news/20200117/1627642.htm
https://www.ettoday.net/news/20200117/1627728.htm
https://www.ettoday.net/news/20200117/1627523.htm
https://www.ettoday.net/news/20200117/1627465.htm
https://www.ettoday.net/news/20200116/1627440.htm
https://www.ettoday.net/news/20200116/1627330.htm
https://www.ettoday.net/news/20200117/1627544.htm
https://www.ettoday.net/news/20200117/1627617.htm
https://www.ettoday.net/news/20200116/1627030.htm
https://www.ettoday.net/news/20200120/1629402.htm
https://www.ettoday.net/news/20200121/1629920.htm
https://www.ettoday.net/news/20200120/1629931.htm
https://www.ettoday.net/news/20200120/1629769.htm
https://www.ettoday.net/news/20200120/1629591.htm
https://www.facebook.com/barrier33/posts/2624821677565664
https://pets.ettoday.net/news/1628466
https://pets.ettoday.net/news/1627617
https://www.ettoday.net/news/20200120/1629384.htm
https://www.ettoday.net/news/20200120/1629206.htm
https://www.ettoday.net/news/20200120/1629249.htm
https://www.ettoday.net/news/20200119/1629132.htm
https://www.ettoday.net/news/20200118/1628244.htm?from=pctaglist 
https://www.ettoday.net/news/20191105/1572229.htm?from=pctaglist 
https://speed.ettoday.net/news/1660162
https://speed.ettoday.net/news/1649244?redirect=1
https://www.ettoday.net/news/20200311/1664552.htm
https://www.ettoday.net/news/20200312/1665891.htm
https://www.ettoday.net/news/20200312/1665216.htm
https://www.ettoday.net/news/20200312/1665221.htm
https://www.ettoday.net/news/20200312/1665457.htm
https://www.ettoday.net/news/20200311/1665213.htm
https://www.ettoday.net/news/tag/ETLandrover/
https://www.ettoday.net/news/20200305/1660792.htm
https://www.ettoday.net/news/20200305/1660774.htm
https://www.ettoday.net/news/20200305/1660637.htm
https://www.ettoday.net/news/20200305/1660352.htm
https://www.ettoday.net/news/20200305/1660181.htm
https://speed.ettoday.net/news/1634369?redirect=1
https://speed.ettoday.net/news/1592836?redirect=1
https://www.ettoday.net/news/20200109/1618877.htm
https://www.ettoday.net/news/20191117/1581369.htm
https://www.ettoday.net/news/20190816/1514131.htm
https://www.ettoday.net/news/20200225/1652896.htm
https://www.ettoday.net/news/20200225/1652679.htm
https://www.ettoday.net/news/20200224/1653013.htm
https://www.ettoday.net/news/20200224/1652785.htm
https://www.ettoday.net/news/20200224/1652658.htm
https://www.ettoday.net/news/20191216/1603411.htm
https://www.ettoday.net/news/20191216/1603319.htm
https://www.ettoday.net/news/20191216/1603314.htm
https://www.ettoday.net/news/20191216/1603001.htm
https://www.ettoday.net/news/20191216/1603057.htm
https://www.ettoday.net/news/20190711/1487117.htm
https://www.ettoday.net/news/20190710/1486972.htm
https://www.ettoday.net/news/20190710/1486960.htm
https://speed.ettoday.net/news/1475538
https://www.ettoday.net/news/20190626/1475538.htm
https://www.ettoday.net/news/20190220/1382336.htm
https://www.ettoday.net/news/20190706/1483511.htm
https://www.ettoday.net/news/20190705/1482910.htm
https://www.ettoday.net/news/20190705/1482702.htm
https://www.ettoday.net/news/20190624/1474042.htm
https://www.ettoday.net/news/20190624/1473965.htm
https://www.ettoday.net/news/20190624/1473899.htm
https://www.ettoday.net/news/20190623/1473687.htm
https://www.ettoday.net/news/20190603/1459333.htm
https://www.ettoday.net/news/20190603/1458785.htm
https://www.ettoday.net/news/20190602/1458646.htm
https://www.ettoday.net/news/20190602/1458491.htm
https://www.ettoday.net/news/20190519/1448192.htm
https://www.ettoday.net/news/20190516/1445864.htm
https://www.ettoday.net/news/20190515/1445363.htm
https://www.ettoday.net/news/20190514/1444545.htm
https://www.ettoday.net/news/20190511/1441998.htm
https://www.ettoday.net/news/20190510/1441389.htm
https://www.ettoday.net/news/20190604/1459018.htm
https://www.ettoday.net/news/20190603/1459295.htm
https://www.ettoday.net/news/20181125/1315745.htm
https://www.ettoday.net/news/20181125/1315642.htm
https://www.ettoday.net/news/20181122/1313436.htm
https://www.ettoday.net/news/20181122/1313136.htm
https://www.ettoday.net/news/20181121/1312432.htm
https://www.ettoday.net/news/20181120/1310882.htm
https://www.ettoday.net/news/20180906/1251295.htm
https://www.ettoday.net/news/20180905/1252395.htm
https://www.ettoday.net/news/20180905/1249988.htm
https://www.ettoday.net/news/20180905/1251686.htm
https://www.ettoday.net/news/20180905/1252007.htm
https://www.ettoday.net/news/20180905/1251680.htm
https://www.ettoday.net/news/20181130/1319799.htm
https://www.ettoday.net/news/20181122/1311914.htm
https://www.ettoday.net/news/20181119/1309803.htm
https://www.ettoday.net/news/20181115/1305430.htm
https://www.ettoday.net/news/tag/Recaro/
https://www.ettoday.net/news/20180830/1248082.htm
https://www.ettoday.net/news/20180830/1247970.htm
https://www.ettoday.net/news/20180830/1247881.htm
https://www.ettoday.net/news/20180830/1247000.htm
https://www.ettoday.net/news/20180830/1247257.htm
https://www.ettoday.net/news/20180830/1247047.htm
https://www.ettoday.net/news/20180706/1206640.htm
https://www.ettoday.net/news/20180706/1206870.htm
https://www.ettoday.net/news/20180707/1206592.htm
https://www.ettoday.net/news/20180701/1202694.htm
https://www.ettoday.net/news/20170801/979006.htm
https://www.ettoday.net/news/20170801/978690.htm
https://www.ettoday.net/news/20170801/978384.htm
https://www.ettoday.net/news/20170802/978312.htm
https://www.ettoday.net/news/20170731/978246.htm
https://www.ettoday.net/news/20181214/1330058.htm
https://www.ettoday.net/news/20181211/1328379.htm
https://www.ettoday.net/news/tag/sport/
https://www.ettoday.net/news/20170213/865593.htm
https://www.ettoday.net/news/20170213/865560.htm
https://www.ettoday.net/news/20170212/865403.htm
https://www.ettoday.net/news/tag/Genesis/
http://fashion.ettoday.net/focus/%E7%94%B7%E4%BA%BA%E8%A9%B1%E9%A1%8C
https://www.ettoday.net/news/20160713/734794.htm
https://www.ettoday.net/news/20160713/734115.htm
https://www.ettoday.net/news/20160713/734103.htm
https://www.ettoday.net/news/20200420/1695619.htm
https://www.ettoday.net/news/20181210/1326823.htm
https://dailyview.tw/Daily/2020/02/11?page=2
https://www.ettoday.net/news/20200203/1636519.htm
https://www.ettoday.net/news/20200201/1635759.htm
https://www.ettoday.net/news/20200128/1633394.htm
https://www.ettoday.net/news/20200212/1643464.htm
https://www.ettoday.net/news/20200212/1643515.htm
https://www.ettoday.net/news/20200212/1643735.htm
https://www.ettoday.net/news/20200211/1643289.htm
https://www.ettoday.net/news/20200211/1643151.htm
https://www.ettoday.net/news/20200211/1642942.htm
https://www.ettoday.net/news/20200229/1656546.htm
https://www.ettoday.net/news/20200303/1658967.htm
https://www.ettoday.net/news/20200303/1658947.htm
https://www.ettoday.net/news/20200221/1650717.htm
https://www.ettoday.net/news/20200225/1653764.htm
https://www.ettoday.net/news/20200223/1652170.htm
https://www.ettoday.net/news/20200223/1651978.htm
https://www.ettoday.net/news/20200331/1680649.htm
https://www.ettoday.net/news/20200330/1680316.htm
https://www.ettoday.net/news/20200329/1679475.htm
https://www.ettoday.net/news/20200329/1679468.htm
https://www.ettoday.net/news/20200329/1679302.htm
https://www.ettoday.net/news/20191222/1607683.htm
https://www.ettoday.net/news/20191220/1606439.htm
https://www.ettoday.net/news/20191220/1606699.htm
https://www.ettoday.net/news/20191222/1607557.htm
https://www.ettoday.net/news/20191222/1607449.htm
https://www.ettoday.net/news/20191221/1607347.htm
https://www.ettoday.net/news/20191221/1607175.htm
https://www.ettoday.net/news/20200222/1651773.htm
https://www.ettoday.net/news/20200228/1655924.htm
https://www.ettoday.net/news/20200227/1655478.htm
https://www.ettoday.net/news/20200227/1655241.htm
https://www.ettoday.net/news/20200226/1654760.htm
https://www.ettoday.net/news/20200226/1654587.htm
https://www.ettoday.net/news/20200220/1649785.htm
https://www.ettoday.net/news/20200219/1649557.htm
https://www.ettoday.net/news/20200224/1652910.htm
https://www.ettoday.net/news/20200220/1649990.htm
http://maoup.com.tw/?p=11169
https://www.ettoday.net/news/20200227/1655545.htm
https://www.ettoday.net/news/20200225/1653019.htm
https://www.youtube.com/watch?v=uPcisRwtbY4
https://www.ettoday.net/news/20200229/1656850.htm
https://www.ettoday.net/news/20200229/1656895.htm
https://www.ettoday.net/news/20200229/1656755.htm
https://www.ettoday.net/news/20200229/1656627.htm
https://www.ettoday.net/news/20200226/1654426.htm
https://www.ettoday.net/news/20200224/1652526.htm
https://www.ettoday.net/news/20200223/1652248.htm
https://www.ettoday.net/news/20200223/1652211.htm
https://www.ettoday.net/news/20200305/1660399.htm
https://www.ettoday.net/news/20200305/1660381.htm
https://www.ettoday.net/news/20200305/1660333.htm
https://www.ettoday.net/news/20200305/1660248.htm
https://www.ettoday.net/news/20200305/1660119.htm
https://www.ettoday.net/news/20200305/1660850.htm
https://www.ettoday.net/news/20200305/1660818.htm
https://www.ettoday.net/news/20200305/1660815.htm
https://www.ettoday.net/news/20200305/1660807.htm
https://www.ettoday.net/news/20200305/1660769.htm
https://www.ettoday.net/news/20200306/1661037.htm
https://www.ettoday.net/news/20200306/1661066.htm
https://www.ettoday.net/news/20200306/1661626.htm
https://www.ettoday.net/news/20200306/1661595.htm
https://www.ettoday.net/news/20200306/1661586.htm
https://fashion.ettoday.net/news/1647007
https://fashion.ettoday.net/news/1658145
https://www.ettoday.net/news/20200306/1661361.htm
https://www.ettoday.net/news/20200306/1661371.htm
https://www.ettoday.net/news/20200306/1661347.htm
https://www.ettoday.net/news/20200306/1661363.htm
https://pets.ettoday.net/news/1659084
https://pets.ettoday.net/news/1659738
https://pets.ettoday.net/news/1659089
https://pets.ettoday.net/news/1655054
https://pets.ettoday.net/news/1654379
https://www.ettoday.net/news/20200226/1654378.htm
https://www.ettoday.net/news/20200226/1654379.htm
https://pets.ettoday.net/news/1653228
https://www.ettoday.net/news/20200227/1655008.htm
https://www.ettoday.net/news/20200226/1654982.htm
https://www.ettoday.net/news/20200226/1654312.htm
https://www.facebook.com/o.g.rock1976
https://www.ettoday.net/news/20200219/1649177.htm
https://www.ettoday.net/news/20200218/1648311.htm
https://www.ettoday.net/news/20200218/1647885.htm
https://www.ettoday.net/news/20200218/1647961.htm
https://www.ettoday.net/news/20200301/1657048.htm
https://www.ettoday.net/news/20200301/1657218.htm
https://www.ettoday.net/news/20200301/1657035.htm
https://www.ettoday.net/news/20200229/1656633.htm
https://www.ettoday.net/news/20200229/1656561.htm
https://t.co/DM0uZJxLjn
https://twitter.com/mohu_Movie/status/1229955204310716416?ref_src=twsrc%5Etfw
https://www.ettoday.net/news/20200228/1656119.htm
https://www.ettoday.net/news/20200221/1651081.htm
https://www.ettoday.net/news/20200221/1650832.htm
https://www.ettoday.net/news/20200227/1655532.htm
https://pets.ettoday.net/news/1656119
https://pets.ettoday.net/news/1656053
https://pets.ettoday.net/news/1652655
https://www.ettoday.net/news/20200229/1656027.htm
https://www.ettoday.net/news/20200228/1656053.htm
https://www.ettoday.net/news/20200228/1656009.htm
https://www.ettoday.net/news/20200226/1654216.htm
https://www.ettoday.net/news/20200226/1654217.htm
https://www.ettoday.net/news/20200226/1654393.htm
https://www.ettoday.net/news/20200226/1654219.htm
https://www.ettoday.net/news/20200226/1654213.htm
https://www.ettoday.net/news/20200229/1656761.htm
https://www.ettoday.net/news/20200229/1656553.htm
https://www.ettoday.net/news/20200307/1662068.htm
https://www.ettoday.net/news/20200307/1661876.htm
https://www.tiktok.com/tag/deer
https://www.ettoday.net/news/20200306/1661065.htm
https://www.ettoday.net/news/20200303/1658768.htm
https://www.ettoday.net/news/20200303/1658247.htm
https://www.ettoday.net/news/20200303/1658386.htm
https://www.facebook.com/mitynmiku/
https://pets.ettoday.net/news/1652786
https://pets.ettoday.net/news/1651206
https://www.ettoday.net/news/20200224/1652655.htm
https://www.ettoday.net/news/20200224/1652433.htm
https://www.ettoday.net/news/20200224/1652492.htm
https://www.ettoday.net/news/20200229/1656569.htm
https://www.ettoday.net/news/20200307/1662056.htm
https://www.ettoday.net/news/20200307/1661899.htm
https://www.ettoday.net/news/20200307/1661820.htm
https://www.ettoday.net/news/20200307/1661889.htm
https://www.ettoday.net/news/20200302/1657433.htm
https://www.ettoday.net/news/20200302/1657615.htm
https://pets.ettoday.net/news/1367868
https://www.ettoday.net/news/20200224/1652853.htm
https://www.ettoday.net/news/20200224/1652813.htm
https://www.ettoday.net/news/20200224/1652485.htm
https://www.ettoday.net/news/20200224/1652440.htm
https://www.ettoday.net/news/20200224/1652405.htm
https://www.ettoday.net/news/20200223/1651974.htm
https://www.ettoday.net/news/20200301/1656985.htm
https://www.ettoday.net/news/20200301/1657051.htm
https://www.ehrdogs.org/animals/detail?AnimalID=4434762
https://www.ettoday.net/news/20200301/1656864.htm
https://www.ettoday.net/news/20200229/1656776.htm
https://www.ettoday.net/news/20200229/1656476.htm
https://www.ettoday.net/news/20200228/1656140.htm
https://www.ettoday.net/news/20200227/1655051.htm
https://www.ettoday.net/news/20191107/1574656.htm
https://www.ettoday.net/news/20190614/1466919.htm
https://www.ettoday.net/news/20190122/1362947.htm
https://www.ettoday.net/news/20181219/1334741.htm
https://www.ettoday.net/news/20200306/1661270.htm
https://www.ettoday.net/news/20200306/1661025.htm
https://www.ettoday.net/news/20200306/1660938.htm
https://www.ettoday.net/news/20200306/1660929.htm
https://www.ettoday.net/news/20200305/1660453.htm
https://fashion.ettoday.net/news/1661436/
https://fashion.ettoday.net/news/1661275/
https://www.ettoday.net/news/20200306/1661110.htm
https://www.ettoday.net/news/20200306/1661058.htm
https://www.ettoday.net/news/20200306/1660900.htm
https://www.ettoday.net/news/20200305/1660754.htm
/news/tag/Charlotte Olympia/
https://www.ettoday.net/news/20200305/1660830.htm
https://www.ettoday.net/news/20200305/1660519.htm
https://www.ettoday.net/news/20200305/1660269.htm
https://www.ettoday.net/news/20200306/1661077.htm
https://www.ettoday.net/news/20200305/1660585.htm
https://www.ettoday.net/news/20200307/1658997.htm?from=pctaglist 
https://www.ettoday.net/news/20200225/1653984.htm?from=pctaglist 
https://www.ettoday.net/news/20200212/1643863.htm?from=pctaglist 
https://www.ettoday.net/news/20200211/1642553.htm?from=pctaglist 
https://www.ettoday.net/news/20200203/1636948.htm?from=pctaglist 
https://www.ettoday.net/news/20200131/1635105.htm?from=pctaglist 
https://www.ettoday.net/news/20200130/1634732.htm?from=pctaglist 
https://www.ettoday.net/news/20200128/1633533.htm?from=pctaglist 
https://www.ettoday.net/news/20200119/1629111.htm?from=pctaglist 
https://www.ettoday.net/news/20200114/1625123.htm?from=pctaglist 
https://www.ettoday.net/news/20200107/1619838.htm?from=pctaglist 
https://www.ettoday.net/news/20200106/1618485.htm?from=pctaglist 
https://www.ettoday.net/news/20200104/1617631.htm?from=pctaglist 
https://www.ettoday.net/news/20200104/1617493.htm?from=pctaglist 
https://www.ettoday.net/news/20200102/1616080.htm?from=pctaglist 
https://www.ettoday.net/news/20200102/1616035.htm?from=pctaglist 
https://www.ettoday.net/news/20200102/1615704.htm?from=pctaglist 
https://www.ettoday.net/news/20200102/1615459.htm?from=pctaglist 
https://www.ettoday.net/news/20200102/1615446.htm?from=pctaglist 
https://www.ettoday.net/news/20200302/1658061.htm
https://www.ettoday.net/news/20200302/1658095.htm
https://www.ettoday.net/news/20200302/1657766.htm
https://www.ettoday.net/news/20200302/1657633.htm
https://www.ettoday.net/news/20200302/1657460.htm
https://www.ettoday.net/news/20200303/1658189.htm
https://www.ettoday.net/news/20200303/1658185.htm
https://www.ettoday.net/news/20200303/1658175.htm
https://www.ettoday.net/news/20200303/1658184.htm
https://www.ettoday.net/news/20200302/1657908.htm
https://www.ettoday.net/news/20200302/1657899.htm
https://www.ettoday.net/news/20200302/1658093.htm
https://www.ettoday.net/news/20200302/1658100.htm
https://www.ettoday.net/news/20200227/1655264.htm
https://www.ettoday.net/news/20200303/1658123.htm
https://www.ettoday.net/news/20200302/1657745.htm
https://www.ettoday.net/news/20200301/1657049.htm
https://www.ettoday.net/news/20200226/1654554.htm
https://www.ettoday.net/news/20200226/1654158.htm
https://www.ettoday.net/news/20200303/1658661.htm
https://www.ettoday.net/news/20200303/1658608.htm
https://www.ettoday.net/news/20200302/1658107.htm
https://www.ettoday.net/news/20200302/1658080.htm
https://www.ettoday.net/news/20200302/1657715.htm
https://www.ettoday.net/news/tag/600/
https://www.ettoday.net/news/20200304/1659369.htm
https://www.ettoday.net/news/20200304/1659079.htm
https://www.ettoday.net/news/20200304/1659120.htm
https://www.ettoday.net/news/20200304/1659238.htm
https://www.ettoday.net/news/20200303/1658691.htm?from=ettoday_app
https://www.ettoday.net/news/20200226/1654439.htm
https://www.ettoday.net/news/20200226/1654065.htm
https://www.ettoday.net/news/20200219/1648796.htm
https://www.ettoday.net/news/20200206/1639181.htm
https://www.ettoday.net/news/20200216/1646878.htm
https://www.ettoday.net/news/20200211/1643064.htm
https://www.ettoday.net/news/20200207/1640409.htm
https://www.ettoday.net/news/20200108/1620697.htm
https://www.ettoday.net/news/20191226/1610663.htm
https://www.ettoday.net/news/20200210/1642006.htm
https://www.ettoday.net/news/20200219/1649285.htm
https://www.ettoday.net/news/20200218/1648265.htm
https://www.ettoday.net/news/20200218/1648247.htm
https://www.ettoday.net/news/20200225/1653829.htm
https://www.ettoday.net/news/20200225/1652943.htm
https://www.ettoday.net/news/20200222/1651734.htm
https://www.ettoday.net/news/20200221/1651028.htm
https://www.ettoday.net/news/20200217/1647713.htm
https://www.ettoday.net/news/20200212/1643606.htm
https://www.ettoday.net/news/20200225/1652955.htm
https://www.ettoday.net/news/20200211/1642872.htm
https://www.ettoday.net/news/20200220/1650363.htm
https://www.ettoday.net/news/20200220/1650317.htm
https://www.ettoday.net/news/20200220/1650344.htm
https://www.ettoday.net/news/20200220/1650315.htm
https://www.ettoday.net/news/20200211/1642777.htm
https://www.ettoday.net/news/20200218/1648425.htm
https://www.ettoday.net/news/20200217/1647614.htm
https://www.ettoday.net/news/20200213/1644857.htm
https://www.ettoday.net/news/20200303/1658391.htm
https://www.ettoday.net/news/20200304/1659837.htm
https://www.ettoday.net/news/20200304/1659574.htm
https://www.ettoday.net/news/20200304/1659135.htm
https://www.ettoday.net/news/20200303/1658278.htm
https://www.ettoday.net/news/20191226/1610536.htm
https://www.ettoday.net/news/20191125/1587370.htm
https://www.ettoday.net/news/20191118/1582245.htm
https://www.ettoday.net/news/20200305/1660095.htm
https://www.ettoday.net/news/20200305/1658784.htm
https://www.ettoday.net/news/20200305/1659963.htm
https://www.ettoday.net/news/20200304/1659691.htm
https://www.ettoday.net/news/20200303/1658731.htm
https://www.ettoday.net/news/20200305/1660364.htm
https://www.ettoday.net/news/20200305/1660145.htm
https://www.ettoday.net/news/20200305/1660127.htm
https://www.ettoday.net/news/20200305/1660122.htm
https://www.ettoday.net/news/20200229/1656738.htm
https://www.ettoday.net/news/20200228/1654343.htm
https://www.ettoday.net/news/20200227/1655022.htm
https://www.ettoday.net/news/20200226/1654481.htm
https://www.ettoday.net/news/20200226/1654538.htm
https://www.ettoday.net/news/20200223/1652371.htm
https://www.ettoday.net/news/20200220/1649708.htm
https://www.ettoday.net/news/20200219/1649047.htm
https://www.ettoday.net/news/20200218/1647858.htm
https://www.ettoday.net/news/20200215/1646559.htm
https://www.ettoday.net/news/20200223/1652005.htm
https://www.ettoday.net/news/20200221/1651095.htm
https://www.ettoday.net/news/20200221/1650883.htm
https://www.ettoday.net/news/20200303/1658429.htm
https://www.ettoday.net/news/20200303/1658357.htm
https://www.ettoday.net/news/20200303/1658360.htm
https://www.weibo.com/tv/v/IwRY507OG?fid=1034:4478339377987590
https://www.ettoday.net/news/20200302/1657530.htm
https://www.ettoday.net/news/20200302/1657607.htm
https://www.ettoday.net/news/20200302/1657527.htm
https://www.ettoday.net/news/20200302/1657517.htm
https://www.ettoday.net/news/20200303/1658208.htm
https://www.ettoday.net/news/20200303/1658204.htm
https://www.ettoday.net/news/20200302/1657887.htm
https://www.ettoday.net/news/20200302/1658097.htm
https://www.ettoday.net/news/20200302/1658085.htm
https://www.ettoday.net/news/20200406/1685010.htm
https://www.ettoday.net/news/20200404/1681979.htm
https://www.ettoday.net/news/20200406/1681933.htm
https://www.ettoday.net/news/20200404/1681846.htm
https://www.ettoday.net/news/20200403/1681364.htm
https://www.ettoday.net/news/20200405/1680841.htm
https://www.ettoday.net/news/20200408/1686885.htm
https://www.ettoday.net/news/20200408/1686096.htm
https://www.ettoday.net/news/20200408/1684007.htm
https://www.ettoday.net/news/20200406/1685039.htm
https://www.facebook.com/ACHRONAROMA/
https://www.ettoday.net/news/20200330/1679708.htm
https://www.ettoday.net/news/20200326/1676628.htm
https://www.ettoday.net/news/20200326/1674688.htm
https://www.ettoday.net/news/20200325/1675709.htm
https://www.ettoday.net/news/20200325/1675549.htm
https://www.ettoday.net/news/20200324/1674793.htm
https://www.ettoday.net/news/20200301/1655840.htm
https://www.ettoday.net/news/20200225/1653112.htm
https://www.ettoday.net/news/20200212/1642947.htm
https://www.ettoday.net/news/20200205/1638157.htm
https://www.ettoday.net/news/20200318/1670520.htm
https://www.ettoday.net/news/20200318/1670565.htm
https://www.ettoday.net/news/20200318/1669999.htm
https://www.ettoday.net/news/20200318/1669712.htm
https://www.ettoday.net/news/20200318/1669952.htm
https://www.ettoday.net/news/20200209/1641637.htm
https://www.ettoday.net/news/20200207/1637641.htm
https://www.ettoday.net/news/20200206/1637640.htm
https://www.ettoday.net/news/20200204/1637809.htm
https://www.ettoday.net/news/20190904/1528038.htm
https://www.ettoday.net/news/20200206/1639314.htm
https://www.ettoday.net/news/20200206/1639595.htm
https://www.ettoday.net/news/20200206/1639030.htm
https://www.ettoday.net/news/20200206/1639032.htm
https://www.ettoday.net/news/20200121/1629614.htm
https://www.ettoday.net/news/20200119/1629136.htm
https://www.ettoday.net/news/20200119/1628719.htm
https://www.ettoday.net/news/20200118/1627819.htm
https://www.ettoday.net/news/20191212/1600113.htm
https://www.ettoday.net/news/20191211/1599137.htm
https://www.ettoday.net/news/20191211/1597729.htm
https://www.ettoday.net/news/20191210/1598739.htm
https://www.ettoday.net/news/20191209/1593319.htm
https://www.ettoday.net/news/tag/Spa/
https://www.ptt.cc/bbs/WomenTalk/M.1575258349.A.1E8.html
https://www.ettoday.net/news/20191202/1592273.htm
https://www.ettoday.net/news/20191202/1592370.htm
https://www.ettoday.net/news/20191202/1592189.htm
https://www.ettoday.net/news/20191201/1591918.htm
https://www.ettoday.net/news/20191206/1595585.htm
https://www.ettoday.net/news/20191205/1595099.htm
https://www.ettoday.net/news/20191205/1594736.htm
https://www.ettoday.net/news/20191204/1594553.htm
https://www.ettoday.net/news/20191108/1575612.htm
https://www.ettoday.net/news/20191108/1575450.htm
https://www.ettoday.net/news/20191108/1575554.htm
https://www.ettoday.net/news/20191108/1575497.htm
https://www.ettoday.net/news/20191108/1575432.htm
https://www.ettoday.net/news/20191004/1549396.htm
https://www.ettoday.net/news/20191004/1549752.htm
https://www.ettoday.net/news/20191004/1549388.htm
https://www.ettoday.net/news/20191004/1549386.htm
https://www.ettoday.net/news/20191001/1546813.htm
https://www.ettoday.net/news/20191001/1546812.htm
https://www.ettoday.net/news/20191001/1546815.htm
https://www.ettoday.net/news/20191001/1547166.htm
https://www.ettoday.net/news/20191001/1547270.htm
https://www.ettoday.net/news/20190929/1545678.htm
https://www.ettoday.net/news/20191006/1551161.htm
https://www.ettoday.net/news/20190802/1503880.htm
https://www.ettoday.net/news/20190510/1441487.htm
https://www.ettoday.net/news/20190904/1528125.htm
https://www.ettoday.net/news/20190828/1522488.htm
https://www.ettoday.net/news/20190829/1522274.htm
https://www.ettoday.net/news/20190621/1472788.htm
https://www.ettoday.net/news/20190709/1486189.htm
https://www.ettoday.net/news/20190827/1522449.htm
https://www.ettoday.net/news/20190827/1522085.htm
https://www.ettoday.net/news/20190822/1519015.htm
https://www.ettoday.net/news/20190815/1513866.htm
https://www.ettoday.net/news/20190815/1513354.htm
https://www.ettoday.net/news/20190803/1504802.htm
https://www.ettoday.net/news/20190730/1501743.htm
https://www.ettoday.net/news/20190814/1512741.htm
https://www.ettoday.net/news/20190811/1509929.htm
https://www.ettoday.net/news/20190811/1510491.htm
https://www.ettoday.net/news/20200124/1619733.htm
https://www.ettoday.net/news/20200211/1641187.htm
https://www.ettoday.net/news/20200211/1642576.htm
https://www.ettoday.net/news/20200211/1641165.htm
https://www.ettoday.net/news/20200125/1620635.htm
https://www.ettoday.net/news/20200126/1622422.htm
https://www.ettoday.net/news/20200127/1630238.htm
https://www.ettoday.net/news/20200209/1640548.htm
https://www.ettoday.net/news/20200206/1639637.htm
https://www.ettoday.net/news/20200206/1639029.htm
https://www.ettoday.net/news/20200205/1638845.htm
https://www.ettoday.net/news/20200205/1638615.htm
https://www.ettoday.net/news/20200206/1639634.htm
https://www.ettoday.net/news/20200203/1636728.htm
https://www.ettoday.net/news/20200203/1636605.htm
https://www.ettoday.net/news/20200131/1635010.htm
https://www.ettoday.net/news/20200123/1631962.htm
https://www.ettoday.net/news/20200123/1631908.htm
https://www.ettoday.net/news/20200123/1631897.htm
https://www.ettoday.net/news/20200123/1631785.htm
https://www.ettoday.net/news/20200227/1655608.htm
https://www.ettoday.net/news/20200227/1655245.htm
https://www.ettoday.net/news/20200302/1657851.htm
https://www.ettoday.net/news/20200213/1644594.htm
https://www.ettoday.net/news/20200218/1647906.htm
https://www.ettoday.net/news/20200212/1643889.htm
https://www.ettoday.net/news/20200215/1646410.htm
https://www.ettoday.net/news/20200207/1640224.htm
https://www.ettoday.net/news/20200211/1642836.htm
https://www.ettoday.net/news/20200129/1634048.htm
https://www.ettoday.net/news/20200127/1619482.htm
https://www.ettoday.net/news/20200210/1642247.htm
https://www.ettoday.net/news/20200210/1642007.htm
https://www.ettoday.net/news/20200207/1640147.htm
https://www.ettoday.net/news/20200211/1642758.htm
https://www.ettoday.net/news/20200211/1641436.htm
https://www.ettoday.net/news/20200302/1657659.htm
https://www.ettoday.net/news/20200302/1657566.htm
https://www.ettoday.net/news/20200302/1657533.htm
https://www.ettoday.net/news/20200226/1654618.htm
https://www.ettoday.net/news/20200226/1654683.htm
https://www.ettoday.net/news/20200224/1652937.htm
https://www.ettoday.net/news/20200224/1652961.htm
https://www.ettoday.net/news/20200224/1652774.htm
https://www.ettoday.net/news/20200224/1652766.htm
https://www.ettoday.net/news/20200225/1653123.htm
https://events.ettoday.net/activity/firstdating/article/31606/hot
https://events.ettoday.net/activity/firstdating
https://www.ettoday.net/news/20200213/1644912.htm
https://www.ettoday.net/news/20200218/1648296.htm
https://www.ettoday.net/news/20200224/1651501.htm
https://www.ettoday.net/news/20200224/1649101.htm
https://www.ettoday.net/news/20200223/1649364.htm
https://www.ettoday.net/news/20140808/384069.htm?ercamp=sorted_hot_news
https://www.ettoday.net/news/20141121/428754.htm?ercamp=sorted_hot_news
https://www.ettoday.net/news/20200225/1653426.htm
https://www.ettoday.net/news/20200224/1652787.htm
https://www.ettoday.net/news/20200302/1657950.htm
https://www.ettoday.net/news/20200302/1657824.htm
https://www.ettoday.net/news/20200302/1657841.htm
https://www.ettoday.net/news/20200227/1655421.htm
https://www.ettoday.net/news/20200302/1657513.htm
https://www.ettoday.net/news/20200420/1695655.htm
https://www.ettoday.net/news/20200227/1655761.htm
https://www.ettoday.net/news/20200205/1638365.htm
https://www.ettoday.net/news/20200227/1655460.htm
https://www.ettoday.net/news/20200227/1655340.htm
https://www.ettoday.net/news/20200227/1654866.htm
https://horofriend88.com/101591.html
https://www.ettoday.net/news/20200227/1653827.htm
https://www.ettoday.net/news/20200226/1653813.htm
https://horofriend88.com/101660.html
https://www.ettoday.net/news/20200226/1654566.htm
https://www.ettoday.net/news/20200301/1653847.htm
https://www.ettoday.net/news/20200228/1655929.htm
https://horofriend88.com/
https://www.ettoday.net/news/20200301/1657301.htm
https://www.ettoday.net/news/20181231/1344801.htm?ercamp=sorted_hot_news
https://www.ettoday.net/news/20180728/1222647.htm?ercamp=sorted_hot_news
https://www.ettoday.net/news/20200228/1655988.htm
https://www.ettoday.net/news/20200229/1656880.htm
https://www.ettoday.net/news/20200306/1661430.htm
https://www.ettoday.net/news/20200307/1661790.htm
https://www.ettoday.net/news/20200307/1661800.htm
https://www.ettoday.net/news/20200307/1662098.htm
https://www.ettoday.net/news/20200307/1662084.htm
https://www.ettoday.net/news/20200304/1659718.htm
https://www.ettoday.net/news/20200302/1658036.htm
https://www.ettoday.net/news/20200303/1658161.htm
https://star.ettoday.net/news/1658194?redirect=1
https://www.ettoday.net/news/20200303/1658292.htm
https://www.ettoday.net/news/20200304/1659616.htm
/news/tag/Jurgen Klopp/
https://www.ettoday.net/news/20200307/1662141.htm
https://www.ettoday.net/news/20200307/1662095.htm
https://www.ettoday.net/news/20200309/1663353.htm
https://www.ettoday.net/news/20200309/1663378.htm
https://www.ettoday.net/news/20200309/1663367.htm
https://www.ettoday.net/news/20200309/1663372.htm
https://www.ettoday.net/news/20200309/1663350.htm
https://www.ettoday.net/news/20200309/1663546.htm
https://www.ettoday.net/news/20200309/1663421.htm
https://www.ettoday.net/news/20200309/1663401.htm
https://www.ettoday.net/news/20200309/1663389.htm
https://www.ettoday.net/news/20200309/1663397.htm
https://www.ettoday.net/news/20200306/1661314.htm
https://www.ettoday.net/news/20200306/1661293.htm
https://www.ettoday.net/news/20200306/1661114.htm
https://www.ettoday.net/news/20200306/1661041.htm
https://www.ettoday.net/news/20200306/1661245.htm
https://www.ettoday.net/news/20200306/1661146.htm
https://www.ettoday.net/news/20200306/1661637.htm
https://cdn2.ettoday.net/images/4743/4743561.jpg
https://www.ettoday.net/news/20200307/1662166.htm
https://www.ettoday.net/news/20200307/1662058.htm
https://www.ettoday.net/news/20200305/1660669.htm
https://www.ettoday.net/news/tag/Austin/
https://www.ettoday.net/news/20200302/1658063.htm
https://www.ettoday.net/news/20191030/1568818.htm
https://www.ettoday.net/news/20191009/1553821.htm
https://www.ettoday.net/news/20191009/1553301.htm
https://www.ettoday.net/news/20191009/1553283.htm
https://www.ettoday.net/news/20190320/1403306.htm
https://www.ettoday.net/news/20190319/1403229.htm
https://www.ettoday.net/news/20190319/1403197.htm
https://www.ettoday.net/news/20190319/1403063.htm
https://www.ettoday.net/news/20190316/1401050.htm
https://www.ettoday.net/news/20190316/1401144.htm
https://www.ettoday.net/news/20190316/1400767.htm
https://www.ettoday.net/news/20190316/1400548.htm
https://www.ettoday.net/news/20190316/1400551.htm
https://www.ettoday.net/news/20190316/1400561.htm
https://www.ettoday.net/news/20190320/1404079.htm
https://www.ettoday.net/news/20190318/1392252.htm
https://www.ettoday.net/news/20190317/1401669.htm
https://www.ettoday.net/news/20180404/1144656.htm
https://www.ettoday.net/news/20171215/1073565.htm
/news/tag/Gloomy Eyes/
https://www.ettoday.net/news/20190220/1382142.htm
https://www.ettoday.net/news/20190211/1375670.htm
https://www.ettoday.net/news/20190117/1358999.htm
https://www.ettoday.net/news/20190114/1356140.htm
https://www.ettoday.net/news/20190113/1354987.htm
https://www.ettoday.net/news/20150321/481955.htm
https://www.ettoday.net/news/20150321/481971.htm
https://www.ettoday.net/news/20150319/480592.htm
https://www.ettoday.net/news/20150318/480083.htm
https://www.ettoday.net/news/20150318/480047.htm
https://www.ettoday.net/news/20150321/481965.htm
https://www.ettoday.net/news/20150321/481847.htm
https://www.ettoday.net/news/20150321/481828.htm
https://www.ettoday.net/news/20180405/1141571.htm?ercamp=sorted_hot_news
https://www.ettoday.net/news/20120429/42679.htm?ercamp=sorted_hot_news
https://www.ettoday.net/news/20181224/1339076.htm
https://www.ettoday.net/news/20181224/1338793.htm
https://www.ettoday.net/news/20181224/1338845.htm
https://www.ettoday.net/news/20181224/1338837.htm
https://www.ettoday.net/news/20181224/1338871.htm
https://www.ettoday.net/news/20200304/1659836.htm
https://www.ettoday.net/news/20200304/1659665.htm
https://www.ettoday.net/news/20200304/1659604.htm
https://www.ettoday.net/news/20200304/1659593.htm
https://www.ettoday.net/news/20200304/1659516.htm
https://www.ettoday.net/news/20200303/1658857.htm
https://www.ettoday.net/news/20200308/1662721.htm
https://www.ettoday.net/news/20200308/1662773.htm
https://www.ettoday.net/news/20200308/1662763.htm
https://www.ettoday.net/news/20200308/1662758.htm
https://www.ettoday.net/news/20200308/1662748.htm
https://www.ettoday.net/news/20200308/1662742.htm
https://www.ettoday.net/news/20200308/1662735.htm
https://www.ettoday.net/news/20200307/1662210.htm
https://www.ettoday.net/news/20200307/1662222.htm
//cdn2.ettoday.net/images/4744/d4744175.jpg
https://www.ettoday.net/news/20200307/1662192.htm
https://www.ettoday.net/news/20200307/1662190.htm
https://www.ettoday.net/news/20200307/1662179.htm
https://www.ettoday.net/news/20200307/1661934.htm
https://www.ettoday.net/news/20200307/1661886.htm
https://www.ettoday.net/news/20200306/1661220.htm
https://www.ettoday.net/news/20200306/1661225.htm
https://www.ettoday.net/news/20200306/1661196.htm
https://www.ettoday.net/news/20200306/1661732.htm
https://www.ettoday.net/news/20200306/1661315.htm
https://www.ettoday.net/news/20200306/1661107.htm
https://www.ettoday.net/news/20200306/1661213.htm
https://www.ettoday.net/news/20200307/1661951.htm
https://www.ettoday.net/news/20200307/1662003.htm
https://www.ettoday.net/news/20200307/1662020.htm
https://www.ettoday.net/news/20200307/1662026.htm
https://www.ettoday.net/news/20200307/1661922.htm
https://www.ettoday.net/news/20200308/1662670.htm
https://www.ettoday.net/news/20200308/1662668.htm
https://www.ettoday.net/news/20200308/1662663.htm
https://www.ettoday.net/news/20200308/1662652.htm
https://www.ettoday.net/news/20200309/1663579.htm
/news/tag/Kari Kolstoe/
https://www.ettoday.net/news/20200305/1660557.htm
https://www.ettoday.net/news/20200305/1660551.htm
https://www.ettoday.net/news/20200305/1660525.htm
https://www.ettoday.net/news/20200305/1660532.htm
https://www.ettoday.net/news/20200306/1660893.htm
https://www.ettoday.net/news/20200306/1660901.htm
https://www.ettoday.net/news/20200306/1660897.htm
https://www.ettoday.net/news/20200306/1660899.htm
https://www.ettoday.net/news/20200306/1660894.htm
https://www.ettoday.net/news/20200305/1660313.htm
https://www.ettoday.net/news/20200305/1660305.htm
https://www.ettoday.net/news/20200305/1660307.htm
https://www.ettoday.net/news/20200305/1660295.htm
https://www.ettoday.net/news/20200305/1660488.htm
https://www.ettoday.net/news/20200305/1660535.htm
https://www.ettoday.net/news/20200305/1660503.htm
https://www.ettoday.net/news/20200305/1659956.htm
https://www.ettoday.net/news/20200305/1660336.htm
https://www.ettoday.net/news/20200306/1661673.htm
https://star.ettoday.net/news/1661288?redirect=1
https://www.ettoday.net/news/20200306/1661228.htm?from=pctaglist 
https://www.ettoday.net/news/20200304/1658567.htm?from=pctaglist 
https://www.ettoday.net/news/20200303/1658973.htm?from=pctaglist 
https://www.ettoday.net/news/20200301/1657206.htm?from=pctaglist 
https://www.ettoday.net/news/20200228/1656340.htm?from=pctaglist 
https://www.ettoday.net/news/20200225/1653971.htm?from=pctaglist 
https://www.ettoday.net/news/20200220/1650169.htm?from=pctaglist 
https://www.ettoday.net/news/20200219/1649540.htm?from=pctaglist 
https://www.ettoday.net/news/20200218/1648049.htm?from=pctaglist 
https://www.ettoday.net/news/20200213/1644622.htm?from=pctaglist 
https://www.ettoday.net/news/20200211/1642708.htm?from=pctaglist 
https://www.ettoday.net/news/20200206/1639672.htm?from=pctaglist 
https://www.ettoday.net/news/20200205/1638904.htm?from=pctaglist 
https://www.ettoday.net/news/20200204/1637750.htm?from=pctaglist 
https://www.ettoday.net/news/20200204/1637447.htm?from=pctaglist 
https://www.ettoday.net/news/20200131/1635162.htm?from=pctaglist 
https://www.ettoday.net/news/20200127/1580262.htm?from=pctaglist 
https://www.ettoday.net/news/20200126/1618888.htm?from=pctaglist 
https://www.ettoday.net/news/20200126/1610783.htm?from=pctaglist 
https://www.ettoday.net/news/20200125/1605790.htm?from=pctaglist 
https://www.facebook.com/sharer.php?u=https://star.ettoday.net/news/1660094?from=fb_share_web
https://star.ettoday.net/news/1695413
https://star.ettoday.net/news/1695272
https://www.ettoday.net/news/1695619
https://www.ettoday.net/news/1695379
https://www.ettoday.net/news/1695589
https://www.ettoday.net/news/1695584
https://www.ettoday.net/news/1695554
https://www.ettoday.net/news/1695444
https://www.ettoday.net/news/1695463
https://www.ettoday.net/news/1695430
https://www.ettoday.net/news/1695113
https://www.ettoday.net/news/1695425
https://www.ettoday.net/news/20200306/1661113.htm
https://www.ettoday.net/news/20200306/1661100.htm
https://www.ettoday.net/news/20200306/1661117.htm
https://www.ettoday.net/news/20190828/1523596.htm
https://www.ettoday.net/news/20190828/1523561.htm
https://www.ettoday.net/news/20190828/1523522.htm
https://www.104.com.tw/job/6c8bj?jobsource=company_job
https://www.ettoday.net/news/20190825/1521156.htm
https://www.ettoday.net/news/20190821/1517755.htm
https://www.ettoday.net/news/20190814/1513081.htm
https://www.ettoday.net/news/20190811/1510458.htm
https://www.ettoday.net/news/20190806/1507078.htm
https://www.ettoday.net/news/20190828/1523377.htm
https://www.ettoday.net/news/20190827/1522665.htm
https://www.ettoday.net/news/20190828/1522954.htm
https://www.ettoday.net/news/20190827/1522303.htm
https://www.ettoday.net/news/20190827/1522013.htm
https://www.ettoday.net/news/20190827/1522117.htm
https://www.ettoday.net/news/20190827/1522301.htm
https://www.ettoday.net/news/20190827/1522302.htm
https://www.ettoday.net/news/20190827/1522356.htm
https://www.ettoday.net/news/20190828/1523047.htm
https://www.ettoday.net/news/20190828/1523023.htm
https://www.ettoday.net/news/20190827/1522495.htm
https://www.ettoday.net/news/20190827/1522019.htm
https://www.ettoday.net/news/20190827/1522282.htm
https://www.ettoday.net/news/20190827/1522062.htm
https://www.ettoday.net/news/20190827/1522051.htm
https://www.ettoday.net/news/20190826/1521480.htm
https://www.ettoday.net/news/20190825/1520887.htm
https://www.ettoday.net/news/20190823/1519764.htm
https://www.ettoday.net/news/20190821/1517609.htm
https://www.ettoday.net/news/20190816/1514694.htm
https://www.ettoday.net/news/20190814/1512964.htm
https://www.ettoday.net/news/20190818/1515688.htm
https://www.ettoday.net/news/20190818/1515694.htm
https://www.ettoday.net/news/20190816/1513819.htm
https://www.ettoday.net/news/20190818/1515581.htm
https://www.ettoday.net/news/20190814/1511899.htm
https://www.ettoday.net/news/20190813/1512272.htm
https://www.ettoday.net/news/20190813/1511724.htm
https://www.ettoday.net/news/20190807/1507888.htm
https://www.ettoday.net/news/20190804/1505710.htm
https://www.ettoday.net/news/20190818/1515745.htm
https://www.ettoday.net/news/20190818/1515750.htm
https://www.ettoday.net/news/20190818/1515751.htm
https://www.ettoday.net/news/20190818/1515499.htm
https://www.ettoday.net/news/20190817/1515333.htm
https://www.ettoday.net/news/20190817/1515035.htm
https://www.ettoday.net/news/20190817/1515336.htm
https://www.ettoday.net/news/20190817/1515302.htm
https://www.bosomgirl.com/2020/04/yachang.html
https://www.ettoday.net/news/20200413/1687134.htm
https://www.ettoday.net/news/20200411/1683362.htm
https://www.ettoday.net/news/20200406/1681921.htm
https://www.ettoday.net/news/20200404/1679122.htm
https://www.youtube.com/channel/UCaaM3jkNpMTv90vrXxBBOuQ
https://www.ettoday.net/news/20200416/1693225.htm
https://www.ettoday.net/news/20200415/1691640.htm
https://www.ettoday.net/news/20200415/1689809.htm
https://boba.ettoday.net/videonews/210121
https://www.ettoday.net/news/20200416/1692762.htm
https://www.ettoday.net/news/20200414/1691518.htm
https://www.ettoday.net/news/20200414/1691234.htm
https://www.ettoday.net/news/20200414/1690790.htm
https://www.ettoday.net/news/20200414/1691274.htm
https://www.ettoday.net/news/20200309/1663307.htm
https://www.ettoday.net/news/20200417/1693670.htm
https://www.ettoday.net/news/20190819/1516150.htm
https://www.ettoday.net/news/20190819/1516161.htm
https://www.ettoday.net/news/20190819/1516070.htm
https://www.ettoday.net/news/20190819/1516379.htm
https://www.ettoday.net/news/20190819/1516220.htm
https://www.ettoday.net/news/20190816/1514458.htm
https://www.ettoday.net/news/20190816/1514605.htm
https://www.ettoday.net/news/20190817/1514807.htm
https://www.ettoday.net/news/20190817/1514938.htm
https://www.ettoday.net/news/20190816/1514457.htm
https://www.ettoday.net/news/20190816/1514716.htm
https://www.ettoday.net/news/20190814/1511678.htm
https://www.ettoday.net/news/20190814/1511959.htm
https://www.ettoday.net/news/20190813/1512172.htm
https://www.ettoday.net/news/20190813/1511672.htm
https://www.ettoday.net/news/20190813/1511691.htm
https://www.ptt.cc/bbs/WomenTalk/M.1565708390.A.788.html?fbclid=IwAR1CBKJM2njW3qozeZQooDQiUUoDvsz4y01oKUbe134X3wOzDe5bBPtc8LU
https://www.ettoday.net/news/20190816/1514363.htm
https://www.ettoday.net/news/20190816/1514257.htm
https://www.ettoday.net/news/20190815/1514101.htm
https://www.ettoday.net/news/20190816/1514127.htm
https://www.ettoday.net/news/20190815/1513384.htm
https://www.ettoday.net/news/20180813/1233972.htm
https://www.ettoday.net/news/20190814/1512998.htm
https://www.ettoday.net/news/20190603/1459310.htm
https://www.ettoday.net/news/20190606/1461648.htm
https://www.ettoday.net/news/20190603/1458852.htm
https://www.ettoday.net/news/20190710/1486986.htm
https://www.ettoday.net/news/20190710/1486934.htm
https://www.ettoday.net/news/20190710/1486841.htm
https://www.ettoday.net/news/20190710/1486827.htm
https://www.ettoday.net/news/20190710/1486787.htm
https://www.ettoday.net/news/20190707/1484119.htm
https://www.ettoday.net/news/20190707/1484117.htm
https://www.ettoday.net/news/20190707/1484118.htm
https://www.ettoday.net/news/20190707/1484125.htm
https://www.ettoday.net/news/20190706/1483808.htm
https://www.ettoday.net/news/20190707/1484434.htm
https://www.ettoday.net/news/20190707/1484371.htm
https://www.ettoday.net/news/20190707/1484306.htm
https://www.ettoday.net/news/20190707/1484297.htm
https://www.ettoday.net/news/20190707/1484230.htm
https://www.ettoday.net/news/20190723/1496233.htm
https://www.ettoday.net/news/20190719/1493999.htm
https://www.ettoday.net/news/20190719/1493555.htm
https://www.ettoday.net/news/20190719/1493633.htm
https://www.ettoday.net/news/20190720/1492126.htm
https://www.ettoday.net/news/20190719/1493547.htm
https://www.ettoday.net/news/20190718/1493149.htm
https://www.ettoday.net/news/20190716/1491056.htm
https://www.ettoday.net/news/20190718/1493244.htm
https://www.ettoday.net/news/20190718/1493053.htm
https://www.ettoday.net/news/20190718/1493030.htm
https://www.ettoday.net/news/20190718/1492830.htm
https://www.ettoday.net/news/20190717/1492563.htm
https://www.ettoday.net/news/20190717/1492497.htm
https://www.ettoday.net/news/20190717/1492501.htm
https://www.ettoday.net/news/20190812/1505120.htm
https://www.ettoday.net/news/20190810/1509813.htm
https://www.ettoday.net/news/20190810/1509807.htm
https://www.ettoday.net/news/20190807/1507679.htm
https://www.ettoday.net/news/20190806/1505565.htm
https://www.ettoday.net/news/20190713/1489390.htm
https://www.ettoday.net/news/20190713/1489206.htm
https://www.ettoday.net/news/20190709/1485564.htm
https://www.ettoday.net/news/20190707/1484401.htm
https://www.ettoday.net/news/20190706/1483683.htm
https://www.ettoday.net/news/20190721/1495032.htm
https://www.ettoday.net/news/20190721/1494956.htm
https://www.ettoday.net/news/20190721/1494949.htm
https://www.ettoday.net/news/20190721/1494941.htm
https://www.ettoday.net/news/20190720/1494744.htm
https://www.facebook.com/100030124209264/videos/180031783010961/
https://www.ettoday.net/news/20190716/1491524.htm
https://www.ettoday.net/news/20190719/1493695.htm
https://www.ettoday.net/news/20190719/1494270.htm
https://www.ettoday.net/news/20190719/1493341.htm
https://www.ettoday.net/news/20190716/1490888.htm
https://www.ettoday.net/news/20190719/1493879.htm
https://www.ettoday.net/news/20190720/1494508.htm
https://www.ettoday.net/news/20190720/1494456.htm
https://www.ettoday.net/news/20190720/1494429.htm
https://www.ettoday.net/news/20190719/1494372.htm
https://www.ettoday.net/news/20190719/1494370.htm
https://www.ettoday.net/news/20190720/1494634.htm
https://www.ettoday.net/news/20190720/1494486.htm
https://www.ettoday.net/news/20190719/1494182.htm
https://www.ettoday.net/news/20190719/1493472.htm
https://www.ettoday.net/news/20190719/1493576.htm
https://www.ettoday.net/news/20190719/1494139.htm
https://www.ettoday.net/news/20190719/1494195.htm
https://www.ettoday.net/news/20190719/1493556.htm
https://www.ettoday.net/news/20190719/1493723.htm
https://www.ettoday.net/news/20190719/1493668.htm
https://www.ettoday.net/news/20190716/1490918.htm
https://www.ettoday.net/news/20190719/1493699.htm
https://www.ettoday.net/news/20190719/1493673.htm
https://www.ettoday.net/news/20190719/1494138.htm
http://httpswww.ettoday.netnews201907191493958.htm
https://www.ettoday.net/news/20190718/1492967.htm
https://www.ettoday.net/news/20190718/1493407.htm
https://www.ettoday.net/news/20190711/1487623.htm
https://www.ettoday.net/news/20190717/1492111.htm
https://www.ettoday.net/news/20190716/1490848.htm
https://www.ettoday.net/news/20190715/1490711.htm
https://www.ettoday.net/news/20190716/1491222.htm
https://www.ettoday.net/news/20190712/1488036.htm
https://www.ettoday.net/news/20190715/1490081.htm
https://www.ettoday.net/news/20190701/1479700.htm
https://www.ettoday.net/news/20190717/1492515.htm
https://www.ettoday.net/news/20190717/1492484.htm
https://www.ettoday.net/news/20190717/1492447.htm
https://www.ettoday.net/news/20190719/1493440.htm
https://www.ettoday.net/news/20190718/1492938.htm
https://www.ettoday.net/news/20190718/1492727.htm
https://www.ettoday.net/news/20190718/1493247.htm
https://www.ettoday.net/news/20190718/1492598.htm
https://www.ettoday.net/news/20190719/1493492.htm
https://www.ettoday.net/news/20190718/1493129.htm
https://www.ettoday.net/news/20190716/1490847.htm
https://www.ettoday.net/news/20190719/1493603.htm
https://www.ettoday.net/news/20190719/1493622.htm
https://www.ettoday.net/news/20190719/1493027.htm
https://www.ettoday.net/news/20190418/1424761.htm
https://www.ettoday.net/news/20190417/1424718.htm
https://www.ettoday.net/news/20190416/1423292.htm
https://www.ettoday.net/news/20190418/1424726.htm
https://www.ettoday.net/news/20190417/1424343.htm
https://www.ettoday.net/news/20190417/1424687.htm
https://www.ettoday.net/news/20190417/1424685.htm
https://www.ettoday.net/news/20190417/1424246.htm
https://www.ettoday.net/news/20190319/1402726.htm
https://www.ettoday.net/news/20190314/1399068.htm
https://www.ettoday.net/news/20190417/1424607.htm
https://www.ettoday.net/news/20190417/1424426.htm
https://www.ettoday.net/news/20190415/1422294.htm
https://www.ettoday.net/news/20190414/1422287.htm
https://www.ettoday.net/news/20190414/1422263.htm
https://www.ettoday.net/news/20190414/1422243.htm
https://www.ettoday.net/news/20190414/1422201.htm
https://www.ettoday.net/news/20190414/1421784.htm
https://www.ettoday.net/news/20190413/1421702.htm
https://www.ettoday.net/news/20190413/1421629.htm
https://www.ettoday.net/news/20190127/1366872.htm
https://www.ettoday.net/news/20190123/1363440.htm
https://www.ettoday.net/news/tag/Jinny/
https://www.ettoday.net/news/20190226/1387103.htm
https://www.ettoday.net/news/20190226/1387013.htm
https://www.ettoday.net/news/20190226/1386961.htm
https://www.ettoday.net/news/20190226/1386919.htm
https://www.ettoday.net/news/20190226/1386794.htm
https://www.ettoday.net/news/20190226/1386765.htm
https://www.ettoday.net/news/20190225/1386342.htm
https://www.ettoday.net/news/20190225/1386282.htm
https://www.ettoday.net/news/20190225/1386164.htm
https://www.ettoday.net/news/20190116/1357479.htm
https://www.ettoday.net/news/20190224/1385755.htm
https://www.ettoday.net/news/20190224/1385665.htm
https://www.ettoday.net/news/20190224/1385550.htm
https://www.ettoday.net/news/20190224/1385596.htm
https://www.ettoday.net/news/20190224/1385588.htm
https://www.ettoday.net/news/20190128/1367985.htm
https://www.ettoday.net/news/20190128/1367934.htm
https://www.ettoday.net/news/20190115/1356808.htm
https://www.ettoday.net/news/20190115/1356531.htm
https://www.ettoday.net/news/20200214/1645659.htm
https://www.ettoday.net/news/20200214/1645807.htm
https://twitter.com/ShamsCharania/status/1236122231656378373?ref_src=twsrc%5Etfw
https://www.ettoday.net/news/20200307/1661926.htm
https://www.ettoday.net/news/20200213/1644858.htm
https://www.ettoday.net/news/20200307/1662013.htm
https://www.ettoday.net/news/20200307/1661977.htm
https://www.ettoday.net/news/20200307/1661950.htm
https://www.ettoday.net/news/20200307/1661817.htm
https://www.ettoday.net/news/20200307/1661793.htm
https://www.ettoday.net/news/20200307/1661812.htm
https://www.ettoday.net/news/20200307/1661714.htm
https://www.ettoday.net/news/20200229/1656736.htm
https://www.ettoday.net/news/20200228/1656389.htm
https://www.ettoday.net/news/20200228/1653765.htm
https://www.ettoday.net/news/20200301/1656945.htm
https://www.ettoday.net/news/20200229/1656744.htm
https://star.ettoday.net/news/1651331
/news/tag/Radio Star/
https://www.ettoday.net/news/20200223/1652259.htm
https://www.ettoday.net/news/20200222/1651795.htm
https://www.ettoday.net/news/20200319/1670872.htm?from=pctaglist 
https://www.ettoday.net/news/20200303/1658337.htm?from=pctaglist 
https://www.ettoday.net/news/20191108/1574802.htm?from=pctaglist 
https://www.ettoday.net/news/20180811/1230046.htm?from=pctaglist 
https://www.ettoday.net/news/20180721/1215625.htm?from=pctaglist 
https://www.ettoday.net/news/20180301/1116901.htm?from=pctaglist 
https://www.ettoday.net/news/20171211/1065859.htm?from=pctaglist 
https://www.ettoday.net/news/20170615/943340.htm?from=pctaglist 
https://www.ettoday.net/news/20170128/848053.htm?from=pctaglist 
https://www.ettoday.net/news/20160720/739053.htm?from=pctaglist 
https://www.ettoday.net/news/20160304/657347.htm?from=pctaglist 
https://www.ettoday.net/news/20150325/483581.htm?from=pctaglist 
https://www.ettoday.net/news/20150123/457463.htm?from=pctaglist 
https://www.ettoday.net/news/20140604/364061.htm?from=pctaglist 
https://www.ettoday.net/news/20140527/361524.htm?from=pctaglist 
https://www.ettoday.net/news/20120424/41244.htm?from=pctaglist 
https://www.ettoday.net/news/20200304/1659379.htm
https://www.ettoday.net/news/20200304/1659303.htm
https://www.ettoday.net/news/20200304/1659186.htm
https://www.ettoday.net/news/20200303/1658368.htm
https://www.ettoday.net/news/20200304/1659192.htm
https://www.ettoday.net/news/20200304/1659838.htm
https://www.ettoday.net/news/20200304/1659823.htm
/news/tag/Frank Wucinski/
https://www.ettoday.net/news/20200227/1655603.htm
https://www.ettoday.net/news/20200212/1643091.htm
https://www.ettoday.net/news/20200213/1644846.htm
https://www.ettoday.net/news/20200214/1645746.htm
https://www.ettoday.net/news/20200220/1649283.htm
https://www.ettoday.net/news/20200221/1651166.htm
https://www.ettoday.net/news/20200304/1659206.htm
https://pets.ettoday.net/news/1656554
https://pets.ettoday.net/news/1656553
https://pets.ettoday.net/news/1654253
https://www.ettoday.net/news/20200229/1656536.htm
https://www.ettoday.net/news/20200226/1654691.htm
https://www.ettoday.net/news/20200226/1654254.htm
https://www.ettoday.net/news/20200226/1654253.htm
https://www.ettoday.net/news/20200226/1654210.htm
https://www.ettoday.net/news/20200229/1654193.htm
https://www.ettoday.net/news/20200303/1658253.htm
https://www.ettoday.net/news/20200226/1654197.htm
https://www.ettoday.net/news/20200226/1654194.htm
https://fashion.ettoday.net/news/1648070
https://fashion.ettoday.net/news/1648617
https://www.ettoday.net/news/20190305/1388522.htm
https://www.ettoday.net/news/20190304/1388516.htm
https://www.ettoday.net/news/20190316/1388469.htm
https://www.ettoday.net/news/20190227/1388429.htm
https://www.ettoday.net/news/20190303/1387570.htm
https://www.ettoday.net/news/20200219/1648865.htm
https://www.ettoday.net/news/20200219/1649196.htm
https://www.ettoday.net/news/20200219/1648723.htm
https://www.ettoday.net/news/20200218/1648617.htm
https://www.ettoday.net/news/20200218/1648337.htm
https://www.ettoday.net/news/tag/mucha/
https://fashion.ettoday.net/news/1648337
https://fashion.ettoday.net/news/1646443
/news/tag/jimmy choo/
https://www.ettoday.net/news/20200219/1649034.htm
https://www.ettoday.net/news/20200219/1649028.htm
https://www.ettoday.net/news/20200222/1649088.htm
https://www.ettoday.net/news/20200220/1650097.htm
https://www.ettoday.net/news/20200219/1648844.htm
https://www.ettoday.net/news/20200218/1648453.htm
https://www.ettoday.net/news/20200210/1642343.htm
https://www.ettoday.net/news/tag/SUQQU/
https://www.ettoday.net/news/20200223/1650191.htm
https://www.ettoday.net/news/20200218/1648613.htm
https://www.ettoday.net/news/20200211/1642434.htm
https://www.ettoday.net/news/20200207/1638892.htm
https://www.ettoday.net/news/20200221/1649335.htm
https://www.ettoday.net/news/20200221/1649823.htm
https://www.ettoday.net/news/20200220/1649517.htm
https://www.ettoday.net/news/tag/colourpop/
https://www.ettoday.net/news/20200219/1649353.htm
https://www.ettoday.net/news/20200218/1647746.htm
https://www.ettoday.net/news/20200209/1637026.htm
https://www.ettoday.net/news/20200208/1638585.htm
https://www.ettoday.net/news/tag/FENDI/
https://fashion.ettoday.net/news/1649028/
http://fashion.ettoday.net/news/1649034/
https://www.ettoday.net/news/20200219/1648978.htm
https://www.ettoday.net/news/20200219/1648380.htm
https://www.ettoday.net/news/20200220/1649335.htm
https://www.ettoday.net/news/20200219/1648684.htm
https://www.ettoday.net/news/tag/Jennie/
https://www.ettoday.net/news/20200219/1648737.htm
https://www.ettoday.net/news/20200218/1648485.htm
https://www.ettoday.net/news/tag/CK/
https://www.ettoday.net/news/20200228/1656318.htm
https://www.ettoday.net/news/20200301/1656940.htm
https://www.ettoday.net/news/20200301/1656934.htm
https://www.ettoday.net/news/20200229/1656923.htm
https://www.ettoday.net/news/20200229/1656925.htm
https://www.ettoday.net/news/20200229/1656931.htm
https://star.ettoday.net/news/1656643?redirect=1
https://www.ettoday.net/news/20200229/1656732.htm
https://www.ettoday.net/news/20200229/1656684.htm
https://www.ettoday.net/news/20200229/1656683.htm
https://www.ettoday.net/news/20200229/1656678.htm
https://www.ettoday.net/news/20200229/1656620.htm
https://www.ettoday.net/news/20200229/1656635.htm
https://www.ettoday.net/news/20200229/1656636.htm
https://www.ettoday.net/news/20200229/1656630.htm
https://www.ettoday.net/news/20200229/1656619.htm
https://t.co/hyZ7ysyLFO
https://twitter.com/TheKoreaHerald/status/1234017917412368385?ref_src=twsrc%5Etfw
https://www.ettoday.net/news/20200301/1657175.htm
https://www.ettoday.net/news/20200301/1656994.htm
https://www.ettoday.net/news/20200417/1693923.htm?from=pctaglist 
https://www.ettoday.net/news/20200414/1688004.htm?from=pctaglist 
https://www.ettoday.net/news/20200408/1686894.htm?from=pctaglist 
https://www.ettoday.net/news/20200407/1686083.htm?from=pctaglist 
https://www.ettoday.net/news/20200331/1670404.htm?from=pctaglist 
https://www.ettoday.net/news/20200313/1665145.htm?from=pctaglist 
https://www.ettoday.net/news/20200302/1655432.htm?from=pctaglist 
https://www.ettoday.net/news/20200220/1650194.htm?from=pctaglist 
https://www.ettoday.net/news/20200213/1644760.htm?from=pctaglist 
https://www.ettoday.net/news/20191230/1613607.htm?from=pctaglist 
https://www.ettoday.net/news/20191226/1610986.htm?from=pctaglist 
https://www.ettoday.net/news/20191209/1597866.htm?from=pctaglist 
https://www.ettoday.net/news/20191104/1572144.htm?from=pctaglist 
https://www.ettoday.net/news/20191017/1558702.htm?from=pctaglist 
https://www.ettoday.net/news/20190812/1509967.htm?from=pctaglist 
https://www.ettoday.net/news/20190718/1492970.htm?from=pctaglist 
https://www.ettoday.net/news/20190311/1396401.htm?from=pctaglist 
https://www.ettoday.net/news/20190117/1358462.htm?from=pctaglist 
https://www.ettoday.net/news/20190104/1347891.htm?from=pctaglist 
https://www.ettoday.net/news/20200226/1654757.htm
https://www.ettoday.net/news/20200226/1654579.htm
https://www.ettoday.net/news/20200226/1654495.htm
https://www.ettoday.net/news/20200225/1653365.htm
https://www.ettoday.net/news/20200224/1653050.htm
https://www.ettoday.net/news/20200224/1652889.htm
https://www.ettoday.net/news/20200224/1652826.htm
https://www.ettoday.net/news/20200223/1652283.htm
https://www.ettoday.net/news/20200223/1650839.htm
https://www.ettoday.net/news/20200219/1649513.htm
https://www.ettoday.net/news/20200219/1649000.htm
https://www.ettoday.net/news/20200213/1644905.htm
https://www.ettoday.net/news/20200212/1644170.htm
https://fashion.ettoday.net/news/1647805
https://fashion.ettoday.net/news/1650402
https://www.ettoday.net/news/20200228/1653886.htm
https://www.ettoday.net/news/20200225/1653984.htm
https://www.ettoday.net/news/20200225/1651363.htm
https://www.ettoday.net/news/20200225/1652580.htm
https://www.ettoday.net/news/20200224/1651323.htm
https://www.ettoday.net/news/20200404/1683607.htm?from=pctaglist 
https://www.ettoday.net/news/20200403/1683242.htm?from=pctaglist 
https://www.ettoday.net/news/20200325/1676618.htm?from=pctaglist 
https://www.ettoday.net/news/20200227/1654751.htm?from=pctaglist 
https://www.ettoday.net/news/20200219/1649366.htm?from=pctaglist 
https://www.ettoday.net/news/20200208/1640843.htm?from=pctaglist 
https://www.ettoday.net/news/20200207/1640704.htm?from=pctaglist 
https://www.ettoday.net/news/20200201/1635170.htm?from=pctaglist 
https://www.ettoday.net/news/20200124/1615967.htm?from=pctaglist 
https://www.ettoday.net/news/20200107/1619535.htm?from=pctaglist 
https://www.ettoday.net/news/20200101/1615408.htm?from=pctaglist 
https://www.ettoday.net/news/20191231/1614041.htm?from=pctaglist 
https://www.ettoday.net/news/20191230/1613875.htm?from=pctaglist 
https://www.ettoday.net/news/20191221/1607041.htm?from=pctaglist 
https://www.ettoday.net/news/20191218/1604837.htm?from=pctaglist 
https://www.ettoday.net/news/20191217/1604148.htm?from=pctaglist 
https://www.ettoday.net/news/20200228/1653935.htm?from=pctaglist 
https://www.ettoday.net/news/20190422/1428091.htm?from=pctaglist 
https://www.ettoday.net/news/20190115/1355989.htm?from=pctaglist 
https://www.ettoday.net/news/20180908/1252885.htm?from=pctaglist 
https://www.ettoday.net/news/20180515/1170087.htm?from=pctaglist 
https://www.ettoday.net/news/20180309/1126570.htm?from=pctaglist 
https://www.ettoday.net/news/20180126/1100796.htm?from=pctaglist 
https://www.ettoday.net/news/20171225/1075107.htm?from=pctaglist 
https://www.ettoday.net/news/20170605/938854.htm?from=pctaglist 
https://www.ettoday.net/news/20170605/938489.htm?from=pctaglist 
https://www.ettoday.net/news/20170603/936879.htm?from=pctaglist 
https://www.ettoday.net/news/20161112/804071.htm?from=pctaglist 
https://www.ettoday.net/news/20161027/800766.htm?from=pctaglist 
https://www.ettoday.net/news/20160919/777763.htm?from=pctaglist 
https://www.ettoday.net/news/20160911/771827.htm?from=pctaglist 
https://www.ettoday.net/news/20160906/770032.htm?from=pctaglist 
https://www.ettoday.net/news/20160820/756734.htm?from=pctaglist 
https://www.ettoday.net/news/20160207/625936.htm?from=pctaglist 
https://www.ettoday.net/news/20160123/635855.htm?from=pctaglist 
https://www.ettoday.net/news/20160120/634539.htm?from=pctaglist 
https://www.ettoday.net/news/20200219/1649481.htm
https://www.ettoday.net/news/20200219/1647504.htm
https://www.ettoday.net/news/20200217/1647517.htm
https://www.ettoday.net/news/20200213/1643639.htm
/news/tag/jo malone/
https://www.ettoday.net/news/20200420/1695498.htm
https://www.ettoday.net/news/20200420/1692744.htm
https://www.ettoday.net/news/20200420/1695651.htm
https://www.ettoday.net/news/20200224/1652612.htm
https://www.ettoday.net/news/20200224/1652648.htm
/news/tag/Giorgio Armani/
https://www.ettoday.net/news/20200222/1651710.htm
https://www.ettoday.net/news/20200221/1651247.htm
https://www.ettoday.net/news/20200221/1650895.htm
https://www.ettoday.net/news/20200221/1650896.htm
/news/tag/Estee Lauder/
//fashion.ettoday.net/search.phtml?keywords=LOEWE
//fashion.ettoday.net/search.phtml?keywords=GATE
https://www.ettoday.net/news/20200219/1646443.htm
https://www.ettoday.net/news/20200216/1646673.htm
https://www.ettoday.net/news/20200213/1644863.htm
https://www.ettoday.net/news/20200211/1643094.htm
https://star.ettoday.net/column/news/%E6%AC%A1%E9%95%B7
https://www.ettoday.net/news/20200209/1641634.htm
https://www.ettoday.net/news/20200307/1662183.htm
https://www.ettoday.net/news/20200307/1662174.htm
https://www.ettoday.net/news/20200306/1661076.htm
https://www.ettoday.net/news/20200305/1660827.htm
https://www.ettoday.net/news/20200305/1660761.htm
https://www.ettoday.net/news/20200305/1660686.htm
https://www.ettoday.net/news/20200305/1660537.htm
https://www.ettoday.net/news/20200311/1664646.htm
https://www.ettoday.net/news/20200311/1665467.htm
https://www.ettoday.net/news/20200311/1665454.htm
https://www.ettoday.net/news/20200311/1665445.htm
https://www.ettoday.net/news/20200311/1665443.htm
https://www.ettoday.net/news/20200311/1665444.htm
https://www.ettoday.net/news/20200313/1666416.htm
https://www.ettoday.net/news/20200313/1666429.htm
https://www.ettoday.net/news/20200311/1664633.htm
https://www.ettoday.net/news/20200311/1664635.htm
https://www.ettoday.net/news/20200310/1664044.htm
https://www.ettoday.net/news/20200310/1664048.htm
https://www.ettoday.net/news/20200310/1664042.htm
https://www.ettoday.net/news/20200310/1663697.htm
https://www.ettoday.net/news/20200309/1663314.htm
https://www.ettoday.net/news/20200309/1663027.htm
https://www.ettoday.net/news/20200309/1663145.htm
https://www.ettoday.net/news/20200309/1663030.htm
https://www.ettoday.net/news/20200309/1663042.htm
https://www.ettoday.net/news/20200310/1664236.htm
https://www.ettoday.net/news/tag/Puglia/
https://www.ettoday.net/news/20200310/1664154.htm
https://www.ettoday.net/news/20200310/1664191.htm
https://www.ettoday.net/news/20200310/1664150.htm
https://www.ettoday.net/news/20200310/1664143.htm
https://www.ettoday.net/news/20200310/1664137.htm
https://www.ettoday.net/news/20200309/1663261.htm
https://www.ettoday.net/news/20200309/1663266.htm
https://www.ettoday.net/news/20200309/1663274.htm
https://www.ettoday.net/news/20200309/1663308.htm
https://www.ettoday.net/news/20200309/1663305.htm
https://www.ettoday.net/news/20200309/1663204.htm
https://www.ettoday.net/news/20200309/1663189.htm
https://www.ettoday.net/news/20200309/1663179.htm
https://www.ettoday.net/news/20200309/1663205.htm
https://www.ettoday.net/news/20200309/1662975.htm
https://www.ettoday.net/news/20200131/1635281.htm
https://www.ettoday.net/news/20190725/1498584.htm
https://www.ettoday.net/news/20190715/1490384.htm
https://www.ettoday.net/news/20200309/1663159.htm
https://www.ettoday.net/news/20200309/1663111.htm
https://www.ettoday.net/news/20200309/1663132.htm
https://www.ettoday.net/news/20200309/1663128.htm
https://www.ettoday.net/news/20200309/1663117.htm
https://www.ettoday.net/news/20200309/1662983.htm
https://www.ettoday.net/news/20200309/1663010.htm
https://www.ettoday.net/news/20200309/1663006.htm
https://www.ettoday.net/news/20200308/1662578.htm
https://www.ettoday.net/news/20200305/1660845.htm
https://www.ettoday.net/news/20200305/1660816.htm
https://www.ettoday.net/news/20200308/1662850.htm
https://www.ettoday.net/news/20200308/1662847.htm
https://www.ettoday.net/news/20200308/1662830.htm
https://www.ettoday.net/news/20200309/1663654.htm
https://www.ettoday.net/news/20200309/1663633.htm
https://www.ettoday.net/news/20200309/1663638.htm
https://www.ettoday.net/news/1690377
https://www.ettoday.net/news/1687264
https://www.ettoday.net/news/1684758
https://www.ettoday.net/news/1678209
https://www.ettoday.net/news/1669653
https://www.ettoday.net/news/1665676
https://www.ettoday.net/news/1660100
https://www.ettoday.net/news/1652608
https://www.ettoday.net/news/1644549
https://www.ettoday.net/news/1634232
https://www.ettoday.net/news/1629382
https://www.ettoday.net/news/1625575
https://www.ettoday.net/news/1624705
https://www.ettoday.net/news/1623818
https://www.ettoday.net/news/1623298
https://www.ettoday.net/news/1609968
https://www.ettoday.net/news/1609105
https://www.ettoday.net/news/1603008
https://www.ettoday.net/news/1583065
https://www.ettoday.net/news/1577216
https://www.ettoday.net/news/1567112
https://www.ettoday.net/news/1547243
https://www.ettoday.net/news/1536481
https://www.ettoday.net/news/1516279
https://www.ettoday.net/news/1505963
https://www.ettoday.net/news/1495828
https://www.ettoday.net/news/1480186
https://www.ettoday.net/news/1474340
https://www.ettoday.net/news/1464150
https://www.ettoday.net/news/1443398
https://www.ettoday.net/news/1435298
https://www.ettoday.net/news/1422527
https://www.ettoday.net/news/1403970
https://www.ettoday.net/news/1391664
https://www.ettoday.net/news/1377940
https://www.ettoday.net/news/1370186
https://www.ettoday.net/news/1368810
https://www.ettoday.net/news/1368247
https://www.ettoday.net/news/1355847
https://www.ettoday.net/news/1353883
https://www.ettoday.net/news/1345735
https://www.ettoday.net/news/1332947
https://www.ettoday.net/news/1331177
https://www.ettoday.net/news/1331071
https://www.ettoday.net/news/1321525
https://www.ettoday.net/news/1319881
https://www.ettoday.net/news/1319865
https://www.ettoday.net/news/1314955
https://www.ettoday.net/news/1305183
https://www.ettoday.net/news/1298403
https://www.ettoday.net/news/1292804
https://www.ettoday.net/news/1291224
https://www.ettoday.net/news/1288543
https://www.ettoday.net/news/1281617
https://www.ettoday.net/news/1276295
https://www.ettoday.net/news/1266852
https://www.ettoday.net/news/1256055
https://www.ettoday.net/news/1244779
https://www.ettoday.net/news/1224279
https://www.ettoday.net/news/1214799
https://www.ettoday.net/news/1203590
https://www.ettoday.net/news/1191806
https://www.ettoday.net/news/1183813
https://forum.ettoday.net/news/1657893
https://forum.ettoday.net/news/1657879
https://forum.ettoday.net/news/1657876
https://forum.ettoday.net/news/1657836
https://forum.ettoday.net/news/1668938
https://forum.ettoday.net/news/1669208
https://forum.ettoday.net/news/1666974
https://forum.ettoday.net/search.phtml?keyword=RNA
https://forum.ettoday.net/news/1668867
https://forum.ettoday.net/news/1669629
https://forum.ettoday.net/news/1669598
https://forum.ettoday.net/news/1669607
https://forum.ettoday.net/news/1669581
https://forum.ettoday.net/news/1669596
https://forum.ettoday.net/news/1669235
https://forum.ettoday.net/news/1669655
https://forum.ettoday.net/news/1669646
https://forum.ettoday.net/news/1669622
https://forum.ettoday.net/news/1669634
https://forum.ettoday.net/news/1669592
https://forum.ettoday.net/news/1668669
https://forum.ettoday.net/news/1669377
https://forum.ettoday.net/news/1669332
https://forum.ettoday.net/news/1669159
https://www.ettoday.net/news/20200312/1666111.htm
https://www.ettoday.net/news/20200312/1666131.htm
https://www.ettoday.net/news/20200312/1666120.htm
https://www.ettoday.net/news/20200312/1666125.htm
https://www.ettoday.net/news/20200312/1666272.htm
https://www.ettoday.net/news/20200312/1666285.htm
https://www.ettoday.net/news/20200312/1666270.htm
https://www.ettoday.net/news/20200312/1666275.htm
https://www.ettoday.net/news/20200312/1666256.htm
https://www.ettoday.net/news/20200312/1665896.htm
https://www.ettoday.net/news/20200312/1665901.htm
https://www.ettoday.net/news/20200312/1665898.htm
https://www.ettoday.net/news/20200312/1665883.htm
https://www.ettoday.net/news/20200312/1665888.htm
/news/tag/Rita Wilson/
https://www.ettoday.net/news/20200312/1665634.htm
https://www.ettoday.net/news/20200312/1665856.htm
https://www.ettoday.net/news/20200312/1665851.htm
https://www.ettoday.net/news/20200312/1665838.htm
https://www.ettoday.net/news/20200312/1665831.htm
https://www.ettoday.net/news/20200309/1663657.htm
/news/tag/Rodrigo Duterte/
https://twitter.com/ShamsCharania/status/1238118755777105921?ref_src=twsrc%5Etfw
https://www.ettoday.net/news/20200313/1666971.htm
https://www.ettoday.net/news/20200312/1666412.htm
https://www.ettoday.net/news/20200312/1666410.htm
https://twitter.com/wojespn/status/1238114778167599110?ref_src=twsrc%5Etfw
https://www.ettoday.net/news/20200312/1665857.htm
https://www.ettoday.net/news/20200312/1665884.htm
https://www.facebook.com/erikjiang2580/posts/3517601248314711
https://www.ettoday.net/news/20200310/1664473.htm
https://www.ettoday.net/news/20200312/1665977.htm
https://www.ettoday.net/news/20200312/1665974.htm
https://www.ettoday.net/news/20200312/1665968.htm
https://www.ettoday.net/news/20200312/1665973.htm
https://www.ettoday.net/news/20200312/1665627.htm
https://www.ettoday.net/news/20200311/1665384.htm
https://www.ettoday.net/news/20200312/1666302.htm
https://www.ettoday.net/news/20200312/1666338.htm
https://www.ettoday.net/news/20200312/1666306.htm
https://www.ettoday.net/news/20200312/1666324.htm
https://www.ettoday.net/news/20200312/1665850.htm
https://www.ettoday.net/news/20200312/1665868.htm
https://health.ettoday.net/news/1664916?redirect=1
https://health.ettoday.net/news/1664384?redirect=1
https://www.ettoday.net/news/20200312/1666145.htm
https://www.ettoday.net/news/20200312/1666147.htm
https://www.ettoday.net/news/20200312/1666124.htm
https://t.co/5ZUsqW2Fk9
https://twitter.com/ClutchPointsApp/status/1237935382051737600?ref_src=twsrc%5Etfw
https://www.ettoday.net/news/20200312/1666070.htm
https://www.ettoday.net/news/20200312/1666057.htm
https://www.ettoday.net/news/20200312/1666043.htm
https://www.ettoday.net/news/20200312/1666261.htm
https://www.ettoday.net/news/20200312/1666254.htm
https://www.ettoday.net/news/20200312/1666253.htm
https://www.ettoday.net/news/20200312/1666249.htm
https://www.ettoday.net/news/20200312/1666216.htm
https://www.ettoday.net/news/20200313/1667118.htm
https://www.ettoday.net/news/20200313/1667105.htm
https://www.ettoday.net/news/20200313/1667108.htm
https://www.ettoday.net/news/20200306/1661460.htm
https://www.ettoday.net/news/20200306/1660910.htm
https://www.ettoday.net/news/20200305/1660852.htm
https://www.ettoday.net/news/tag/RM/
https://www.ettoday.net/news/20200219/1648859.htm
https://www.ettoday.net/news/20200125/1608815.htm
https://www.ettoday.net/news/20200123/1632194.htm
https://www.ettoday.net/news/20200109/1621802.htm
/news/tag/Produce 101/
https://www.ettoday.net/news/20200225/1653168.htm
https://www.ettoday.net/news/20200223/1652258.htm
https://www.ettoday.net/news/20200220/1649641.htm
https://www.ettoday.net/news/20200116/1627192.htm
https://www.ettoday.net/news/tag/NCT/
https://www.ettoday.net/news/20200306/1661160.htm
https://www.ettoday.net/news/20200305/1660785.htm
/news/tag/Tom Holland/
/news/tag/Max von Sydow/
https://www.ettoday.net/news/20200306/1660909.htm
https://www.ettoday.net/news/20200305/1660811.htm
https://www.ettoday.net/news/20200305/1660751.htm
https://www.ettoday.net/news/20200305/1660344.htm
https://www.ettoday.net/news/20200305/1660323.htm
https://www.ettoday.net/news/20200305/1659923.htm
https://www.ettoday.net/news/20200220/1649643.htm
https://www.ettoday.net/news/20200212/1643439.htm
https://www.ettoday.net/news/20200209/1641439.htm
https://www.ettoday.net/news/20181204/1322683.htm
https://www.ettoday.net/news/20200305/1659919.htm
/news/tag/Warren Brown/
https://www.ettoday.net/news/20200305/1659911.htm
https://www.ettoday.net/news/20200306/1661427.htm
https://www.ettoday.net/news/20200306/1660747.htm
https://www.ettoday.net/news/20200304/1659900.htm
https://www.ettoday.net/news/20200305/1660697.htm
/news/tag/Vo Ngoc Tran/
https://www.ettoday.net/news/20200310/1664602.htm?from=pctaglist 
https://www.ettoday.net/news/20191219/1604276.htm?from=pctaglist 
https://www.ettoday.net/news/20190906/1529918.htm?from=pctaglist 
https://www.ettoday.net/news/20190621/1472743.htm?from=pctaglist 
https://www.ettoday.net/news/20190424/1429925.htm?from=pctaglist 
https://www.ettoday.net/news/20190215/1379214.htm?from=pctaglist 
https://www.ettoday.net/news/20181028/1291219.htm?from=pctaglist 
https://www.ettoday.net/news/20180815/1235644.htm?from=pctaglist 
https://www.ettoday.net/news/20180611/1188276.htm?from=pctaglist 
https://www.ettoday.net/news/20180227/1120435.htm?from=pctaglist 
https://www.ettoday.net/news/20180129/1102907.htm?from=pctaglist 
https://www.ettoday.net/news/20171231/1083547.htm?from=pctaglist 
https://www.ettoday.net/news/20171230/1082795.htm?from=pctaglist 
https://www.ettoday.net/news/20171230/1082796.htm?from=pctaglist 
https://www.ettoday.net/news/20171229/1082742.htm?from=pctaglist 
https://www.ettoday.net/news/20171229/1082743.htm?from=pctaglist 
https://www.ettoday.net/news/20171229/1082741.htm?from=pctaglist 
https://www.ettoday.net/news/20171207/1068153.htm?from=pctaglist 
https://www.ettoday.net/news/20171121/1056030.htm?from=pctaglist 
https://www.ettoday.net/news/20171118/1054869.htm?from=pctaglist 
https://www.ettoday.net/news/20200310/1663831.htm
https://www.ettoday.net/news/20200310/1664064.htm
https://www.ettoday.net/news/20200310/1664011.htm
https://t.co/1h4luoEjh4
https://twitter.com/ecoyuri/status/1236673615082340353?ref_src=twsrc%5Etfw
https://www.ettoday.net/news/20200210/1642395.htm
https://www.ettoday.net/news/20200310/1663937.htm
https://www.ettoday.net/news/20200310/1663938.htm
https://www.ettoday.net/news/20200310/1663945.htm
https://www.ettoday.net/news/20200310/1663930.htm
https://www.ettoday.net/news/20200311/1665032.htm
https://www.ettoday.net/news/20200311/1665045.htm
https://www.ettoday.net/news/tag/311/
