https://www.facebook.com/ETtoday
https://www.instagram.com/ettodaytw/
https://www.weibo.com/ettodaynet
https://www.ettoday.net/events/app/ettoday_app.htm
https://member.ettoday.net/member2018/login.php
https://www.ettoday.net/feature/covid19?from=et_pc_index
https://www.ettoday.net/news/focus/%E7%84%A6%E9%BB%9E%E6%96%B0%E8%81%9E/
https://boba.ettoday.net
https://www.ettoday.net/feature/index
https://events.ettoday.net/metroaward2019/
https://www.ettoday.net/feature/linetv2019
https://www.ettoday.net/feature/covid19
https://www.ettoday.net/feature/doh
https://www.ettoday.net/feature/TDCC
https://www.ettoday.net/feature/theyearof5g
https://boba.ettoday.net/category/266
https://junglevoice.ettoday.net/index.php
https://events.ettoday.net/activity/dalemon_inlove
https://events.ettoday.net/activity/taoyuan2020
https://events.ettoday.net/activity/bravomyhero
https://events.ettoday.net/activity/2020ehsartcontest
https://events.ettoday.net/activity/mothersday2020
https://events.ettoday.net/activity/ublbaseball
https://www.ettoday.net/news/focus/%E6%94%BF%E6%B2%BB/
https://www.ettoday.net/news/focus/%E7%94%9F%E6%B4%BB/
https://www.ettoday.net/news/focus/%E5%9C%8B%E9%9A%9B/
https://www.ettoday.net/news/focus/%E6%96%B0%E8%81%9E%E9%9B%B2APP/%E7%BE%8E%E6%B4%B2%E8%A6%81%E8%81%9E/
https://www.ettoday.net/news/focus/%E6%96%B0%E8%81%9E%E9%9B%B2APP/%E6%9D%B1%E5%8D%97%E4%BA%9E%E8%A6%81%E8%81%9E/
https://www.ettoday.net/news/focus/%E6%96%B0%E8%81%9E%E9%9B%B2APP/%E6%97%A5%E9%9F%93%E8%A6%81%E8%81%9E/
https://www.ettoday.net/news/focus/%E6%96%B0%E8%81%9E%E9%9B%B2APP/%E6%85%A7%E7%9C%BC%E7%9C%8B%E5%A4%A9%E4%B8%8B/
https://www.ettoday.net/news/focus/%E7%A4%BE%E6%9C%83/
https://www.ettoday.net/news/focus/%E5%A4%A7%E9%99%B8/
https://www.ettoday.net/news/focus/%E5%A4%A7%E9%99%B8/%E8%8F%AF%E8%81%9E%E5%BF%AB%E9%81%9E/
https://www.ettoday.net/news/focus/%E5%A4%A7%E9%99%B8/%E7%89%B9%E6%B4%BE%E7%8F%BE%E5%A0%B4/
https://boba.ettoday.net/category/275
https://www.ettoday.net/news/focus/%E5%9C%B0%E6%96%B9/
https://www.ettoday.net/news/focus/%E8%BB%8D%E6%AD%A6/
https://www.ettoday.net/news/focus/%E8%B2%A1%E7%B6%93/
https://www.ettoday.net/news/focus/%E6%96%B0%E8%81%9E%E9%9B%B2APP/%E9%87%91%E6%8E%A7/
https://www.ettoday.net/news/focus/%E6%96%B0%E8%81%9E%E9%9B%B2APP/%E6%95%B8%E5%82%B3%E5%AA%92/
https://forum.ettoday.net/
https://house.ettoday.net/
https://www.ettoday.net/survey/
https://www.ettoday.net/feature/%E5%A4%A7%E8%80%81%E9%97%86%E5%82%B3%E5%A5%87
https://star.ettoday.net
https://movies.ettoday.net/
https://sports.ettoday.net/
https://boba.ettoday.net/category/255
https://shopping.ettoday.net/
https://speed.ettoday.net/
https://fashion.ettoday.net/
https://fashion.ettoday.net/focus/%E5%90%8D%E4%BA%BA
https://fashion.ettoday.net/focus/%E6%99%82%E5%B0%9A
https://fashion.ettoday.net/focus/%E5%A5%A2%E9%80%B8
https://fashion.ettoday.net/focus/%E6%BD%AE%E6%B5%81
https://fashion.ettoday.net/focus/%E7%BE%8E%E9%BA%97
https://fashion.ettoday.net/focus/%E7%94%9F%E6%B4%BB
https://pets.ettoday.net/
https://pets.ettoday.net/focus/%E5%AF%B5%E7%89%A9%E5%A5%BD%E8%90%8C
https://pets.ettoday.net/focus/%E5%AF%B5%E7%89%A9%E7%99%BE%E7%A7%91
https://pets.ettoday.net/focus/%E5%8B%95%E7%89%A9%E7%86%B1%E6%90%9C
https://travel.ettoday.net/
https://travel.ettoday.net/focus/%E7%BE%8E%E9%A3%9F%E5%9C%B0%E5%9C%96/
https://game.ettoday.net/
https://www.ettoday.net/news/focus/%E7%94%9F%E6%B4%BB/%E6%B0%A3%E8%B1%A1/
https://www.ettoday.net/news/focus/3C%E5%AE%B6%E9%9B%BB/
https://www.ettoday.net/news/focus/3C%E5%AE%B6%E9%9B%BB/%E5%AE%B6%E9%9B%BB/
https://health.ettoday.net/
https://health.ettoday.net/category/%E9%86%AB%E8%97%A5%E6%96%B0%E8%81%9E
https://health.ettoday.net/category/%E5%85%A9%E6%80%A7
https://health.ettoday.net/category/%E9%A3%B2%E9%A3%9F
https://health.ettoday.net/category/%E7%99%BE%E7%A7%91
https://discovery.ettoday.net/
https://www.ettoday.net/news/tag/%E8%A6%AA%E5%AD%90/
https://www.ettoday.net/news/focus/%E6%B3%95%E5%BE%8B/
https://events.ettoday.net/charity/index.php
https://events.ettoday.net/grace/
https://www.ettoday.net/news/focus/%E4%BF%9D%E9%9A%AA/
https://www.ettoday.net/news/focus/%E6%96%B0%E8%81%9E%E9%9B%B2APP/%E6%96%B0%E9%80%A3%E9%8E%96/
https://www.ettoday.net/news/20200524/1721661.htm
https://www.ettoday.net/news/20200524/1721679.htm
https://www.ettoday.net/news/20200524/1721443.htm
https://www.ettoday.net/news/20200524/1721653.htm
https://www.ettoday.net/news/20200524/1721674.htm
https://www.ettoday.net/news/20200524/1721688.htm
https://www.ettoday.net/news/20200524/1721662.htm
https://www.ettoday.net/news/20200524/1721633.htm
https://www.ettoday.net/news/20200524/1721678.htm
https://www.ettoday.net/news/20200520/1707863.htm
https://www.ettoday.net/news/20200524/1721248.htm
https://www.ettoday.net/news/20200521/1719344.htm
https://www.ettoday.net/news/20200523/1721102.htm
https://www.ettoday.net/news/20200522/1720412.htm
https://www.ettoday.net/news/20200522/1720176.htm
https://www.ettoday.net/news/20200524/1721243.htm
https://www.ettoday.net/news/20200522/1720314.htm
https://www.ettoday.net/news/20200523/1720680.htm
https://www.ettoday.net/news/20200523/1721218.htm
https://www.ettoday.net/news/20200524/1721650.htm
https://www.ettoday.net/news/20200524/1721671.htm
https://www.ettoday.net/news/20200524/1721663.htm
https://www.ettoday.net/news/20200524/1721669.htm
https://www.ettoday.net/news/20200524/1721658.htm
https://www.ettoday.net/news/20200524/1721583.htm
https://www.ettoday.net/news/20200524/1721608.htm
https://www.ettoday.net/news/20200524/1721577.htm
https://www.ettoday.net/news/20200524/1721586.htm
https://www.ettoday.net/news/20200524/1721566.htm
https://www.ettoday.net/news/20200524/1721477.htm
https://www.ettoday.net/news/20200524/1721529.htm
https://www.ettoday.net/news/20200524/1721430.htm
https://www.ettoday.net/news/20200524/1721630.htm
https://www.ettoday.net/news/20200524/1721677.htm
https://www.ettoday.net/news/20200524/1721667.htm
https://www.ettoday.net/news/20200524/1721655.htm
https://www.ettoday.net/news/20200524/1721640.htm
https://www.ettoday.net/news/20200524/1721622.htm
https://www.ettoday.net/news/20200524/1721627.htm
https://www.ettoday.net/news/20200524/1721664.htm
https://www.ettoday.net/news/20200524/1721375.htm
https://www.ettoday.net/news/20200524/1721486.htm
https://www.ettoday.net/news/20200524/1721460.htm
https://www.ettoday.net/news/20200524/1721462.htm
https://www.ettoday.net/news/20200524/1721475.htm
https://www.ettoday.net/news/20200524/1721455.htm
https://www.ettoday.net/news/20200524/1721472.htm
//boba.ettoday.net/hotvideo?from=pc_front
//boba.ettoday.net/videonews/215356?from=pc_front
//boba.ettoday.net/videonews/215232?from=pc_front
//boba.ettoday.net/videonews/215186?from=pc_front
//boba.ettoday.net/videonews/215380?from=pc_front
//boba.ettoday.net/videonews/215398?from=pc_front
//boba.ettoday.net/videonews/215188?from=pc_front
https://www.ettoday.net/news/20200524/1721631.htm
https://www.ettoday.net/news/20200524/1721635.htm
https://www.ettoday.net/news/20200524/1721690.htm
https://www.ettoday.net/news/20200524/1721686.htm
https://www.ettoday.net/news/20200524/1721685.htm
https://www.ettoday.net/news/20200524/1721567.htm
https://www.ettoday.net/news/20200524/1705334.htm
https://www.ettoday.net/news/20200524/1721684.htm
https://www.ettoday.net/news/20200524/1721681.htm
https://www.ettoday.net/news/20200524/1719624.htm
https://www.ettoday.net/news/20200524/1718867.htm
https://www.ettoday.net/news/20200524/1721680.htm
https://www.ettoday.net/news/20200524/1721676.htm
https://weibo.com/ettodaynet
https://twitter.com/ETtodaytw
http://www.emic.com.tw
https://www.ettoday.net/sitemap.htm
https://www.ettoday.net/member/clause_privacy.php
https://www.ettoday.net/member/clause_copyright.php
https://www.ettoday.net/member/clause_duty.php
