https://www.ettoday.net/news/20200615/1737776.htm?ercamp=hot_news
https://www.ettoday.net/news/20200615/1737796.htm?ercamp=hot_news
https://www.ettoday.net/news/20200614/1727215.htm?ercamp=hot_news
https://www.ettoday.net/news/20200615/1737779.htm?ercamp=hot_news
https://www.ettoday.net/news/20200612/1736751.htm?ercamp=hot_news
https://www.ettoday.net/news/20200613/1736861.htm?ercamp=hot_news
https://www.ettoday.net/news/20200613/1736823.htm?ercamp=hot_news
https://www.ettoday.net/news/20200614/1737754.htm?ercamp=hot_news
https://www.ettoday.net/news/20200614/1737740.htm?ercamp=hot_news
https://www.ettoday.net/news/20200614/1737477.htm?ercamp=hot_news
https://www.ettoday.net/news/20200614/1737484.htm?ercamp=hot_news
https://www.ettoday.net/news/20190418/1424839.htm?ercamp=hot_news
https://www.ettoday.net/news/20200614/1737674.htm?ercamp=hot_news
//boba.ettoday.net/videonews/218659?from=et_pc_sidebar
//boba.ettoday.net/videonews/218572?from=et_pc_sidebar
//boba.ettoday.net/videonews/218564?from=et_pc_sidebar
//boba.ettoday.net/videonews/218412?from=et_pc_sidebar
//boba.ettoday.net/videonews/218604?from=et_pc_sidebar
https://boba.ettoday.net
https://www.ettoday.net/feature/index
https://events.ettoday.net/metroaward2019/
https://www.ettoday.net/feature/linetv2019
https://www.ettoday.net/feature/covid19
https://www.ettoday.net/feature/doh
https://www.ettoday.net/feature/TDCC
https://www.ettoday.net/feature/theyearof5g
https://boba.ettoday.net/category/266
https://junglevoice.ettoday.net/index.php
https://events.ettoday.net/activity/dalemon_inlove
https://events.ettoday.net/activity/taoyuan2020
https://events.ettoday.net/activity/bravomyhero
https://events.ettoday.net/activity/2020ehsartcontest
https://events.ettoday.net/activity/mothersday2020
https://events.ettoday.net/activity/ublbaseball
https://www.ettoday.net/news/focus/%E6%94%BF%E6%B2%BB/
https://www.ettoday.net/news/focus/%E7%94%9F%E6%B4%BB/
https://www.ettoday.net/news/focus/%E5%9C%8B%E9%9A%9B/
https://www.ettoday.net/news/focus/%E6%96%B0%E8%81%9E%E9%9B%B2APP/%E7%BE%8E%E6%B4%B2%E8%A6%81%E8%81%9E/
https://www.ettoday.net/news/focus/%E6%96%B0%E8%81%9E%E9%9B%B2APP/%E6%9D%B1%E5%8D%97%E4%BA%9E%E8%A6%81%E8%81%9E/
https://www.ettoday.net/news/focus/%E6%96%B0%E8%81%9E%E9%9B%B2APP/%E6%97%A5%E9%9F%93%E8%A6%81%E8%81%9E/
https://www.ettoday.net/news/focus/%E6%96%B0%E8%81%9E%E9%9B%B2APP/%E6%85%A7%E7%9C%BC%E7%9C%8B%E5%A4%A9%E4%B8%8B/
https://www.ettoday.net/news/focus/%E7%A4%BE%E6%9C%83/
https://www.ettoday.net/news/focus/%E5%A4%A7%E9%99%B8/
https://www.ettoday.net/news/focus/%E5%A4%A7%E9%99%B8/%E8%8F%AF%E8%81%9E%E5%BF%AB%E9%81%9E/
https://www.ettoday.net/news/focus/%E5%A4%A7%E9%99%B8/%E7%89%B9%E6%B4%BE%E7%8F%BE%E5%A0%B4/
https://boba.ettoday.net/category/275
https://www.ettoday.net/news/focus/%E5%9C%B0%E6%96%B9/
https://www.ettoday.net/news/focus/%E8%BB%8D%E6%AD%A6/
https://www.ettoday.net/news/focus/%E8%B2%A1%E7%B6%93/
https://www.ettoday.net/news/focus/%E6%96%B0%E8%81%9E%E9%9B%B2APP/%E9%87%91%E6%8E%A7/
https://www.ettoday.net/news/focus/%E6%96%B0%E8%81%9E%E9%9B%B2APP/%E6%95%B8%E5%82%B3%E5%AA%92/
https://forum.ettoday.net/
https://house.ettoday.net/
https://www.ettoday.net/survey/
https://www.ettoday.net/feature/%E5%A4%A7%E8%80%81%E9%97%86%E5%82%B3%E5%A5%87
https://star.ettoday.net
https://movies.ettoday.net/
https://sports.ettoday.net/
https://boba.ettoday.net/category/255
https://shopping.ettoday.net/
https://speed.ettoday.net/
https://fashion.ettoday.net/
https://fashion.ettoday.net/focus/%E5%90%8D%E4%BA%BA
https://fashion.ettoday.net/focus/%E6%99%82%E5%B0%9A
https://fashion.ettoday.net/focus/%E5%A5%A2%E9%80%B8
https://fashion.ettoday.net/focus/%E6%BD%AE%E6%B5%81
https://fashion.ettoday.net/focus/%E7%BE%8E%E9%BA%97
https://fashion.ettoday.net/focus/%E7%94%9F%E6%B4%BB
https://pets.ettoday.net/
https://pets.ettoday.net/focus/%E5%AF%B5%E7%89%A9%E5%A5%BD%E8%90%8C
https://pets.ettoday.net/focus/%E5%AF%B5%E7%89%A9%E7%99%BE%E7%A7%91
https://pets.ettoday.net/focus/%E5%8B%95%E7%89%A9%E7%86%B1%E6%90%9C
https://travel.ettoday.net/
https://travel.ettoday.net/focus/%E7%BE%8E%E9%A3%9F%E5%9C%B0%E5%9C%96/
https://game.ettoday.net/
https://www.ettoday.net/news/focus/%E7%94%9F%E6%B4%BB/%E6%B0%A3%E8%B1%A1/
https://www.ettoday.net/news/focus/3C%E5%AE%B6%E9%9B%BB/
https://www.ettoday.net/news/focus/3C%E5%AE%B6%E9%9B%BB/%E5%AE%B6%E9%9B%BB/
https://health.ettoday.net/
https://health.ettoday.net/category/%E9%86%AB%E8%97%A5%E6%96%B0%E8%81%9E
https://health.ettoday.net/category/%E5%85%A9%E6%80%A7
https://health.ettoday.net/category/%E9%A3%B2%E9%A3%9F
https://health.ettoday.net/category/%E7%99%BE%E7%A7%91
https://discovery.ettoday.net/
https://www.ettoday.net/news/tag/%E8%A6%AA%E5%AD%90/
https://www.ettoday.net/news/focus/%E6%B3%95%E5%BE%8B/
https://events.ettoday.net/charity/index.php
https://events.ettoday.net/grace/
https://www.ettoday.net/news/focus/%E4%BF%9D%E9%9A%AA/
https://www.ettoday.net/news/focus/%E6%96%B0%E8%81%9E%E9%9B%B2APP/%E6%96%B0%E9%80%A3%E9%8E%96/
https://www.ettoday.net/news/20200524/1721661.htm
https://www.ettoday.net/news/20200615/1737892.htm
https://www.ettoday.net/news/20200615/1737886.htm
https://www.ettoday.net/news/20200615/1737858.htm
https://www.ettoday.net/news/20200615/1737815.htm
https://www.ettoday.net/news/20200615/1737768.htm
https://www.ettoday.net/news/20200615/1737828.htm
//boba.ettoday.net/videonews/218575?from=et_pc_sidebar
https://www.ettoday.net/news/20200615/1737921.htm
https://www.ettoday.net/news/20200615/1737922.htm
https://www.ettoday.net/news/20200615/1737849.htm
https://www.ettoday.net/news/20200615/1736702.htm
https://www.ettoday.net/news/20200615/1737895.htm
https://www.ettoday.net/news/20200615/1737889.htm
https://www.ettoday.net/news/20200615/1737916.htm
https://www.ettoday.net/news/20200615/1737905.htm
